[32mINFO    [0m integration.ha_tests.test_upgrade:test_upgrade.py:162 starting continuous writes to the database
[32mINFO    [0m integration.ha_tests.test_upgrade:test_upgrade.py:166 checking whether writes are increasing
[32mINFO    [0m httpx:_client.py:1038 HTTP Request: GET https://10.145.253.48:16443/api/v1/namespaces/test/pods/postgresql-k8s-1 "HTTP/1.1 200 OK"
[32mINFO    [0m httpx:_client.py:1038 HTTP Request: GET https://10.145.253.48:16443/api/v1/namespaces/test/pods/postgresql-k8s-2 "HTTP/1.1 200 OK"
[32mINFO    [0m httpx:_client.py:1038 HTTP Request: GET https://10.145.253.48:16443/api/v1/namespaces/test/pods/postgresql-k8s-1 "HTTP/1.1 200 OK"
[32mINFO    [0m httpx:_client.py:1038 HTTP Request: GET https://10.145.253.48:16443/api/v1/namespaces/test/pods/postgresql-k8s-2 "HTTP/1.1 200 OK"
[32mINFO    [0m httpx:_client.py:1038 HTTP Request: GET https://10.145.253.48:16443/api/v1/namespaces/test/pods/postgresql-k8s-1 "HTTP/1.1 200 OK"
[32mINFO    [0m httpx:_client.py:1038 HTTP Request: GET https://10.145.253.48:16443/api/v1/namespaces/test/pods/postgresql-k8s-2 "HTTP/1.1 200 OK"
[32mINFO    [0m integration.ha_tests.test_upgrade:test_upgrade.py:169 Get leader unit
[32mINFO    [0m integration.ha_tests.test_upgrade:test_upgrade.py:175 Run pre-upgrade-check action
[32mINFO    [0m integration.ha_tests.test_upgrade:test_upgrade.py:175 Run pre-upgrade-check action
[32mINFO    [0m integration.ha_tests.test_upgrade:test_upgrade.py:191 Inject dependency fault
[32mINFO    [0m integration.ha_tests.test_upgrade:test_upgrade.py:196 Refresh the charm
[32mINFO    [0m integration.ha_tests.test_upgrade:test_upgrade.py:199 Get first upgrading unit
[32mINFO    [0m integration.ha_tests.test_upgrade:test_upgrade.py:203 Wait for upgrade to fail on first upgrading unit
[32mINFO    [0m integration.ha_tests.test_upgrade:test_upgrade.py:210 Ensure continuous_writes while in failure state on remaining units
[32mINFO    [0m httpx:_client.py:1038 HTTP Request: GET https://10.145.253.48:16443/api/v1/namespaces/test/pods/postgresql-k8s-0 "HTTP/1.1 200 OK"
[32mINFO    [0m httpx:_client.py:1038 HTTP Request: GET https://10.145.253.48:16443/api/v1/namespaces/test/pods/postgresql-k8s-1 "HTTP/1.1 200 OK"
[32mINFO    [0m httpx:_client.py:1038 HTTP Request: GET https://10.145.253.48:16443/api/v1/namespaces/test/pods/postgresql-k8s-0 "HTTP/1.1 200 OK"
[32mINFO    [0m httpx:_client.py:1038 HTTP Request: GET https://10.145.253.48:16443/api/v1/namespaces/test/pods/postgresql-k8s-1 "HTTP/1.1 200 OK"
[32mINFO    [0m httpx:_client.py:1038 HTTP Request: GET https://10.145.253.48:16443/api/v1/namespaces/test/pods/postgresql-k8s-0 "HTTP/1.1 200 OK"
[32mINFO    [0m httpx:_client.py:1038 HTTP Request: GET https://10.145.253.48:16443/api/v1/namespaces/test/pods/postgresql-k8s-1 "HTTP/1.1 200 OK"
[32mINFO    [0m integration.ha_tests.test_upgrade:test_upgrade.py:213 Re-run pre-upgrade-check action
[32mINFO    [0m integration.ha_tests.test_upgrade:test_upgrade.py:217 Re-refresh the charm
[32mINFO    [0m juju.model:model.py:2972 Waiting for model:
  postgresql-k8s/0 [idle] waiting: other units upgrading first...
  postgresql-k8s/1 [idle] waiting: other units upgrading first...
  postgresql-k8s/2 [idle] maintenance: upgrade completed
[32mINFO    [0m juju.model:model.py:2972 Waiting for model:
  postgresql-k8s/0 [idle] waiting: other units upgrading first...
  postgresql-k8s/1 [executing] waiting: other units upgrading first...
  postgresql-k8s/2 [idle] maintenance: upgrade completed
[32mINFO    [0m juju.model:model.py:2972 Waiting for model:
  postgresql-k8s/1 [idle] waiting: other units upgrading first...
[32mINFO    [0m integration.ha_tests.test_upgrade:test_upgrade.py:229 checking whether writes are increasing
[32mINFO    [0m httpx:_client.py:1038 HTTP Request: GET https://10.145.253.48:16443/api/v1/namespaces/test/pods/postgresql-k8s-0 "HTTP/1.1 200 OK"
[32mINFO    [0m httpx:_client.py:1038 HTTP Request: GET https://10.145.253.48:16443/api/v1/namespaces/test/pods/postgresql-k8s-1 "HTTP/1.1 200 OK"
[32mINFO    [0m httpx:_client.py:1038 HTTP Request: GET https://10.145.253.48:16443/api/v1/namespaces/test/pods/postgresql-k8s-0 "HTTP/1.1 200 OK"
[32mINFO    [0m httpx:_client.py:1038 HTTP Request: GET https://10.145.253.48:16443/api/v1/namespaces/test/pods/postgresql-k8s-1 "HTTP/1.1 200 OK"
[32mINFO    [0m httpx:_client.py:1038 HTTP Request: GET https://10.145.253.48:16443/api/v1/namespaces/test/pods/postgresql-k8s-0 "HTTP/1.1 200 OK"
[32mINFO    [0m httpx:_client.py:1038 HTTP Request: GET https://10.145.253.48:16443/api/v1/namespaces/test/pods/postgresql-k8s-1 "HTTP/1.1 200 OK"
[32mINFO    [0m integration.ha_tests.test_upgrade:test_upgrade.py:232 Resume upgrade
[32mINFO    [0m integration.ha_tests.test_upgrade:test_upgrade.py:236 Wait for application to recover
[32mINFO    [0m juju.model:model.py:2972 Waiting for model:
  postgresql-k8s/0 [idle] waiting: other units upgrading first...
  postgresql-k8s/1 [executing] maintenance: stopping charm software
  postgresql-k8s/2 [idle] maintenance: upgrade completed
[32mINFO    [0m juju.model:model.py:2972 Waiting for model:
  postgresql-k8s/0 [idle] waiting: other units upgrading first...
  postgresql-k8s/1 [executing] maintenance: upgrading unit
  postgresql-k8s/2 [idle] maintenance: upgrade completed
[32mINFO    [0m juju.model:model.py:2972 Waiting for model:
  postgresql-k8s/0 [idle] waiting: other units upgrading first...
  postgresql-k8s/1 [idle] waiting: awaiting for cluster to start
  postgresql-k8s/2 [idle] maintenance: upgrade completed
[32mINFO    [0m juju.model:model.py:2972 Waiting for model:
  postgresql-k8s/0 [idle] waiting: other units upgrading first...
  postgresql-k8s/1 [idle] waiting: awaiting for cluster to start
  postgresql-k8s/2 [idle] maintenance: upgrade completed
[32mINFO    [0m juju.model:model.py:2972 Waiting for model:
  postgresql-k8s/0 [idle] maintenance: 
  postgresql-k8s/1 [idle] maintenance: upgrade completed
  postgresql-k8s/2 [idle] maintenance: upgrade completed
[32mINFO    [0m juju.model:model.py:2972 Waiting for model:
  postgresql-k8s/0 [executing] waiting: awaiting for cluster to start
  postgresql-k8s/1 [idle] maintenance: upgrade completed
  postgresql-k8s/2 [idle] maintenance: upgrade completed
[32mINFO    [0m juju.model:model.py:2972 Waiting for model:
  postgresql-k8s/0 [executing] maintenance: upgrade completed
  postgresql-k8s/1 [executing] maintenance: upgrade completed
  postgresql-k8s/2 [executing] maintenance: upgrade completed
[32mINFO    [0m juju.model:model.py:2972 Waiting for model:
  postgresql-k8s/0 [executing] active: 
  postgresql-k8s/1 [executing] active: 
  postgresql-k8s/2 [executing] active: 
[32mINFO    [0m juju.model:model.py:2972 Waiting for model:
  postgresql-k8s/0 [idle] active: 
  postgresql-k8s/1 [idle] active: 
  postgresql-k8s/2 [idle] active: 
[32mINFO    [0m integration.ha_tests.test_upgrade:test_upgrade.py:242 Ensure continuous_writes after rollback procedure
[32mINFO    [0m httpx:_client.py:1038 HTTP Request: GET https://10.145.253.48:16443/api/v1/namespaces/test/pods/postgresql-k8s-1 "HTTP/1.1 200 OK"
[32mINFO    [0m httpx:_client.py:1038 HTTP Request: GET https://10.145.253.48:16443/api/v1/namespaces/test/pods/postgresql-k8s-2 "HTTP/1.1 200 OK"
[32mINFO    [0m httpx:_client.py:1038 HTTP Request: GET https://10.145.253.48:16443/api/v1/namespaces/test/pods/postgresql-k8s-1 "HTTP/1.1 200 OK"
[32mINFO    [0m httpx:_client.py:1038 HTTP Request: GET https://10.145.253.48:16443/api/v1/namespaces/test/pods/postgresql-k8s-2 "HTTP/1.1 200 OK"
[32mINFO    [0m httpx:_client.py:1038 HTTP Request: GET https://10.145.253.48:16443/api/v1/namespaces/test/pods/postgresql-k8s-1 "HTTP/1.1 200 OK"
[32mINFO    [0m httpx:_client.py:1038 HTTP Request: GET https://10.145.253.48:16443/api/v1/namespaces/test/pods/postgresql-k8s-2 "HTTP/1.1 200 OK"
[32mINFO    [0m integration.ha_tests.test_upgrade:test_upgrade.py:247 Checking whether no writes were lost
[32mINFO    [0m httpx:_client.py:1038 HTTP Request: GET https://10.145.253.48:16443/api/v1/namespaces/test/pods/postgresql-k8s-1 "HTTP/1.1 200 OK"
[32mINFO    [0m httpx:_client.py:1038 HTTP Request: GET https://10.145.253.48:16443/api/v1/namespaces/test/pods/postgresql-k8s-2 "HTTP/1.1 200 OK"
[32mINFO    [0m pytest_operator.plugin:plugin.py:903 Model status:

Model  Controller          Cloud/Region        Version  SLA          Timestamp
test   microk8s-localhost  microk8s/localhost  3.4.5    unsupported  03:00:25Z

App                  Version  Status  Scale  Charm                Channel      Rev  Address         Exposed  Message
postgresql-k8s       14.13    active      3  postgresql-k8s                      2  10.152.183.191  no       
postgresql-test-app           active      1  postgresql-test-app  latest/edge  279  10.152.183.47   no       received database credentials of the first database

Unit                    Workload  Agent  Address     Ports  Message
postgresql-k8s/0        active    idle   10.1.53.21         
postgresql-k8s/1        active    idle   10.1.53.20         
postgresql-k8s/2*       active    idle   10.1.53.19         
postgresql-test-app/0*  active    idle   10.1.53.8          received database credentials of the first database

[32mINFO    [0m pytest_operator.plugin:plugin.py:909 Juju error logs:

unit-postgresql-k8s-2: 02:37:29 ERROR unit.postgresql-k8s/2.juju-log pgdata folder not found in /var/lib/postgresql/data/pgdata
unit-postgresql-k8s-0: 02:41:12 ERROR unit.postgresql-k8s/0.juju-log failed to change plugins: 
Traceback (most recent call last):
  File "/var/lib/juju/agents/unit-postgresql-k8s-0/charm/lib/charms/postgresql_k8s/v0/postgresql.py", line 330, in enable_disable_extensions
    with self._connect_to_database() as connection, connection.cursor() as cursor:
  File "/var/lib/juju/agents/unit-postgresql-k8s-0/charm/lib/charms/tempo_coordinator_k8s/v0/charm_tracing.py", line 1064, in wrapped_function
    return callable(*args, **kwargs)  # type: ignore
  File "/var/lib/juju/agents/unit-postgresql-k8s-0/charm/lib/charms/postgresql_k8s/v0/postgresql.py", line 154, in _connect_to_database
    connection = psycopg2.connect(
  File "/var/lib/juju/agents/unit-postgresql-k8s-0/charm/venv/psycopg2/__init__.py", line 122, in connect
    conn = _connect(dsn, connection_factory=connection_factory, **kwasync)
psycopg2.OperationalError: connection to server at "postgresql-k8s-primary.test.svc.cluster.local" (10.152.183.218), port 5432 failed: Connection refused
	Is the server running on that host and accepting TCP/IP connections?


During handling of the above exception, another exception occurred:

Traceback (most recent call last):
  File "/var/lib/juju/agents/unit-postgresql-k8s-0/charm/./src/charm.py", line 719, in _handle_enable_disable_extensions
    self.postgresql.enable_disable_extensions(extensions, database)
  File "/var/lib/juju/agents/unit-postgresql-k8s-0/charm/lib/charms/tempo_coordinator_k8s/v0/charm_tracing.py", line 1064, in wrapped_function
    return callable(*args, **kwargs)  # type: ignore
  File "/var/lib/juju/agents/unit-postgresql-k8s-0/charm/lib/charms/postgresql_k8s/v0/postgresql.py", line 357, in enable_disable_extensions
    raise PostgreSQLEnableDisableExtensionError()
charms.postgresql_k8s.v0.postgresql.PostgreSQLEnableDisableExtensionError
unit-postgresql-k8s-1: 02:43:11 ERROR unit.postgresql-k8s/1.juju-log upgrade:2: This operation (update_relation_data()) can only be performed by the leader unit
unit-postgresql-k8s-1: 02:43:11 ERROR unit.postgresql-k8s/1.juju-log upgrade:2: This operation (update_relation_data()) can only be performed by the leader unit
unit-postgresql-k8s-0: 02:43:11 ERROR unit.postgresql-k8s/0.juju-log upgrade:2: This operation (update_relation_data()) can only be performed by the leader unit
unit-postgresql-k8s-0: 02:43:11 ERROR unit.postgresql-k8s/0.juju-log upgrade:2: This operation (update_relation_data()) can only be performed by the leader unit
unit-postgresql-k8s-0: 02:44:48 ERROR unit.postgresql-k8s/0.juju-log upgrade:2: This operation (update_relation_data()) can only be performed by the leader unit
unit-postgresql-k8s-0: 02:44:48 ERROR unit.postgresql-k8s/0.juju-log upgrade:2: This operation (update_relation_data()) can only be performed by the leader unit
unit-postgresql-k8s-1: 02:44:48 ERROR unit.postgresql-k8s/1.juju-log upgrade:2: This operation (update_relation_data()) can only be performed by the leader unit
unit-postgresql-k8s-1: 02:44:48 ERROR unit.postgresql-k8s/1.juju-log upgrade:2: This operation (update_relation_data()) can only be performed by the leader unit
unit-postgresql-k8s-1: 02:45:03 ERROR unit.postgresql-k8s/1.juju-log upgrade:2: This operation (update_relation_data()) can only be performed by the leader unit
unit-postgresql-k8s-1: 02:45:03 ERROR unit.postgresql-k8s/1.juju-log upgrade:2: This operation (update_relation_data()) can only be performed by the leader unit
unit-postgresql-k8s-0: 02:45:03 ERROR unit.postgresql-k8s/0.juju-log upgrade:2: This operation (update_relation_data()) can only be performed by the leader unit
unit-postgresql-k8s-0: 02:45:03 ERROR unit.postgresql-k8s/0.juju-log upgrade:2: This operation (update_relation_data()) can only be performed by the leader unit
unit-postgresql-k8s-0: 02:46:02 ERROR unit.postgresql-k8s/0.juju-log upgrade:2: This operation (update_relation_data()) can only be performed by the leader unit
unit-postgresql-k8s-0: 02:46:02 ERROR unit.postgresql-k8s/0.juju-log upgrade:2: This operation (update_relation_data()) can only be performed by the leader unit
unit-postgresql-k8s-2: 02:50:13 ERROR unit.postgresql-k8s/2.juju-log charms.data_platform_libs.v0.upgrade.ClusterNotReadyError - {'message': 'postgresql-k8s/0 needs to be a synchronous standby in order to become the primary before the upgrade process can start - wait 30 seconds for postgresql-k8s/0 to become a synchronous standby and run this action again', 'cause': 'postgresql-k8s/0 needs to be a synchronous standby in order to become the primary before the upgrade process can start', 'resolution': 'wait 30 seconds for postgresql-k8s/0 to become a synchronous standby and run this action again'}
unit-postgresql-k8s-2: 02:51:49 ERROR unit.postgresql-k8s/2.juju-log charms.data_platform_libs.v0.upgrade.VersionError - {'message': 'Versions incompatible, charm 2 can not be upgraded to 15.0', 'cause': 'Upgrades only supported for specific versions, charm versions satisfying requirement ^15', 'resolution': ''}

[32mINFO    [0m pytest_operator.plugin:plugin.py:991 Forgetting model main...