[32mINFO    [0m integration.ha_tests.test_restart:test_restart.py:55 starting continuous writes to the database
[33mWARNING [0m juju.model:model.py:1564 relate is deprecated and will be removed. Use integrate instead.
[32mINFO    [0m juju.model:model.py:2972 Waiting for model:
  postgresql-k8s/0 [idle] active: 
  postgresql-k8s/1 [idle] active: Primary
  postgresql-k8s/2 [idle] active: 
  postgresql-test-app/0 [idle] active: 
[32mINFO    [0m integration.ha_tests.test_restart:test_restart.py:58 checking whether writes are increasing
[32mINFO    [0m httpx:_client.py:1038 HTTP Request: GET https://10.145.253.10:16443/api/v1/namespaces/test/pods/postgresql-k8s-0 "HTTP/1.1 200 OK"
[32mINFO    [0m httpx:_client.py:1038 HTTP Request: GET https://10.145.253.10:16443/api/v1/namespaces/test/pods/postgresql-k8s-1 "HTTP/1.1 200 OK"
[32mINFO    [0m httpx:_client.py:1038 HTTP Request: GET https://10.145.253.10:16443/api/v1/namespaces/test/pods/postgresql-k8s-0 "HTTP/1.1 200 OK"
[32mINFO    [0m httpx:_client.py:1038 HTTP Request: GET https://10.145.253.10:16443/api/v1/namespaces/test/pods/postgresql-k8s-1 "HTTP/1.1 200 OK"
[32mINFO    [0m httpx:_client.py:1038 HTTP Request: GET https://10.145.253.10:16443/api/v1/namespaces/test/pods/postgresql-k8s-0 "HTTP/1.1 200 OK"
[32mINFO    [0m httpx:_client.py:1038 HTTP Request: GET https://10.145.253.10:16443/api/v1/namespaces/test/pods/postgresql-k8s-1 "HTTP/1.1 200 OK"
[32mINFO    [0m integration.ha_tests.test_restart:test_restart.py:61 removing charm code from one non-primary unit to simulate a crash and prevent firing the update-charm hook
[32mINFO    [0m integration.ha_tests.test_restart:test_restart.py:71 removed charm code from postgresql-k8s/0
[32mINFO    [0m integration.ha_tests.test_restart:test_restart.py:73 restarting all the units by deleting their pods
[32mINFO    [0m integration.ha_tests.test_restart:test_restart.py:91 resolving postgresql-k8s/0 error
[32mINFO    [0m juju.model:model.py:2972 Waiting for model:
  postgresql-k8s/0 [idle] error: hook failed: "stop"
  postgresql-k8s/1 [idle] waiting: awaiting for cluster to start
  postgresql-k8s/2 [idle] waiting: awaiting for cluster to start
[32mINFO    [0m juju.model:model.py:2972 Waiting for model:
  postgresql-k8s/0 [idle] waiting: awaiting for cluster to start
  postgresql-k8s/1 [idle] waiting: awaiting for cluster to start
  postgresql-k8s/2 [idle] waiting: awaiting for cluster to start
[32mINFO    [0m juju.model:model.py:2972 Waiting for model:
  postgresql-k8s/0 [idle] active: 
  postgresql-k8s/1 [idle] active: Primary
  postgresql-k8s/2 [idle] active: 
[32mINFO    [0m integration.ha_tests.test_restart:test_restart.py:102 checking that all the replication slots are present in the primary by checking the list of cluster members
[32mINFO    [0m integration.ha_tests.test_restart:test_restart.py:109 ensure continuous_writes after the crashed unit
[32mINFO    [0m httpx:_client.py:1038 HTTP Request: GET https://10.145.253.10:16443/api/v1/namespaces/test/pods/postgresql-k8s-1 "HTTP/1.1 200 OK"
[32mINFO    [0m httpx:_client.py:1038 HTTP Request: GET https://10.145.253.10:16443/api/v1/namespaces/test/pods/postgresql-k8s-2 "HTTP/1.1 200 OK"
[32mINFO    [0m httpx:_client.py:1038 HTTP Request: GET https://10.145.253.10:16443/api/v1/namespaces/test/pods/postgresql-k8s-1 "HTTP/1.1 200 OK"
[32mINFO    [0m httpx:_client.py:1038 HTTP Request: GET https://10.145.253.10:16443/api/v1/namespaces/test/pods/postgresql-k8s-2 "HTTP/1.1 200 OK"
[32mINFO    [0m httpx:_client.py:1038 HTTP Request: GET https://10.145.253.10:16443/api/v1/namespaces/test/pods/postgresql-k8s-1 "HTTP/1.1 200 OK"
[32mINFO    [0m httpx:_client.py:1038 HTTP Request: GET https://10.145.253.10:16443/api/v1/namespaces/test/pods/postgresql-k8s-2 "HTTP/1.1 200 OK"
[32mINFO    [0m integration.ha_tests.test_restart:test_restart.py:114 checking whether no writes were lost
[32mINFO    [0m httpx:_client.py:1038 HTTP Request: GET https://10.145.253.10:16443/api/v1/namespaces/test/pods/postgresql-k8s-1 "HTTP/1.1 200 OK"
[32mINFO    [0m httpx:_client.py:1038 HTTP Request: GET https://10.145.253.10:16443/api/v1/namespaces/test/pods/postgresql-k8s-2 "HTTP/1.1 200 OK"
[32mINFO    [0m pytest_operator.plugin:plugin.py:903 Model status:

Model  Controller          Cloud/Region        Version  SLA          Timestamp
test   microk8s-localhost  microk8s/localhost  3.4.5    unsupported  02:18:28Z

App                  Version  Status  Scale  Charm                Channel        Rev  Address        Exposed  Message
postgresql-k8s       14.13    active      3  postgresql-k8s                        0  10.152.183.91  no       
postgresql-test-app           active      1  postgresql-test-app  latest/stable  211  10.152.183.37  no       received database credentials of the first database

Unit                    Workload  Agent  Address     Ports  Message
postgresql-k8s/0        active    idle   10.1.53.17         
postgresql-k8s/1*       active    idle   10.1.53.16         Primary
postgresql-k8s/2        active    idle   10.1.53.15         
postgresql-test-app/0*  active    idle   10.1.53.14         received database credentials of the first database

[32mINFO    [0m pytest_operator.plugin:plugin.py:909 Juju error logs:

unit-postgresql-k8s-0: 02:11:34 ERROR unit.postgresql-k8s/0.juju-log Uncaught exception while in charm code:
Traceback (most recent call last):
  File "/var/lib/juju/agents/unit-postgresql-k8s-0/charm/venv/ops/model.py", line 3213, in _run
    result = subprocess.run(args, **kwargs)  # type: ignore
  File "/usr/lib/python3.10/subprocess.py", line 526, in run
    raise CalledProcessError(retcode, process.args,
subprocess.CalledProcessError: Command '('/var/lib/juju/tools/unit-postgresql-k8s-0/secret-get', '--label', 'database-peers.postgresql-k8s.app', '--format=json')' returned non-zero exit status 1.

The above exception was the direct cause of the following exception:

Traceback (most recent call last):
  File "/var/lib/juju/agents/unit-postgresql-k8s-0/charm/./src/charm.py", line 2202, in <module>
    main(PostgresqlOperatorCharm, use_juju_for_storage=True)
  File "/var/lib/juju/agents/unit-postgresql-k8s-0/charm/venv/ops/main.py", line 553, in main
    manager.run()
  File "/var/lib/juju/agents/unit-postgresql-k8s-0/charm/venv/ops/main.py", line 529, in run
    self._emit()
  File "/var/lib/juju/agents/unit-postgresql-k8s-0/charm/venv/ops/main.py", line 518, in _emit
    _emit_charm_event(self.charm, self.dispatcher.event_name, self._juju_context)
  File "/var/lib/juju/agents/unit-postgresql-k8s-0/charm/venv/ops/main.py", line 139, in _emit_charm_event
    event_to_emit.emit(*args, **kwargs)
  File "/var/lib/juju/agents/unit-postgresql-k8s-0/charm/venv/ops/framework.py", line 347, in emit
    framework._emit(event)
  File "/var/lib/juju/agents/unit-postgresql-k8s-0/charm/venv/ops/framework.py", line 853, in _emit
    self._reemit(event_path)
  File "/var/lib/juju/agents/unit-postgresql-k8s-0/charm/venv/ops/framework.py", line 943, in _reemit
    custom_handler(event)
  File "/var/lib/juju/agents/unit-postgresql-k8s-0/charm/lib/charms/tempo_k8s/v1/charm_tracing.py", line 735, in wrapped_function
    return callable(*args, **kwargs)  # type: ignore
  File "/var/lib/juju/agents/unit-postgresql-k8s-0/charm/./src/charm.py", line 916, in _on_postgresql_pebble_ready
    self.unit.set_workload_version(self._patroni.rock_postgresql_version)
  File "/var/lib/juju/agents/unit-postgresql-k8s-0/charm/./src/charm.py", line 1534, in _patroni
    self.get_secret(APP_SCOPE, USER_PASSWORD_KEY),
  File "/var/lib/juju/agents/unit-postgresql-k8s-0/charm/lib/charms/tempo_k8s/v1/charm_tracing.py", line 735, in wrapped_function
    return callable(*args, **kwargs)  # type: ignore
  File "/var/lib/juju/agents/unit-postgresql-k8s-0/charm/./src/charm.py", line 350, in get_secret
    return self.peer_relation_data(scope).get_secret(peers.id, secret_key)
  File "/var/lib/juju/agents/unit-postgresql-k8s-0/charm/lib/charms/data_platform_libs/v0/data_interfaces.py", line 517, in wrapper
    return f(self, *args, **kwargs)
  File "/var/lib/juju/agents/unit-postgresql-k8s-0/charm/lib/charms/data_platform_libs/v0/data_interfaces.py", line 2028, in get_secret
    and full_field not in self.current_secret_fields
  File "/var/lib/juju/agents/unit-postgresql-k8s-0/charm/lib/charms/data_platform_libs/v0/data_interfaces.py", line 1985, in current_secret_fields
    if content := self._get_group_secret_contents(relation, group):
  File "/var/lib/juju/agents/unit-postgresql-k8s-0/charm/lib/charms/data_platform_libs/v0/data_interfaces.py", line 2316, in _get_group_secret_contents
    result = super()._get_group_secret_contents(relation, group, secret_fields)
  File "/var/lib/juju/agents/unit-postgresql-k8s-0/charm/lib/charms/data_platform_libs/v0/data_interfaces.py", line 1119, in _get_group_secret_contents
    if (secret := self._get_relation_secret(relation.id, group)) and (
  File "/var/lib/juju/agents/unit-postgresql-k8s-0/charm/lib/charms/data_platform_libs/v0/data_interfaces.py", line 504, in wrapper
    return f(self, *args, **kwargs)
  File "/var/lib/juju/agents/unit-postgresql-k8s-0/charm/lib/charms/data_platform_libs/v0/data_interfaces.py", line 2303, in _get_relation_secret
    return self.secrets.get(
  File "/var/lib/juju/agents/unit-postgresql-k8s-0/charm/lib/charms/data_platform_libs/v0/data_interfaces.py", line 808, in get
    if secret.meta:
  File "/var/lib/juju/agents/unit-postgresql-k8s-0/charm/lib/charms/data_platform_libs/v0/data_interfaces.py", line 638, in meta
    self._secret_meta = self._model.get_secret(label=self.label)
  File "/var/lib/juju/agents/unit-postgresql-k8s-0/charm/venv/ops/model.py", line 299, in get_secret
    content = self._backend.secret_get(id=id, label=label)
  File "/var/lib/juju/agents/unit-postgresql-k8s-0/charm/venv/ops/model.py", line 3579, in secret_get
    result = self._run('secret-get', *args, return_output=True, use_json=True)
  File "/var/lib/juju/agents/unit-postgresql-k8s-0/charm/venv/ops/model.py", line 3215, in _run
    raise ModelError(e.stderr) from e
ops.model.ModelError: ERROR permission denied

unit-postgresql-k8s-0: 02:11:34 ERROR juju.worker.uniter.operation hook "postgresql-pebble-ready" (via hook dispatching script: dispatch) failed: exit status 1
unit-postgresql-k8s-0: 02:11:34 ERROR juju.worker.uniter pebble poll failed for container "postgresql": failed to send pebble-ready event: hook failed
unit-postgresql-k8s-2: 02:14:11 ERROR unit.postgresql-k8s/2.juju-log pgdata folder not found in /var/lib/postgresql/data/pgdata
unit-postgresql-k8s-0: 02:16:23 ERROR juju.worker.uniter.operation hook "stop" (via hook dispatching script: dispatch) failed: exit status 127
unit-postgresql-k8s-0: 02:16:23 ERROR juju.worker.uniter.operation hook "stop" (via hook dispatching script: dispatch) failed: exit status 127
unit-postgresql-k8s-0: 02:16:23 ERROR juju.worker.uniter.operation hook "stop" (via hook dispatching script: dispatch) failed: exit status 127
unit-postgresql-k8s-0: 02:16:23 ERROR juju.worker.uniter.operation hook "stop" (via hook dispatching script: dispatch) failed: exit status 127
unit-postgresql-k8s-2: 02:16:23 ERROR unit.postgresql-k8s/2.juju-log failed to patch k8s Endpoints postgresql-k8s
Traceback (most recent call last):
  File "/var/lib/juju/agents/unit-postgresql-k8s-2/charm/venv/lightkube/core/generic_client.py", line 232, in raise_for_status
    resp.raise_for_status()
  File "/var/lib/juju/agents/unit-postgresql-k8s-2/charm/venv/httpx/_models.py", line 763, in raise_for_status
    raise HTTPStatusError(message, request=request, response=self)
httpx.HTTPStatusError: Client error '409 Conflict' for url 'https://10.152.183.1/api/v1/namespaces/test/endpoints/postgresql-k8s?force=true&fieldManager=postgresql-k8s'
For more information check: https://developer.mozilla.org/en-US/docs/Web/HTTP/Status/409

During handling of the above exception, another exception occurred:

Traceback (most recent call last):
  File "/var/lib/juju/agents/unit-postgresql-k8s-2/charm/./src/charm.py", line 1338, in _on_stop
    client.apply(
  File "/var/lib/juju/agents/unit-postgresql-k8s-2/charm/venv/lightkube/core/client.py", line 754, in apply
    return self.patch(
  File "/var/lib/juju/agents/unit-postgresql-k8s-2/charm/venv/lightkube/core/client.py", line 489, in patch
    return self._client.request(
  File "/var/lib/juju/agents/unit-postgresql-k8s-2/charm/venv/lightkube/core/generic_client.py", line 308, in request
    return self.handle_response(method, resp, br)
  File "/var/lib/juju/agents/unit-postgresql-k8s-2/charm/venv/lightkube/core/generic_client.py", line 248, in handle_response
    self.raise_for_status(resp)
  File "/var/lib/juju/agents/unit-postgresql-k8s-2/charm/venv/lightkube/core/generic_client.py", line 234, in raise_for_status
    raise transform_exception(e)
lightkube.core.exceptions.ApiError: Operation cannot be fulfilled on endpoints "postgresql-k8s": the object has been modified; please apply your changes to the latest version and try again
unit-postgresql-k8s-2: 02:16:23 ERROR unit.postgresql-k8s/2.juju-log failed to patch k8s Endpoints postgresql-k8s-primary
Traceback (most recent call last):
  File "/var/lib/juju/agents/unit-postgresql-k8s-2/charm/venv/lightkube/core/generic_client.py", line 232, in raise_for_status
    resp.raise_for_status()
  File "/var/lib/juju/agents/unit-postgresql-k8s-2/charm/venv/httpx/_models.py", line 763, in raise_for_status
    raise HTTPStatusError(message, request=request, response=self)
httpx.HTTPStatusError: Client error '409 Conflict' for url 'https://10.152.183.1/api/v1/namespaces/test/endpoints/postgresql-k8s-primary?force=true&fieldManager=postgresql-k8s'
For more information check: https://developer.mozilla.org/en-US/docs/Web/HTTP/Status/409

During handling of the above exception, another exception occurred:

Traceback (most recent call last):
  File "/var/lib/juju/agents/unit-postgresql-k8s-2/charm/./src/charm.py", line 1338, in _on_stop
    client.apply(
  File "/var/lib/juju/agents/unit-postgresql-k8s-2/charm/venv/lightkube/core/client.py", line 754, in apply
    return self.patch(
  File "/var/lib/juju/agents/unit-postgresql-k8s-2/charm/venv/lightkube/core/client.py", line 489, in patch
    return self._client.request(
  File "/var/lib/juju/agents/unit-postgresql-k8s-2/charm/venv/lightkube/core/generic_client.py", line 308, in request
    return self.handle_response(method, resp, br)
  File "/var/lib/juju/agents/unit-postgresql-k8s-2/charm/venv/lightkube/core/generic_client.py", line 248, in handle_response
    self.raise_for_status(resp)
  File "/var/lib/juju/agents/unit-postgresql-k8s-2/charm/venv/lightkube/core/generic_client.py", line 234, in raise_for_status
    raise transform_exception(e)
lightkube.core.exceptions.ApiError: Operation cannot be fulfilled on endpoints "postgresql-k8s-primary": the object has been modified; please apply your changes to the latest version and try again
unit-postgresql-k8s-2: 02:16:23 ERROR unit.postgresql-k8s/2.juju-log failed to patch k8s Endpoints postgresql-k8s-replicas
Traceback (most recent call last):
  File "/var/lib/juju/agents/unit-postgresql-k8s-2/charm/venv/lightkube/core/generic_client.py", line 232, in raise_for_status
    resp.raise_for_status()
  File "/var/lib/juju/agents/unit-postgresql-k8s-2/charm/venv/httpx/_models.py", line 763, in raise_for_status
    raise HTTPStatusError(message, request=request, response=self)
httpx.HTTPStatusError: Client error '409 Conflict' for url 'https://10.152.183.1/api/v1/namespaces/test/endpoints/postgresql-k8s-replicas?force=true&fieldManager=postgresql-k8s'
For more information check: https://developer.mozilla.org/en-US/docs/Web/HTTP/Status/409

During handling of the above exception, another exception occurred:

Traceback (most recent call last):
  File "/var/lib/juju/agents/unit-postgresql-k8s-2/charm/./src/charm.py", line 1338, in _on_stop
    client.apply(
  File "/var/lib/juju/agents/unit-postgresql-k8s-2/charm/venv/lightkube/core/client.py", line 754, in apply
    return self.patch(
  File "/var/lib/juju/agents/unit-postgresql-k8s-2/charm/venv/lightkube/core/client.py", line 489, in patch
    return self._client.request(
  File "/var/lib/juju/agents/unit-postgresql-k8s-2/charm/venv/lightkube/core/generic_client.py", line 308, in request
    return self.handle_response(method, resp, br)
  File "/var/lib/juju/agents/unit-postgresql-k8s-2/charm/venv/lightkube/core/generic_client.py", line 248, in handle_response
    self.raise_for_status(resp)
  File "/var/lib/juju/agents/unit-postgresql-k8s-2/charm/venv/lightkube/core/generic_client.py", line 234, in raise_for_status
    raise transform_exception(e)
lightkube.core.exceptions.ApiError: Operation cannot be fulfilled on endpoints "postgresql-k8s-replicas": the object has been modified; please apply your changes to the latest version and try again
unit-postgresql-k8s-2: 02:16:23 ERROR unit.postgresql-k8s/2.juju-log failed to patch k8s Service patroni-postgresql-k8s-config
Traceback (most recent call last):
  File "/var/lib/juju/agents/unit-postgresql-k8s-2/charm/venv/lightkube/core/generic_client.py", line 232, in raise_for_status
    resp.raise_for_status()
  File "/var/lib/juju/agents/unit-postgresql-k8s-2/charm/venv/httpx/_models.py", line 763, in raise_for_status
    raise HTTPStatusError(message, request=request, response=self)
httpx.HTTPStatusError: Client error '409 Conflict' for url 'https://10.152.183.1/api/v1/namespaces/test/services/patroni-postgresql-k8s-config?force=true&fieldManager=postgresql-k8s'
For more information check: https://developer.mozilla.org/en-US/docs/Web/HTTP/Status/409

During handling of the above exception, another exception occurred:

Traceback (most recent call last):
  File "/var/lib/juju/agents/unit-postgresql-k8s-2/charm/./src/charm.py", line 1338, in _on_stop
    client.apply(
  File "/var/lib/juju/agents/unit-postgresql-k8s-2/charm/venv/lightkube/core/client.py", line 754, in apply
    return self.patch(
  File "/var/lib/juju/agents/unit-postgresql-k8s-2/charm/venv/lightkube/core/client.py", line 489, in patch
    return self._client.request(
  File "/var/lib/juju/agents/unit-postgresql-k8s-2/charm/venv/lightkube/core/generic_client.py", line 308, in request
    return self.handle_response(method, resp, br)
  File "/var/lib/juju/agents/unit-postgresql-k8s-2/charm/venv/lightkube/core/generic_client.py", line 248, in handle_response
    self.raise_for_status(resp)
  File "/var/lib/juju/agents/unit-postgresql-k8s-2/charm/venv/lightkube/core/generic_client.py", line 234, in raise_for_status
    raise transform_exception(e)
lightkube.core.exceptions.ApiError: Operation cannot be fulfilled on services "patroni-postgresql-k8s-config": the object has been modified; please apply your changes to the latest version and try again
unit-postgresql-k8s-0: 02:16:24 ERROR juju.worker.uniter.operation hook "stop" (via hook dispatching script: dispatch) failed: exit status 127
unit-postgresql-k8s-0: 02:16:24 ERROR juju.worker.uniter.operation hook "stop" (via hook dispatching script: dispatch) failed: exit status 127
unit-postgresql-k8s-0: 02:16:24 ERROR juju.worker.uniter.operation hook "stop" (via hook dispatching script: dispatch) failed: exit status 127
unit-postgresql-k8s-0: 02:16:24 ERROR juju.worker.uniter.operation hook "stop" (via hook dispatching script: dispatch) failed: exit status 127
unit-postgresql-k8s-0: 02:16:24 ERROR juju.worker.uniter.operation hook "stop" (via hook dispatching script: dispatch) failed: exit status 127
unit-postgresql-k8s-0: 02:16:25 ERROR juju.worker.uniter.operation hook "stop" (via hook dispatching script: dispatch) failed: exit status 127
unit-postgresql-k8s-0: 02:16:25 ERROR juju.worker.uniter.operation hook "stop" (via hook dispatching script: dispatch) failed: exit status 127
unit-postgresql-k8s-0: 02:16:25 ERROR juju.worker.uniter.operation hook "stop" (via hook dispatching script: dispatch) failed: exit status 127
unit-postgresql-k8s-0: 02:16:25 ERROR juju.worker.uniter.operation hook "stop" (via hook dispatching script: dispatch) failed: exit status 127
unit-postgresql-k8s-0: 02:16:26 ERROR juju.worker.uniter.operation hook "stop" (via hook dispatching script: dispatch) failed: exit status 127
unit-postgresql-k8s-0: 02:16:26 ERROR juju.worker.uniter.operation hook "stop" (via hook dispatching script: dispatch) failed: exit status 127
unit-postgresql-k8s-0: 02:16:26 ERROR juju.worker.uniter.operation hook "stop" (via hook dispatching script: dispatch) failed: exit status 127
unit-postgresql-k8s-0: 02:16:26 ERROR juju.worker.uniter.operation hook "stop" (via hook dispatching script: dispatch) failed: exit status 127
unit-postgresql-k8s-0: 02:16:27 ERROR juju.worker.uniter.operation hook "stop" (via hook dispatching script: dispatch) failed: exit status 127
unit-postgresql-k8s-0: 02:16:27 ERROR juju.worker.uniter.operation hook "stop" (via hook dispatching script: dispatch) failed: exit status 127
unit-postgresql-k8s-0: 02:16:27 ERROR juju.worker.uniter.operation hook "stop" (via hook dispatching script: dispatch) failed: exit status 127
unit-postgresql-k8s-0: 02:16:27 ERROR juju.worker.uniter.operation hook "stop" (via hook dispatching script: dispatch) failed: exit status 127
unit-postgresql-k8s-0: 02:16:28 ERROR juju.worker.uniter.operation hook "stop" (via hook dispatching script: dispatch) failed: exit status 127
unit-postgresql-k8s-0: 02:16:28 ERROR juju.worker.uniter.operation hook "stop" (via hook dispatching script: dispatch) failed: exit status 127
unit-postgresql-k8s-0: 02:16:28 ERROR juju.worker.uniter.operation hook "stop" (via hook dispatching script: dispatch) failed: exit status 127
unit-postgresql-k8s-0: 02:16:28 ERROR juju.worker.uniter.operation hook "stop" (via hook dispatching script: dispatch) failed: exit status 127
unit-postgresql-k8s-0: 02:16:29 ERROR juju.worker.uniter.operation hook "stop" (via hook dispatching script: dispatch) failed: exit status 127
unit-postgresql-k8s-0: 02:16:29 ERROR juju.worker.uniter.operation hook "stop" (via hook dispatching script: dispatch) failed: exit status 127
unit-postgresql-k8s-0: 02:16:29 ERROR juju.worker.uniter.operation hook "stop" (via hook dispatching script: dispatch) failed: exit status 127
unit-postgresql-k8s-0: 02:16:29 ERROR juju.worker.uniter.operation hook "stop" (via hook dispatching script: dispatch) failed: exit status 127
unit-postgresql-k8s-0: 02:16:29 ERROR juju.worker.uniter.operation hook "stop" (via hook dispatching script: dispatch) failed: exit status 127
unit-postgresql-k8s-0: 02:16:30 ERROR juju.worker.uniter.operation hook "stop" (via hook dispatching script: dispatch) failed: exit status 127
unit-postgresql-k8s-0: 02:16:30 ERROR juju.worker.uniter.operation hook "stop" (via hook dispatching script: dispatch) failed: exit status 127
unit-postgresql-k8s-0: 02:16:30 ERROR juju.worker.uniter.operation hook "stop" (via hook dispatching script: dispatch) failed: exit status 127
unit-postgresql-k8s-0: 02:16:30 ERROR juju.worker.uniter.operation hook "stop" (via hook dispatching script: dispatch) failed: exit status 127
unit-postgresql-k8s-0: 02:16:31 ERROR juju.worker.uniter.operation hook "stop" (via hook dispatching script: dispatch) failed: exit status 127
unit-postgresql-k8s-0: 02:16:31 ERROR juju.worker.uniter.operation hook "stop" (via hook dispatching script: dispatch) failed: exit status 127
unit-postgresql-k8s-0: 02:16:31 ERROR juju.worker.uniter.operation hook "stop" (via hook dispatching script: dispatch) failed: exit status 127
unit-postgresql-k8s-0: 02:16:31 ERROR juju.worker.uniter.operation hook "stop" (via hook dispatching script: dispatch) failed: exit status 127
unit-postgresql-k8s-0: 02:16:32 ERROR juju.worker.uniter.operation hook "stop" (via hook dispatching script: dispatch) failed: exit status 127
unit-postgresql-k8s-0: 02:16:32 ERROR juju.worker.uniter.operation hook "stop" (via hook dispatching script: dispatch) failed: exit status 127
unit-postgresql-k8s-0: 02:16:32 ERROR juju.worker.uniter.operation hook "stop" (via hook dispatching script: dispatch) failed: exit status 127
unit-postgresql-k8s-0: 02:16:32 ERROR juju.worker.uniter.operation hook "stop" (via hook dispatching script: dispatch) failed: exit status 127
unit-postgresql-k8s-0: 02:16:33 ERROR juju.worker.uniter.operation hook "stop" (via hook dispatching script: dispatch) failed: exit status 127
unit-postgresql-k8s-0: 02:16:33 ERROR juju.worker.uniter.operation hook "stop" (via hook dispatching script: dispatch) failed: exit status 127
unit-postgresql-k8s-0: 02:16:33 ERROR juju.worker.uniter.operation hook "stop" (via hook dispatching script: dispatch) failed: exit status 127
unit-postgresql-k8s-0: 02:16:33 ERROR juju.worker.uniter.operation hook "stop" (via hook dispatching script: dispatch) failed: exit status 127
unit-postgresql-k8s-0: 02:16:33 ERROR juju.worker.uniter.operation hook "stop" (via hook dispatching script: dispatch) failed: exit status 127
unit-postgresql-k8s-0: 02:16:34 ERROR juju.worker.uniter.operation hook "stop" (via hook dispatching script: dispatch) failed: exit status 127
unit-postgresql-k8s-0: 02:16:34 ERROR juju.worker.uniter.operation hook "stop" (via hook dispatching script: dispatch) failed: exit status 127
unit-postgresql-k8s-0: 02:16:34 ERROR juju.worker.uniter.operation hook "stop" (via hook dispatching script: dispatch) failed: exit status 127
unit-postgresql-k8s-0: 02:16:34 ERROR juju.worker.uniter.operation hook "stop" (via hook dispatching script: dispatch) failed: exit status 127
unit-postgresql-k8s-0: 02:16:35 ERROR juju.worker.uniter.operation hook "stop" (via hook dispatching script: dispatch) failed: exit status 127
unit-postgresql-k8s-0: 02:16:35 ERROR juju.worker.uniter.operation hook "stop" (via hook dispatching script: dispatch) failed: exit status 127
unit-postgresql-k8s-0: 02:16:35 ERROR juju.worker.uniter.operation hook "stop" (via hook dispatching script: dispatch) failed: exit status 127
unit-postgresql-k8s-0: 02:16:35 ERROR juju.worker.uniter.operation hook "stop" (via hook dispatching script: dispatch) failed: exit status 127
unit-postgresql-k8s-0: 02:16:36 ERROR juju.worker.uniter.operation hook "stop" (via hook dispatching script: dispatch) failed: exit status 127
unit-postgresql-k8s-0: 02:16:36 ERROR juju.worker.uniter.operation hook "stop" (via hook dispatching script: dispatch) failed: exit status 127
unit-postgresql-k8s-0: 02:16:36 ERROR juju.worker.uniter.operation hook "stop" (via hook dispatching script: dispatch) failed: exit status 127
unit-postgresql-k8s-0: 02:16:36 ERROR juju.worker.uniter.operation hook "stop" (via hook dispatching script: dispatch) failed: exit status 127
unit-postgresql-k8s-0: 02:16:37 ERROR juju.worker.uniter.operation hook "stop" (via hook dispatching script: dispatch) failed: exit status 127
unit-postgresql-k8s-0: 02:16:37 ERROR juju.worker.uniter.operation hook "stop" (via hook dispatching script: dispatch) failed: exit status 127
unit-postgresql-k8s-0: 02:16:37 ERROR juju.worker.uniter.operation hook "stop" (via hook dispatching script: dispatch) failed: exit status 127
unit-postgresql-k8s-0: 02:16:37 ERROR juju.worker.uniter.operation hook "stop" (via hook dispatching script: dispatch) failed: exit status 127
unit-postgresql-k8s-0: 02:16:37 ERROR juju.worker.uniter.operation hook "stop" (via hook dispatching script: dispatch) failed: exit status 127
unit-postgresql-k8s-0: 02:16:38 ERROR juju.worker.uniter.operation hook "stop" (via hook dispatching script: dispatch) failed: exit status 127
unit-postgresql-k8s-0: 02:16:38 ERROR juju.worker.uniter.operation hook "stop" (via hook dispatching script: dispatch) failed: exit status 127
unit-postgresql-k8s-0: 02:16:38 ERROR juju.worker.uniter.operation hook "stop" (via hook dispatching script: dispatch) failed: exit status 127
unit-postgresql-k8s-0: 02:16:38 ERROR juju.worker.uniter.operation hook "stop" (via hook dispatching script: dispatch) failed: exit status 127
unit-postgresql-k8s-0: 02:16:39 ERROR juju.worker.uniter.operation hook "stop" (via hook dispatching script: dispatch) failed: exit status 127
unit-postgresql-k8s-0: 02:16:39 ERROR juju.worker.uniter.operation hook "stop" (via hook dispatching script: dispatch) failed: exit status 127
unit-postgresql-k8s-0: 02:16:39 ERROR juju.worker.uniter.operation hook "stop" (via hook dispatching script: dispatch) failed: exit status 127
unit-postgresql-k8s-0: 02:16:39 ERROR juju.worker.uniter.operation hook "stop" (via hook dispatching script: dispatch) failed: exit status 127
unit-postgresql-k8s-0: 02:16:40 ERROR juju.worker.uniter.operation hook "stop" (via hook dispatching script: dispatch) failed: exit status 127
unit-postgresql-k8s-0: 02:16:40 ERROR juju.worker.uniter.operation hook "stop" (via hook dispatching script: dispatch) failed: exit status 127
unit-postgresql-k8s-0: 02:16:40 ERROR juju.worker.uniter.operation hook "stop" (via hook dispatching script: dispatch) failed: exit status 127
unit-postgresql-k8s-0: 02:16:40 ERROR juju.worker.uniter.operation hook "stop" (via hook dispatching script: dispatch) failed: exit status 127
unit-postgresql-k8s-0: 02:16:40 ERROR juju.worker.uniter.operation hook "stop" (via hook dispatching script: dispatch) failed: exit status 127
unit-postgresql-k8s-0: 02:16:41 ERROR juju.worker.uniter.operation hook "stop" (via hook dispatching script: dispatch) failed: exit status 127
unit-postgresql-k8s-0: 02:16:41 ERROR juju.worker.uniter.operation hook "stop" (via hook dispatching script: dispatch) failed: exit status 127
unit-postgresql-k8s-0: 02:16:41 ERROR juju.worker.uniter.operation hook "stop" (via hook dispatching script: dispatch) failed: exit status 127
unit-postgresql-k8s-0: 02:16:41 ERROR juju.worker.uniter.operation hook "stop" (via hook dispatching script: dispatch) failed: exit status 127
unit-postgresql-k8s-0: 02:16:42 ERROR juju.worker.uniter.operation hook "stop" (via hook dispatching script: dispatch) failed: exit status 127
unit-postgresql-k8s-0: 02:16:42 ERROR juju.worker.uniter.operation hook "stop" (via hook dispatching script: dispatch) failed: exit status 127
unit-postgresql-k8s-0: 02:16:42 ERROR juju.worker.uniter.operation hook "stop" (via hook dispatching script: dispatch) failed: exit status 127
unit-postgresql-k8s-0: 02:16:42 ERROR juju.worker.uniter.operation hook "stop" (via hook dispatching script: dispatch) failed: exit status 127
unit-postgresql-k8s-0: 02:16:43 ERROR juju.worker.uniter.operation hook "stop" (via hook dispatching script: dispatch) failed: exit status 127
unit-postgresql-k8s-0: 02:16:43 ERROR juju.worker.uniter.operation hook "stop" (via hook dispatching script: dispatch) failed: exit status 127
unit-postgresql-k8s-0: 02:16:43 ERROR juju.worker.uniter.operation hook "stop" (via hook dispatching script: dispatch) failed: exit status 127
unit-postgresql-k8s-0: 02:16:43 ERROR juju.worker.uniter.operation hook "stop" (via hook dispatching script: dispatch) failed: exit status 127
unit-postgresql-k8s-0: 02:16:43 ERROR juju.worker.uniter.operation hook "stop" (via hook dispatching script: dispatch) failed: exit status 127
unit-postgresql-k8s-1: 02:16:44 ERROR unit.postgresql-k8s/1.juju-log Cluster upgrade failed, ensure pre-upgrade checks are ran first.
unit-postgresql-k8s-0: 02:16:44 ERROR juju.worker.uniter.operation hook "stop" (via hook dispatching script: dispatch) failed: exit status 127
unit-postgresql-k8s-0: 02:16:44 ERROR juju.worker.uniter.operation hook "stop" (via hook dispatching script: dispatch) failed: exit status 127
unit-postgresql-k8s-2: 02:16:44 ERROR unit.postgresql-k8s/2.juju-log Cluster upgrade failed, ensure pre-upgrade checks are ran first.
unit-postgresql-k8s-0: 02:16:44 ERROR juju.worker.uniter.operation hook "stop" (via hook dispatching script: dispatch) failed: exit status 127
unit-postgresql-k8s-0: 02:16:44 ERROR juju.worker.uniter.operation hook "stop" (via hook dispatching script: dispatch) failed: exit status 127
unit-postgresql-k8s-0: 02:16:45 ERROR juju.worker.uniter.operation hook "stop" (via hook dispatching script: dispatch) failed: exit status 127
unit-postgresql-k8s-0: 02:16:45 ERROR juju.worker.uniter.operation hook "stop" (via hook dispatching script: dispatch) failed: exit status 127
unit-postgresql-k8s-0: 02:16:45 ERROR juju.worker.uniter.operation hook "stop" (via hook dispatching script: dispatch) failed: exit status 127
unit-postgresql-k8s-0: 02:16:45 ERROR juju.worker.uniter.operation hook "stop" (via hook dispatching script: dispatch) failed: exit status 127
unit-postgresql-k8s-0: 02:16:46 ERROR juju.worker.uniter.operation hook "stop" (via hook dispatching script: dispatch) failed: exit status 127
unit-postgresql-k8s-0: 02:16:46 ERROR juju.worker.uniter.operation hook "stop" (via hook dispatching script: dispatch) failed: exit status 127
unit-postgresql-k8s-0: 02:16:46 ERROR juju.worker.uniter.operation hook "stop" (via hook dispatching script: dispatch) failed: exit status 127
unit-postgresql-k8s-0: 02:16:46 ERROR juju.worker.uniter.operation hook "stop" (via hook dispatching script: dispatch) failed: exit status 127
unit-postgresql-k8s-0: 02:16:47 ERROR juju.worker.uniter.operation hook "stop" (via hook dispatching script: dispatch) failed: exit status 127
unit-postgresql-k8s-0: 02:16:47 ERROR juju.worker.uniter.operation hook "stop" (via hook dispatching script: dispatch) failed: exit status 127
unit-postgresql-k8s-0: 02:16:47 ERROR juju.worker.uniter.operation hook "stop" (via hook dispatching script: dispatch) failed: exit status 127
unit-postgresql-k8s-0: 02:16:47 ERROR juju.worker.uniter.operation hook "stop" (via hook dispatching script: dispatch) failed: exit status 127
unit-postgresql-k8s-0: 02:16:47 ERROR juju.worker.uniter.operation hook "stop" (via hook dispatching script: dispatch) failed: exit status 127
unit-postgresql-k8s-0: 02:16:48 ERROR juju.worker.uniter.operation hook "stop" (via hook dispatching script: dispatch) failed: exit status 127
unit-postgresql-k8s-0: 02:16:48 ERROR juju.worker.uniter.operation hook "stop" (via hook dispatching script: dispatch) failed: exit status 127
unit-postgresql-k8s-0: 02:16:48 ERROR juju.worker.uniter.operation hook "stop" (via hook dispatching script: dispatch) failed: exit status 127
unit-postgresql-k8s-0: 02:16:48 ERROR juju.worker.uniter.operation hook "stop" (via hook dispatching script: dispatch) failed: exit status 127
unit-postgresql-k8s-0: 02:16:49 ERROR juju.worker.uniter.operation hook "stop" (via hook dispatching script: dispatch) failed: exit status 127
unit-postgresql-k8s-0: 02:16:49 ERROR juju.worker.uniter.operation hook "stop" (via hook dispatching script: dispatch) failed: exit status 127
unit-postgresql-k8s-0: 02:16:49 ERROR juju.worker.uniter.operation hook "stop" (via hook dispatching script: dispatch) failed: exit status 127
unit-postgresql-k8s-0: 02:16:49 ERROR juju.worker.uniter.operation hook "stop" (via hook dispatching script: dispatch) failed: exit status 127
unit-postgresql-k8s-0: 02:16:50 ERROR juju.worker.uniter.operation hook "stop" (via hook dispatching script: dispatch) failed: exit status 127
unit-postgresql-k8s-0: 02:16:50 ERROR juju.worker.uniter.operation hook "stop" (via hook dispatching script: dispatch) failed: exit status 127
unit-postgresql-k8s-0: 02:16:50 ERROR juju.worker.uniter.operation hook "stop" (via hook dispatching script: dispatch) failed: exit status 127
unit-postgresql-k8s-0: 02:16:50 ERROR juju.worker.uniter.operation hook "stop" (via hook dispatching script: dispatch) failed: exit status 127
unit-postgresql-k8s-0: 02:16:51 ERROR juju.worker.uniter.operation hook "stop" (via hook dispatching script: dispatch) failed: exit status 127
unit-postgresql-k8s-0: 02:16:51 ERROR juju.worker.uniter.operation hook "stop" (via hook dispatching script: dispatch) failed: exit status 127
unit-postgresql-k8s-0: 02:16:51 ERROR juju.worker.uniter.operation hook "stop" (via hook dispatching script: dispatch) failed: exit status 127
unit-postgresql-k8s-0: 02:16:51 ERROR juju.worker.uniter.operation hook "stop" (via hook dispatching script: dispatch) failed: exit status 127
unit-postgresql-k8s-0: 02:16:51 ERROR juju.worker.uniter.operation hook "stop" (via hook dispatching script: dispatch) failed: exit status 127
unit-postgresql-k8s-0: 02:16:52 ERROR juju.worker.uniter.operation hook "stop" (via hook dispatching script: dispatch) failed: exit status 127
unit-postgresql-k8s-0: 02:16:52 ERROR juju.worker.uniter.operation hook "stop" (via hook dispatching script: dispatch) failed: exit status 127
unit-postgresql-k8s-0: 02:16:52 ERROR juju.worker.uniter.operation hook "stop" (via hook dispatching script: dispatch) failed: exit status 127

[32mINFO    [0m pytest_operator.plugin:plugin.py:991 Forgetting model main...