{"uid":"45f3242fb56cb1c7","name":"test_fail_and_rollback","fullName":"tests.integration.ha_tests.test_rollback_to_master_label#test_fail_and_rollback","historyId":"f474748990346242c7ea0dc739477429","time":{"start":1731550598835,"stop":1731551076341,"duration":477506},"status":"failed","statusMessage":"AssertionError: assert 0 == 1\n +  where 0 = <built-in function countOf>(dict_values(['replica', 'replica', 'primary']), 'master')\n +    where <built-in function countOf> = operator.countOf\n +    and   dict_values(['replica', 'replica', 'primary']) = <built-in method values of dict object at 0x73d9119a2bc0>()\n +      where <built-in method values of dict object at 0x73d9119a2bc0> = {'postgresql-k8s/0': 'replica', 'postgresql-k8s/1': 'replica', 'postgresql-k8s/2': 'primary'}.values","statusTrace":"Traceback (most recent call last):\n  File \"/home/ubuntu/actions-runner/_work/test-runners-2-is-x64-postgresql-k8s-operator/test-runners-2-is-x64-postgresql-k8s-operator/.tox/integration/lib/python3.10/site-packages/_pytest/runner.py\", line 341, in from_call\n    result: TResult | None = func()\n  File \"/home/ubuntu/actions-runner/_work/test-runners-2-is-x64-postgresql-k8s-operator/test-runners-2-is-x64-postgresql-k8s-operator/.tox/integration/lib/python3.10/site-packages/_pytest/runner.py\", line 242, in <lambda>\n    lambda: runtest_hook(item=item, **kwds), when=when, reraise=reraise\n  File \"/home/ubuntu/actions-runner/_work/test-runners-2-is-x64-postgresql-k8s-operator/test-runners-2-is-x64-postgresql-k8s-operator/.tox/integration/lib/python3.10/site-packages/pluggy/_hooks.py\", line 513, in __call__\n    return self._hookexec(self.name, self._hookimpls.copy(), kwargs, firstresult)\n  File \"/home/ubuntu/actions-runner/_work/test-runners-2-is-x64-postgresql-k8s-operator/test-runners-2-is-x64-postgresql-k8s-operator/.tox/integration/lib/python3.10/site-packages/pluggy/_manager.py\", line 120, in _hookexec\n    return self._inner_hookexec(hook_name, methods, kwargs, firstresult)\n  File \"/home/ubuntu/actions-runner/_work/test-runners-2-is-x64-postgresql-k8s-operator/test-runners-2-is-x64-postgresql-k8s-operator/.tox/integration/lib/python3.10/site-packages/pluggy/_callers.py\", line 182, in _multicall\n    return outcome.get_result()\n  File \"/home/ubuntu/actions-runner/_work/test-runners-2-is-x64-postgresql-k8s-operator/test-runners-2-is-x64-postgresql-k8s-operator/.tox/integration/lib/python3.10/site-packages/pluggy/_result.py\", line 100, in get_result\n    raise exc.with_traceback(exc.__traceback__)\n  File \"/home/ubuntu/actions-runner/_work/test-runners-2-is-x64-postgresql-k8s-operator/test-runners-2-is-x64-postgresql-k8s-operator/.tox/integration/lib/python3.10/site-packages/pluggy/_callers.py\", line 167, in _multicall\n    teardown.throw(outcome._exception)\n  File \"/home/ubuntu/actions-runner/_work/test-runners-2-is-x64-postgresql-k8s-operator/test-runners-2-is-x64-postgresql-k8s-operator/.tox/integration/lib/python3.10/site-packages/_pytest/threadexception.py\", line 92, in pytest_runtest_call\n    yield from thread_exception_runtest_hook()\n  File \"/home/ubuntu/actions-runner/_work/test-runners-2-is-x64-postgresql-k8s-operator/test-runners-2-is-x64-postgresql-k8s-operator/.tox/integration/lib/python3.10/site-packages/_pytest/threadexception.py\", line 68, in thread_exception_runtest_hook\n    yield\n  File \"/home/ubuntu/actions-runner/_work/test-runners-2-is-x64-postgresql-k8s-operator/test-runners-2-is-x64-postgresql-k8s-operator/.tox/integration/lib/python3.10/site-packages/pluggy/_callers.py\", line 167, in _multicall\n    teardown.throw(outcome._exception)\n  File \"/home/ubuntu/actions-runner/_work/test-runners-2-is-x64-postgresql-k8s-operator/test-runners-2-is-x64-postgresql-k8s-operator/.tox/integration/lib/python3.10/site-packages/_pytest/unraisableexception.py\", line 95, in pytest_runtest_call\n    yield from unraisable_exception_runtest_hook()\n  File \"/home/ubuntu/actions-runner/_work/test-runners-2-is-x64-postgresql-k8s-operator/test-runners-2-is-x64-postgresql-k8s-operator/.tox/integration/lib/python3.10/site-packages/_pytest/unraisableexception.py\", line 70, in unraisable_exception_runtest_hook\n    yield\n  File \"/home/ubuntu/actions-runner/_work/test-runners-2-is-x64-postgresql-k8s-operator/test-runners-2-is-x64-postgresql-k8s-operator/.tox/integration/lib/python3.10/site-packages/pluggy/_callers.py\", line 167, in _multicall\n    teardown.throw(outcome._exception)\n  File \"/home/ubuntu/actions-runner/_work/test-runners-2-is-x64-postgresql-k8s-operator/test-runners-2-is-x64-postgresql-k8s-operator/.tox/integration/lib/python3.10/site-packages/_pytest/logging.py\", line 846, in pytest_runtest_call\n    yield from self._runtest_for(item, \"call\")\n  File \"/home/ubuntu/actions-runner/_work/test-runners-2-is-x64-postgresql-k8s-operator/test-runners-2-is-x64-postgresql-k8s-operator/.tox/integration/lib/python3.10/site-packages/_pytest/logging.py\", line 829, in _runtest_for\n    yield\n  File \"/home/ubuntu/actions-runner/_work/test-runners-2-is-x64-postgresql-k8s-operator/test-runners-2-is-x64-postgresql-k8s-operator/.tox/integration/lib/python3.10/site-packages/pluggy/_callers.py\", line 167, in _multicall\n    teardown.throw(outcome._exception)\n  File \"/home/ubuntu/actions-runner/_work/test-runners-2-is-x64-postgresql-k8s-operator/test-runners-2-is-x64-postgresql-k8s-operator/.tox/integration/lib/python3.10/site-packages/_pytest/capture.py\", line 880, in pytest_runtest_call\n    return (yield)\n  File \"/home/ubuntu/actions-runner/_work/test-runners-2-is-x64-postgresql-k8s-operator/test-runners-2-is-x64-postgresql-k8s-operator/.tox/integration/lib/python3.10/site-packages/pluggy/_callers.py\", line 167, in _multicall\n    teardown.throw(outcome._exception)\n  File \"/home/ubuntu/actions-runner/_work/test-runners-2-is-x64-postgresql-k8s-operator/test-runners-2-is-x64-postgresql-k8s-operator/.tox/integration/lib/python3.10/site-packages/_pytest/skipping.py\", line 257, in pytest_runtest_call\n    return (yield)\n  File \"/home/ubuntu/actions-runner/_work/test-runners-2-is-x64-postgresql-k8s-operator/test-runners-2-is-x64-postgresql-k8s-operator/.tox/integration/lib/python3.10/site-packages/pluggy/_callers.py\", line 103, in _multicall\n    res = hook_impl.function(*args)\n  File \"/home/ubuntu/actions-runner/_work/test-runners-2-is-x64-postgresql-k8s-operator/test-runners-2-is-x64-postgresql-k8s-operator/.tox/integration/lib/python3.10/site-packages/_pytest/runner.py\", line 174, in pytest_runtest_call\n    item.runtest()\n  File \"/home/ubuntu/actions-runner/_work/test-runners-2-is-x64-postgresql-k8s-operator/test-runners-2-is-x64-postgresql-k8s-operator/.tox/integration/lib/python3.10/site-packages/_pytest/python.py\", line 1627, in runtest\n    self.ihook.pytest_pyfunc_call(pyfuncitem=self)\n  File \"/home/ubuntu/actions-runner/_work/test-runners-2-is-x64-postgresql-k8s-operator/test-runners-2-is-x64-postgresql-k8s-operator/.tox/integration/lib/python3.10/site-packages/pluggy/_hooks.py\", line 513, in __call__\n    return self._hookexec(self.name, self._hookimpls.copy(), kwargs, firstresult)\n  File \"/home/ubuntu/actions-runner/_work/test-runners-2-is-x64-postgresql-k8s-operator/test-runners-2-is-x64-postgresql-k8s-operator/.tox/integration/lib/python3.10/site-packages/pluggy/_manager.py\", line 120, in _hookexec\n    return self._inner_hookexec(hook_name, methods, kwargs, firstresult)\n  File \"/home/ubuntu/actions-runner/_work/test-runners-2-is-x64-postgresql-k8s-operator/test-runners-2-is-x64-postgresql-k8s-operator/.tox/integration/lib/python3.10/site-packages/pluggy/_callers.py\", line 182, in _multicall\n    return outcome.get_result()\n  File \"/home/ubuntu/actions-runner/_work/test-runners-2-is-x64-postgresql-k8s-operator/test-runners-2-is-x64-postgresql-k8s-operator/.tox/integration/lib/python3.10/site-packages/pluggy/_result.py\", line 100, in get_result\n    raise exc.with_traceback(exc.__traceback__)\n  File \"/home/ubuntu/actions-runner/_work/test-runners-2-is-x64-postgresql-k8s-operator/test-runners-2-is-x64-postgresql-k8s-operator/.tox/integration/lib/python3.10/site-packages/pluggy/_callers.py\", line 103, in _multicall\n    res = hook_impl.function(*args)\n  File \"/home/ubuntu/actions-runner/_work/test-runners-2-is-x64-postgresql-k8s-operator/test-runners-2-is-x64-postgresql-k8s-operator/.tox/integration/lib/python3.10/site-packages/_pytest/python.py\", line 159, in pytest_pyfunc_call\n    result = testfunction(**testargs)\n  File \"/home/ubuntu/actions-runner/_work/test-runners-2-is-x64-postgresql-k8s-operator/test-runners-2-is-x64-postgresql-k8s-operator/.tox/integration/lib/python3.10/site-packages/pytest_asyncio/plugin.py\", line 529, in inner\n    _loop.run_until_complete(task)\n  File \"/usr/lib/python3.10/asyncio/base_events.py\", line 649, in run_until_complete\n    return future.result()\n  File \"/home/ubuntu/actions-runner/_work/test-runners-2-is-x64-postgresql-k8s-operator/test-runners-2-is-x64-postgresql-k8s-operator/tests/integration/ha_tests/test_rollback_to_master_label.py\", line 167, in test_fail_and_rollback\n    assert operator.countOf(instances_roles.values(), \"master\") == 1\nAssertionError: assert 0 == 1\n +  where 0 = <built-in function countOf>(dict_values(['replica', 'replica', 'primary']), 'master')\n +    where <built-in function countOf> = operator.countOf\n +    and   dict_values(['replica', 'replica', 'primary']) = <built-in method values of dict object at 0x73d9119a2bc0>()\n +      where <built-in method values of dict object at 0x73d9119a2bc0> = {'postgresql-k8s/0': 'replica', 'postgresql-k8s/1': 'replica', 'postgresql-k8s/2': 'primary'}.values","flaky":false,"newFailed":false,"newBroken":false,"newPassed":false,"retriesCount":1,"retriesStatusChange":true,"beforeStages":[{"name":"event_loop","time":{"start":1731550274683,"stop":1731550274684,"duration":1},"status":"passed","steps":[],"attachments":[],"parameters":[],"stepsCount":0,"shouldDisplayMessage":false,"attachmentsCount":0,"hasContent":false,"attachmentStep":false},{"name":"tmp_path_factory","time":{"start":1731550274684,"stop":1731550274684,"duration":0},"status":"passed","steps":[],"attachments":[],"parameters":[],"stepsCount":0,"shouldDisplayMessage":false,"attachmentsCount":0,"hasContent":false,"attachmentStep":false},{"name":"ops_test","time":{"start":1731550274684,"stop":1731550274997,"duration":313},"status":"passed","steps":[],"attachments":[],"parameters":[],"stepsCount":0,"shouldDisplayMessage":false,"attachmentsCount":0,"hasContent":false,"attachmentStep":false},{"name":"continuous_writes","time":{"start":1731550598835,"stop":1731550598835,"duration":0},"status":"passed","steps":[],"attachments":[],"parameters":[],"stepsCount":0,"shouldDisplayMessage":false,"attachmentsCount":0,"hasContent":false,"attachmentStep":false},{"name":"abort_on_fail","time":{"start":1731550598835,"stop":1731550598835,"duration":0},"status":"passed","steps":[],"attachments":[],"parameters":[],"stepsCount":0,"shouldDisplayMessage":false,"attachmentsCount":0,"hasContent":false,"attachmentStep":false}],"testStage":{"status":"failed","statusMessage":"AssertionError: assert 0 == 1\n +  where 0 = <built-in function countOf>(dict_values(['replica', 'replica', 'primary']), 'master')\n +    where <built-in function countOf> = operator.countOf\n +    and   dict_values(['replica', 'replica', 'primary']) = <built-in method values of dict object at 0x73d9119a2bc0>()\n +      where <built-in method values of dict object at 0x73d9119a2bc0> = {'postgresql-k8s/0': 'replica', 'postgresql-k8s/1': 'replica', 'postgresql-k8s/2': 'primary'}.values","statusTrace":"Traceback (most recent call last):\n  File \"/home/ubuntu/actions-runner/_work/test-runners-2-is-x64-postgresql-k8s-operator/test-runners-2-is-x64-postgresql-k8s-operator/.tox/integration/lib/python3.10/site-packages/_pytest/runner.py\", line 341, in from_call\n    result: TResult | None = func()\n  File \"/home/ubuntu/actions-runner/_work/test-runners-2-is-x64-postgresql-k8s-operator/test-runners-2-is-x64-postgresql-k8s-operator/.tox/integration/lib/python3.10/site-packages/_pytest/runner.py\", line 242, in <lambda>\n    lambda: runtest_hook(item=item, **kwds), when=when, reraise=reraise\n  File \"/home/ubuntu/actions-runner/_work/test-runners-2-is-x64-postgresql-k8s-operator/test-runners-2-is-x64-postgresql-k8s-operator/.tox/integration/lib/python3.10/site-packages/pluggy/_hooks.py\", line 513, in __call__\n    return self._hookexec(self.name, self._hookimpls.copy(), kwargs, firstresult)\n  File \"/home/ubuntu/actions-runner/_work/test-runners-2-is-x64-postgresql-k8s-operator/test-runners-2-is-x64-postgresql-k8s-operator/.tox/integration/lib/python3.10/site-packages/pluggy/_manager.py\", line 120, in _hookexec\n    return self._inner_hookexec(hook_name, methods, kwargs, firstresult)\n  File \"/home/ubuntu/actions-runner/_work/test-runners-2-is-x64-postgresql-k8s-operator/test-runners-2-is-x64-postgresql-k8s-operator/.tox/integration/lib/python3.10/site-packages/pluggy/_callers.py\", line 182, in _multicall\n    return outcome.get_result()\n  File \"/home/ubuntu/actions-runner/_work/test-runners-2-is-x64-postgresql-k8s-operator/test-runners-2-is-x64-postgresql-k8s-operator/.tox/integration/lib/python3.10/site-packages/pluggy/_result.py\", line 100, in get_result\n    raise exc.with_traceback(exc.__traceback__)\n  File \"/home/ubuntu/actions-runner/_work/test-runners-2-is-x64-postgresql-k8s-operator/test-runners-2-is-x64-postgresql-k8s-operator/.tox/integration/lib/python3.10/site-packages/pluggy/_callers.py\", line 167, in _multicall\n    teardown.throw(outcome._exception)\n  File \"/home/ubuntu/actions-runner/_work/test-runners-2-is-x64-postgresql-k8s-operator/test-runners-2-is-x64-postgresql-k8s-operator/.tox/integration/lib/python3.10/site-packages/_pytest/threadexception.py\", line 92, in pytest_runtest_call\n    yield from thread_exception_runtest_hook()\n  File \"/home/ubuntu/actions-runner/_work/test-runners-2-is-x64-postgresql-k8s-operator/test-runners-2-is-x64-postgresql-k8s-operator/.tox/integration/lib/python3.10/site-packages/_pytest/threadexception.py\", line 68, in thread_exception_runtest_hook\n    yield\n  File \"/home/ubuntu/actions-runner/_work/test-runners-2-is-x64-postgresql-k8s-operator/test-runners-2-is-x64-postgresql-k8s-operator/.tox/integration/lib/python3.10/site-packages/pluggy/_callers.py\", line 167, in _multicall\n    teardown.throw(outcome._exception)\n  File \"/home/ubuntu/actions-runner/_work/test-runners-2-is-x64-postgresql-k8s-operator/test-runners-2-is-x64-postgresql-k8s-operator/.tox/integration/lib/python3.10/site-packages/_pytest/unraisableexception.py\", line 95, in pytest_runtest_call\n    yield from unraisable_exception_runtest_hook()\n  File \"/home/ubuntu/actions-runner/_work/test-runners-2-is-x64-postgresql-k8s-operator/test-runners-2-is-x64-postgresql-k8s-operator/.tox/integration/lib/python3.10/site-packages/_pytest/unraisableexception.py\", line 70, in unraisable_exception_runtest_hook\n    yield\n  File \"/home/ubuntu/actions-runner/_work/test-runners-2-is-x64-postgresql-k8s-operator/test-runners-2-is-x64-postgresql-k8s-operator/.tox/integration/lib/python3.10/site-packages/pluggy/_callers.py\", line 167, in _multicall\n    teardown.throw(outcome._exception)\n  File \"/home/ubuntu/actions-runner/_work/test-runners-2-is-x64-postgresql-k8s-operator/test-runners-2-is-x64-postgresql-k8s-operator/.tox/integration/lib/python3.10/site-packages/_pytest/logging.py\", line 846, in pytest_runtest_call\n    yield from self._runtest_for(item, \"call\")\n  File \"/home/ubuntu/actions-runner/_work/test-runners-2-is-x64-postgresql-k8s-operator/test-runners-2-is-x64-postgresql-k8s-operator/.tox/integration/lib/python3.10/site-packages/_pytest/logging.py\", line 829, in _runtest_for\n    yield\n  File \"/home/ubuntu/actions-runner/_work/test-runners-2-is-x64-postgresql-k8s-operator/test-runners-2-is-x64-postgresql-k8s-operator/.tox/integration/lib/python3.10/site-packages/pluggy/_callers.py\", line 167, in _multicall\n    teardown.throw(outcome._exception)\n  File \"/home/ubuntu/actions-runner/_work/test-runners-2-is-x64-postgresql-k8s-operator/test-runners-2-is-x64-postgresql-k8s-operator/.tox/integration/lib/python3.10/site-packages/_pytest/capture.py\", line 880, in pytest_runtest_call\n    return (yield)\n  File \"/home/ubuntu/actions-runner/_work/test-runners-2-is-x64-postgresql-k8s-operator/test-runners-2-is-x64-postgresql-k8s-operator/.tox/integration/lib/python3.10/site-packages/pluggy/_callers.py\", line 167, in _multicall\n    teardown.throw(outcome._exception)\n  File \"/home/ubuntu/actions-runner/_work/test-runners-2-is-x64-postgresql-k8s-operator/test-runners-2-is-x64-postgresql-k8s-operator/.tox/integration/lib/python3.10/site-packages/_pytest/skipping.py\", line 257, in pytest_runtest_call\n    return (yield)\n  File \"/home/ubuntu/actions-runner/_work/test-runners-2-is-x64-postgresql-k8s-operator/test-runners-2-is-x64-postgresql-k8s-operator/.tox/integration/lib/python3.10/site-packages/pluggy/_callers.py\", line 103, in _multicall\n    res = hook_impl.function(*args)\n  File \"/home/ubuntu/actions-runner/_work/test-runners-2-is-x64-postgresql-k8s-operator/test-runners-2-is-x64-postgresql-k8s-operator/.tox/integration/lib/python3.10/site-packages/_pytest/runner.py\", line 174, in pytest_runtest_call\n    item.runtest()\n  File \"/home/ubuntu/actions-runner/_work/test-runners-2-is-x64-postgresql-k8s-operator/test-runners-2-is-x64-postgresql-k8s-operator/.tox/integration/lib/python3.10/site-packages/_pytest/python.py\", line 1627, in runtest\n    self.ihook.pytest_pyfunc_call(pyfuncitem=self)\n  File \"/home/ubuntu/actions-runner/_work/test-runners-2-is-x64-postgresql-k8s-operator/test-runners-2-is-x64-postgresql-k8s-operator/.tox/integration/lib/python3.10/site-packages/pluggy/_hooks.py\", line 513, in __call__\n    return self._hookexec(self.name, self._hookimpls.copy(), kwargs, firstresult)\n  File \"/home/ubuntu/actions-runner/_work/test-runners-2-is-x64-postgresql-k8s-operator/test-runners-2-is-x64-postgresql-k8s-operator/.tox/integration/lib/python3.10/site-packages/pluggy/_manager.py\", line 120, in _hookexec\n    return self._inner_hookexec(hook_name, methods, kwargs, firstresult)\n  File \"/home/ubuntu/actions-runner/_work/test-runners-2-is-x64-postgresql-k8s-operator/test-runners-2-is-x64-postgresql-k8s-operator/.tox/integration/lib/python3.10/site-packages/pluggy/_callers.py\", line 182, in _multicall\n    return outcome.get_result()\n  File \"/home/ubuntu/actions-runner/_work/test-runners-2-is-x64-postgresql-k8s-operator/test-runners-2-is-x64-postgresql-k8s-operator/.tox/integration/lib/python3.10/site-packages/pluggy/_result.py\", line 100, in get_result\n    raise exc.with_traceback(exc.__traceback__)\n  File \"/home/ubuntu/actions-runner/_work/test-runners-2-is-x64-postgresql-k8s-operator/test-runners-2-is-x64-postgresql-k8s-operator/.tox/integration/lib/python3.10/site-packages/pluggy/_callers.py\", line 103, in _multicall\n    res = hook_impl.function(*args)\n  File \"/home/ubuntu/actions-runner/_work/test-runners-2-is-x64-postgresql-k8s-operator/test-runners-2-is-x64-postgresql-k8s-operator/.tox/integration/lib/python3.10/site-packages/_pytest/python.py\", line 159, in pytest_pyfunc_call\n    result = testfunction(**testargs)\n  File \"/home/ubuntu/actions-runner/_work/test-runners-2-is-x64-postgresql-k8s-operator/test-runners-2-is-x64-postgresql-k8s-operator/.tox/integration/lib/python3.10/site-packages/pytest_asyncio/plugin.py\", line 529, in inner\n    _loop.run_until_complete(task)\n  File \"/usr/lib/python3.10/asyncio/base_events.py\", line 649, in run_until_complete\n    return future.result()\n  File \"/home/ubuntu/actions-runner/_work/test-runners-2-is-x64-postgresql-k8s-operator/test-runners-2-is-x64-postgresql-k8s-operator/tests/integration/ha_tests/test_rollback_to_master_label.py\", line 167, in test_fail_and_rollback\n    assert operator.countOf(instances_roles.values(), \"master\") == 1\nAssertionError: assert 0 == 1\n +  where 0 = <built-in function countOf>(dict_values(['replica', 'replica', 'primary']), 'master')\n +    where <built-in function countOf> = operator.countOf\n +    and   dict_values(['replica', 'replica', 'primary']) = <built-in method values of dict object at 0x73d9119a2bc0>()\n +      where <built-in method values of dict object at 0x73d9119a2bc0> = {'postgresql-k8s/0': 'replica', 'postgresql-k8s/1': 'replica', 'postgresql-k8s/2': 'primary'}.values","steps":[],"attachments":[{"uid":"b6b1facd3d1a5928","name":"log","source":"b6b1facd3d1a5928.txt","type":"text/plain","size":10340}],"parameters":[],"stepsCount":0,"shouldDisplayMessage":true,"attachmentsCount":1,"hasContent":true,"attachmentStep":false},"afterStages":[{"name":"continuous_writes::finalizer","time":{"start":1731551076345,"stop":1731551077376,"duration":1031},"status":"passed","steps":[],"attachments":[],"parameters":[],"stepsCount":0,"shouldDisplayMessage":false,"attachmentsCount":0,"hasContent":false,"attachmentStep":false},{"name":"abort_on_fail::0","time":{"start":1731551077377,"stop":1731551077377,"duration":0},"status":"passed","steps":[],"attachments":[],"parameters":[],"stepsCount":0,"shouldDisplayMessage":false,"attachmentsCount":0,"hasContent":false,"attachmentStep":false},{"name":"ops_test::finalizer","time":{"start":1731551077377,"stop":1731551077872,"duration":495},"status":"passed","steps":[],"attachments":[],"parameters":[],"stepsCount":0,"shouldDisplayMessage":false,"attachmentsCount":0,"hasContent":false,"attachmentStep":false},{"name":"event_loop::2","time":{"start":1731551077873,"stop":1731551077873,"duration":0},"status":"passed","steps":[],"attachments":[],"parameters":[],"stepsCount":0,"shouldDisplayMessage":false,"attachmentsCount":0,"hasContent":false,"attachmentStep":false},{"name":"event_loop::_close_event_loop","time":{"start":1731551077873,"stop":1731551077873,"duration":0},"status":"passed","steps":[],"attachments":[],"parameters":[],"stepsCount":0,"shouldDisplayMessage":false,"attachmentsCount":0,"hasContent":false,"attachmentStep":false},{"name":"event_loop::_provide_clean_event_loop","time":{"start":1731551077873,"stop":1731551077874,"duration":1},"status":"passed","steps":[],"attachments":[],"parameters":[],"stepsCount":0,"shouldDisplayMessage":false,"attachmentsCount":0,"hasContent":false,"attachmentStep":false}],"labels":[{"name":"tag","value":"@pytest.mark.skipif(False, reason='Requires amd64 architecture')"},{"name":"tag","value":"unstable"},{"name":"tag","value":"group(1)"},{"name":"tag","value":"asyncio"},{"name":"parentSuite","value":"tests.integration.ha_tests"},{"name":"suite","value":"test_rollback_to_master_label"},{"name":"host","value":"github-runner"},{"name":"thread","value":"18883-MainThread"},{"name":"framework","value":"pytest"},{"name":"language","value":"cpython3"},{"name":"package","value":"tests.integration.ha_tests.test_rollback_to_master_label"},{"name":"resultFormat","value":"allure2"}],"parameters":[],"links":[],"hidden":false,"retry":false,"extra":{"severity":"normal","retries":[{"uid":"9e5865fc8a88aad5","status":"unknown","time":{}}],"categories":[{"name":"Product defects","matchedStatuses":[],"flaky":false}],"history":{"statistic":{"failed":24,"broken":0,"skipped":23,"passed":0,"unknown":2,"total":49},"items":[{"uid":"8f837da64e6dbcc9","reportUrl":"../237//#testresult/8f837da64e6dbcc9","status":"failed","statusDetails":"AssertionError: assert 0 == 1\n +  where 0 = <built-in function countOf>(dict_values(['replica', 'replica', 'primary']), 'master')\n +    where <built-in function countOf> = operator.countOf\n +    and   dict_values(['replica', 'replica', 'primary']) = <built-in method values of dict object at 0x76f25df46480>()\n +      where <built-in method values of dict object at 0x76f25df46480> = {'postgresql-k8s/0': 'replica', 'postgresql-k8s/1': 'replica', 'postgresql-k8s/2': 'primary'}.values","time":{"start":1731462095034,"stop":1731462661720,"duration":566686}},{"uid":"25dac78de144389c","reportUrl":"../236//#testresult/25dac78de144389c","status":"failed","statusDetails":"AssertionError: assert 0 == 1\n +  where 0 = <built-in function countOf>(dict_values(['replica', 'replica', 'primary']), 'master')\n +    where <built-in function countOf> = operator.countOf\n +    and   dict_values(['replica', 'replica', 'primary']) = <built-in method values of dict object at 0x7bb49c55f140>()\n +      where <built-in method values of dict object at 0x7bb49c55f140> = {'postgresql-k8s/0': 'replica', 'postgresql-k8s/1': 'replica', 'postgresql-k8s/2': 'primary'}.values","time":{"start":1731378913468,"stop":1731379463160,"duration":549692}},{"uid":"41436f17ad6bf4cc","reportUrl":"../235//#testresult/41436f17ad6bf4cc","status":"skipped","statusDetails":"XFAIL reason: aborted\n\n_pytest.outcomes.XFailed: aborted","time":{"start":1731293600298,"stop":1731293600298,"duration":0}},{"uid":"aac823d65f56c081","reportUrl":"../234//#testresult/aac823d65f56c081","status":"skipped","statusDetails":"XFAIL reason: aborted\n\n_pytest.outcomes.XFailed: aborted","time":{"start":1731203305340,"stop":1731203305340,"duration":0}},{"uid":"6cfbfb9f84e2f4be","reportUrl":"../233//#testresult/6cfbfb9f84e2f4be","status":"skipped","statusDetails":"XFAIL reason: aborted\n\n_pytest.outcomes.XFailed: aborted","time":{"start":1731121738709,"stop":1731121738709,"duration":0}},{"uid":"d157f4b3893a5583","reportUrl":"../232//#testresult/d157f4b3893a5583","status":"failed","statusDetails":"AssertionError: assert 0 == 1\n +  where 0 = <built-in function countOf>(dict_values(['replica', 'replica', 'primary']), 'master')\n +    where <built-in function countOf> = operator.countOf\n +    and   dict_values(['replica', 'replica', 'primary']) = <built-in method values of dict object at 0x7dcd14cc4e40>()\n +      where <built-in method values of dict object at 0x7dcd14cc4e40> = {'postgresql-k8s/0': 'replica', 'postgresql-k8s/1': 'replica', 'postgresql-k8s/2': 'primary'}.values","time":{"start":1731029936075,"stop":1731030397156,"duration":461081}},{"uid":"53ae2ad72a4e7b25","reportUrl":"../231//#testresult/53ae2ad72a4e7b25","status":"failed","statusDetails":"AssertionError: assert 0 == 1\n +  where 0 = <built-in function countOf>(dict_values(['replica', 'replica', 'primary']), 'master')\n +    where <built-in function countOf> = operator.countOf\n +    and   dict_values(['replica', 'replica', 'primary']) = <built-in method values of dict object at 0x7b595fb7a180>()\n +      where <built-in method values of dict object at 0x7b595fb7a180> = {'postgresql-k8s/0': 'replica', 'postgresql-k8s/1': 'replica', 'postgresql-k8s/2': 'primary'}.values","time":{"start":1730951368434,"stop":1730951899830,"duration":531396}},{"uid":"9bf996ca40e62f91","reportUrl":"../230//#testresult/9bf996ca40e62f91","status":"skipped","statusDetails":"XFAIL reason: aborted\n\n_pytest.outcomes.XFailed: aborted","time":{"start":1730857518465,"stop":1730857518465,"duration":0}},{"uid":"2a58ffa9d6a8fab","reportUrl":"../229//#testresult/2a58ffa9d6a8fab","status":"failed","statusDetails":"AssertionError: assert 0 == 1\n +  where 0 = <built-in function countOf>(dict_values(['replica', 'replica', 'primary']), 'master')\n +    where <built-in function countOf> = operator.countOf\n +    and   dict_values(['replica', 'replica', 'primary']) = <built-in method values of dict object at 0x7886bbb7bc80>()\n +      where <built-in method values of dict object at 0x7886bbb7bc80> = {'postgresql-k8s/0': 'replica', 'postgresql-k8s/1': 'replica', 'postgresql-k8s/2': 'primary'}.values","time":{"start":1730772966984,"stop":1730773492219,"duration":525235}},{"uid":"31a5883f570651c1","reportUrl":"../228//#testresult/31a5883f570651c1","status":"failed","statusDetails":"AssertionError: assert 0 == 1\n +  where 0 = <built-in function countOf>(dict_values(['replica', 'replica', 'primary']), 'master')\n +    where <built-in function countOf> = operator.countOf\n +    and   dict_values(['replica', 'replica', 'primary']) = <built-in method values of dict object at 0x73377ad90c80>()\n +      where <built-in method values of dict object at 0x73377ad90c80> = {'postgresql-k8s/0': 'replica', 'postgresql-k8s/1': 'replica', 'postgresql-k8s/2': 'primary'}.values","time":{"start":1730687172598,"stop":1730687664047,"duration":491449}},{"uid":"9f9a37fc973d8e39","reportUrl":"../227//#testresult/9f9a37fc973d8e39","status":"failed","statusDetails":"AssertionError: assert 0 == 1\n +  where 0 = <built-in function countOf>(dict_values(['replica', 'replica', 'primary']), 'master')\n +    where <built-in function countOf> = operator.countOf\n +    and   dict_values(['replica', 'replica', 'primary']) = <built-in method values of dict object at 0x73c2488d2cc0>()\n +      where <built-in method values of dict object at 0x73c2488d2cc0> = {'postgresql-k8s/0': 'replica', 'postgresql-k8s/1': 'replica', 'postgresql-k8s/2': 'primary'}.values","time":{"start":1730598598679,"stop":1730599103571,"duration":504892}},{"uid":"a9f997ecf2aab999","reportUrl":"../226//#testresult/a9f997ecf2aab999","status":"skipped","statusDetails":"XFAIL reason: aborted\n\n_pytest.outcomes.XFailed: aborted","time":{"start":1730512615231,"stop":1730512615231,"duration":0}},{"uid":"5cba6bc77095f0b5","reportUrl":"../225//#testresult/5cba6bc77095f0b5","status":"failed","statusDetails":"AssertionError: assert 0 == 1\n +  where 0 = <built-in function countOf>(dict_values(['replica', 'replica', 'primary']), 'master')\n +    where <built-in function countOf> = operator.countOf\n +    and   dict_values(['replica', 'replica', 'primary']) = <built-in method values of dict object at 0x7f7b846e2a00>()\n +      where <built-in method values of dict object at 0x7f7b846e2a00> = {'postgresql-k8s/0': 'replica', 'postgresql-k8s/1': 'replica', 'postgresql-k8s/2': 'primary'}.values","time":{"start":1730430449925,"stop":1730431036673,"duration":586748}},{"uid":"36785ac68233aa63","reportUrl":"../224//#testresult/36785ac68233aa63","status":"unknown","time":{}},{"uid":"117ee3d27cc78068","reportUrl":"../223//#testresult/117ee3d27cc78068","status":"skipped","statusDetails":"XFAIL reason: aborted\n\n_pytest.outcomes.XFailed: aborted","time":{"start":1730252992289,"stop":1730252992289,"duration":0}},{"uid":"db0af11057538cc4","reportUrl":"../222//#testresult/db0af11057538cc4","status":"skipped","statusDetails":"XFAIL reason: aborted\n\n_pytest.outcomes.XFailed: aborted","time":{"start":1730169813118,"stop":1730169813118,"duration":0}},{"uid":"9a6bca63ae115ce3","reportUrl":"../221//#testresult/9a6bca63ae115ce3","status":"failed","statusDetails":"AssertionError: assert 0 == 1\n +  where 0 = <built-in function countOf>(dict_values(['replica', 'replica', 'primary']), 'master')\n +    where <built-in function countOf> = operator.countOf\n +    and   dict_values(['replica', 'replica', 'primary']) = <built-in method values of dict object at 0x7d9664bde400>()\n +      where <built-in method values of dict object at 0x7d9664bde400> = {'postgresql-k8s/0': 'replica', 'postgresql-k8s/1': 'replica', 'postgresql-k8s/2': 'primary'}.values","time":{"start":1730082930826,"stop":1730083529887,"duration":599061}},{"uid":"58fcfe935661073f","reportUrl":"../220//#testresult/58fcfe935661073f","status":"skipped","statusDetails":"XFAIL reason: aborted\n\n_pytest.outcomes.XFailed: aborted","time":{"start":1729994323056,"stop":1729994323056,"duration":0}},{"uid":"1cbe08b84b60cacf","reportUrl":"../219//#testresult/1cbe08b84b60cacf","status":"failed","statusDetails":"AssertionError: assert 0 == 1\n +  where 0 = <built-in function countOf>(dict_values(['replica', 'replica', 'primary']), 'master')\n +    where <built-in function countOf> = operator.countOf\n +    and   dict_values(['replica', 'replica', 'primary']) = <built-in method values of dict object at 0x7f2cc8c04d00>()\n +      where <built-in method values of dict object at 0x7f2cc8c04d00> = {'postgresql-k8s/0': 'replica', 'postgresql-k8s/1': 'replica', 'postgresql-k8s/2': 'primary'}.values","time":{"start":1729908557704,"stop":1729909020735,"duration":463031}},{"uid":"1107e4aff0c34c44","reportUrl":"../218//#testresult/1107e4aff0c34c44","status":"skipped","statusDetails":"XFAIL reason: aborted\n\n_pytest.outcomes.XFailed: aborted","time":{"start":1729821359785,"stop":1729821359785,"duration":0}}]},"tags":["unstable","asyncio","@pytest.mark.skipif(False, reason='Requires amd64 architecture')","group(1)"]},"source":"45f3242fb56cb1c7.json","parameterValues":[]}