{"uid":"54140b0db210c5d0","name":"test_deploy_stable","fullName":"tests.integration.ha_tests.test_rollback_to_master_label#test_deploy_stable","historyId":"a774f02d32711e786c43ed4ebdc94c1f","time":{"start":1731636206038,"stop":1731636810503,"duration":604465},"description":"Simple test to ensure that the PostgreSQL and application charms get deployed.","descriptionHtml":"<p>Simple test to ensure that the PostgreSQL and application charms get deployed.</p>\n","status":"broken","statusMessage":"asyncio.exceptions.TimeoutError: Timed out waiting for model:\npostgresql-k8s/0 [idle] unknown: \n  postgresql-k8s/1 [executing] waiting: awaiting for primary endpoint to be ready\n  postgresql-k8s/2 [idle] unknown:","statusTrace":"Traceback (most recent call last):\n  File \"/home/ubuntu/actions-runner/_work/test-runners-2-is-x64-postgresql-k8s-operator/test-runners-2-is-x64-postgresql-k8s-operator/.tox/integration/lib/python3.10/site-packages/_pytest/runner.py\", line 341, in from_call\n    result: TResult | None = func()\n  File \"/home/ubuntu/actions-runner/_work/test-runners-2-is-x64-postgresql-k8s-operator/test-runners-2-is-x64-postgresql-k8s-operator/.tox/integration/lib/python3.10/site-packages/_pytest/runner.py\", line 242, in <lambda>\n    lambda: runtest_hook(item=item, **kwds), when=when, reraise=reraise\n  File \"/home/ubuntu/actions-runner/_work/test-runners-2-is-x64-postgresql-k8s-operator/test-runners-2-is-x64-postgresql-k8s-operator/.tox/integration/lib/python3.10/site-packages/pluggy/_hooks.py\", line 513, in __call__\n    return self._hookexec(self.name, self._hookimpls.copy(), kwargs, firstresult)\n  File \"/home/ubuntu/actions-runner/_work/test-runners-2-is-x64-postgresql-k8s-operator/test-runners-2-is-x64-postgresql-k8s-operator/.tox/integration/lib/python3.10/site-packages/pluggy/_manager.py\", line 120, in _hookexec\n    return self._inner_hookexec(hook_name, methods, kwargs, firstresult)\n  File \"/home/ubuntu/actions-runner/_work/test-runners-2-is-x64-postgresql-k8s-operator/test-runners-2-is-x64-postgresql-k8s-operator/.tox/integration/lib/python3.10/site-packages/pluggy/_callers.py\", line 182, in _multicall\n    return outcome.get_result()\n  File \"/home/ubuntu/actions-runner/_work/test-runners-2-is-x64-postgresql-k8s-operator/test-runners-2-is-x64-postgresql-k8s-operator/.tox/integration/lib/python3.10/site-packages/pluggy/_result.py\", line 100, in get_result\n    raise exc.with_traceback(exc.__traceback__)\n  File \"/home/ubuntu/actions-runner/_work/test-runners-2-is-x64-postgresql-k8s-operator/test-runners-2-is-x64-postgresql-k8s-operator/.tox/integration/lib/python3.10/site-packages/pluggy/_callers.py\", line 167, in _multicall\n    teardown.throw(outcome._exception)\n  File \"/home/ubuntu/actions-runner/_work/test-runners-2-is-x64-postgresql-k8s-operator/test-runners-2-is-x64-postgresql-k8s-operator/.tox/integration/lib/python3.10/site-packages/_pytest/threadexception.py\", line 92, in pytest_runtest_call\n    yield from thread_exception_runtest_hook()\n  File \"/home/ubuntu/actions-runner/_work/test-runners-2-is-x64-postgresql-k8s-operator/test-runners-2-is-x64-postgresql-k8s-operator/.tox/integration/lib/python3.10/site-packages/_pytest/threadexception.py\", line 68, in thread_exception_runtest_hook\n    yield\n  File \"/home/ubuntu/actions-runner/_work/test-runners-2-is-x64-postgresql-k8s-operator/test-runners-2-is-x64-postgresql-k8s-operator/.tox/integration/lib/python3.10/site-packages/pluggy/_callers.py\", line 167, in _multicall\n    teardown.throw(outcome._exception)\n  File \"/home/ubuntu/actions-runner/_work/test-runners-2-is-x64-postgresql-k8s-operator/test-runners-2-is-x64-postgresql-k8s-operator/.tox/integration/lib/python3.10/site-packages/_pytest/unraisableexception.py\", line 95, in pytest_runtest_call\n    yield from unraisable_exception_runtest_hook()\n  File \"/home/ubuntu/actions-runner/_work/test-runners-2-is-x64-postgresql-k8s-operator/test-runners-2-is-x64-postgresql-k8s-operator/.tox/integration/lib/python3.10/site-packages/_pytest/unraisableexception.py\", line 70, in unraisable_exception_runtest_hook\n    yield\n  File \"/home/ubuntu/actions-runner/_work/test-runners-2-is-x64-postgresql-k8s-operator/test-runners-2-is-x64-postgresql-k8s-operator/.tox/integration/lib/python3.10/site-packages/pluggy/_callers.py\", line 167, in _multicall\n    teardown.throw(outcome._exception)\n  File \"/home/ubuntu/actions-runner/_work/test-runners-2-is-x64-postgresql-k8s-operator/test-runners-2-is-x64-postgresql-k8s-operator/.tox/integration/lib/python3.10/site-packages/_pytest/logging.py\", line 846, in pytest_runtest_call\n    yield from self._runtest_for(item, \"call\")\n  File \"/home/ubuntu/actions-runner/_work/test-runners-2-is-x64-postgresql-k8s-operator/test-runners-2-is-x64-postgresql-k8s-operator/.tox/integration/lib/python3.10/site-packages/_pytest/logging.py\", line 829, in _runtest_for\n    yield\n  File \"/home/ubuntu/actions-runner/_work/test-runners-2-is-x64-postgresql-k8s-operator/test-runners-2-is-x64-postgresql-k8s-operator/.tox/integration/lib/python3.10/site-packages/pluggy/_callers.py\", line 167, in _multicall\n    teardown.throw(outcome._exception)\n  File \"/home/ubuntu/actions-runner/_work/test-runners-2-is-x64-postgresql-k8s-operator/test-runners-2-is-x64-postgresql-k8s-operator/.tox/integration/lib/python3.10/site-packages/_pytest/capture.py\", line 880, in pytest_runtest_call\n    return (yield)\n  File \"/home/ubuntu/actions-runner/_work/test-runners-2-is-x64-postgresql-k8s-operator/test-runners-2-is-x64-postgresql-k8s-operator/.tox/integration/lib/python3.10/site-packages/pluggy/_callers.py\", line 167, in _multicall\n    teardown.throw(outcome._exception)\n  File \"/home/ubuntu/actions-runner/_work/test-runners-2-is-x64-postgresql-k8s-operator/test-runners-2-is-x64-postgresql-k8s-operator/.tox/integration/lib/python3.10/site-packages/_pytest/skipping.py\", line 257, in pytest_runtest_call\n    return (yield)\n  File \"/home/ubuntu/actions-runner/_work/test-runners-2-is-x64-postgresql-k8s-operator/test-runners-2-is-x64-postgresql-k8s-operator/.tox/integration/lib/python3.10/site-packages/pluggy/_callers.py\", line 103, in _multicall\n    res = hook_impl.function(*args)\n  File \"/home/ubuntu/actions-runner/_work/test-runners-2-is-x64-postgresql-k8s-operator/test-runners-2-is-x64-postgresql-k8s-operator/.tox/integration/lib/python3.10/site-packages/_pytest/runner.py\", line 174, in pytest_runtest_call\n    item.runtest()\n  File \"/home/ubuntu/actions-runner/_work/test-runners-2-is-x64-postgresql-k8s-operator/test-runners-2-is-x64-postgresql-k8s-operator/.tox/integration/lib/python3.10/site-packages/_pytest/python.py\", line 1627, in runtest\n    self.ihook.pytest_pyfunc_call(pyfuncitem=self)\n  File \"/home/ubuntu/actions-runner/_work/test-runners-2-is-x64-postgresql-k8s-operator/test-runners-2-is-x64-postgresql-k8s-operator/.tox/integration/lib/python3.10/site-packages/pluggy/_hooks.py\", line 513, in __call__\n    return self._hookexec(self.name, self._hookimpls.copy(), kwargs, firstresult)\n  File \"/home/ubuntu/actions-runner/_work/test-runners-2-is-x64-postgresql-k8s-operator/test-runners-2-is-x64-postgresql-k8s-operator/.tox/integration/lib/python3.10/site-packages/pluggy/_manager.py\", line 120, in _hookexec\n    return self._inner_hookexec(hook_name, methods, kwargs, firstresult)\n  File \"/home/ubuntu/actions-runner/_work/test-runners-2-is-x64-postgresql-k8s-operator/test-runners-2-is-x64-postgresql-k8s-operator/.tox/integration/lib/python3.10/site-packages/pluggy/_callers.py\", line 182, in _multicall\n    return outcome.get_result()\n  File \"/home/ubuntu/actions-runner/_work/test-runners-2-is-x64-postgresql-k8s-operator/test-runners-2-is-x64-postgresql-k8s-operator/.tox/integration/lib/python3.10/site-packages/pluggy/_result.py\", line 100, in get_result\n    raise exc.with_traceback(exc.__traceback__)\n  File \"/home/ubuntu/actions-runner/_work/test-runners-2-is-x64-postgresql-k8s-operator/test-runners-2-is-x64-postgresql-k8s-operator/.tox/integration/lib/python3.10/site-packages/pluggy/_callers.py\", line 103, in _multicall\n    res = hook_impl.function(*args)\n  File \"/home/ubuntu/actions-runner/_work/test-runners-2-is-x64-postgresql-k8s-operator/test-runners-2-is-x64-postgresql-k8s-operator/.tox/integration/lib/python3.10/site-packages/_pytest/python.py\", line 159, in pytest_pyfunc_call\n    result = testfunction(**testargs)\n  File \"/home/ubuntu/actions-runner/_work/test-runners-2-is-x64-postgresql-k8s-operator/test-runners-2-is-x64-postgresql-k8s-operator/.tox/integration/lib/python3.10/site-packages/pytest_asyncio/plugin.py\", line 529, in inner\n    _loop.run_until_complete(task)\n  File \"/usr/lib/python3.10/asyncio/base_events.py\", line 649, in run_until_complete\n    return future.result()\n  File \"/home/ubuntu/actions-runner/_work/test-runners-2-is-x64-postgresql-k8s-operator/test-runners-2-is-x64-postgresql-k8s-operator/tests/integration/ha_tests/test_rollback_to_master_label.py\", line 60, in test_deploy_stable\n    await ops_test.model.wait_for_idle(\n  File \"/home/ubuntu/actions-runner/_work/test-runners-2-is-x64-postgresql-k8s-operator/test-runners-2-is-x64-postgresql-k8s-operator/.tox/integration/lib/python3.10/site-packages/juju/model.py\", line 2970, in wait_for_idle\n    raise jasyncio.TimeoutError(\"Timed out waiting for model:\\n\" + busy)\nasyncio.exceptions.TimeoutError: Timed out waiting for model:\npostgresql-k8s/0 [idle] unknown: \n  postgresql-k8s/1 [executing] waiting: awaiting for primary endpoint to be ready\n  postgresql-k8s/2 [idle] unknown:","flaky":false,"newFailed":false,"newBroken":true,"newPassed":false,"retriesCount":1,"retriesStatusChange":true,"beforeStages":[{"name":"event_loop","time":{"start":1731636205769,"stop":1731636205769,"duration":0},"status":"passed","steps":[],"attachments":[],"parameters":[],"stepsCount":0,"shouldDisplayMessage":false,"attachmentsCount":0,"hasContent":false,"attachmentStep":false},{"name":"tmp_path_factory","time":{"start":1731636205770,"stop":1731636205770,"duration":0},"status":"passed","steps":[],"attachments":[],"parameters":[],"stepsCount":0,"shouldDisplayMessage":false,"attachmentsCount":0,"hasContent":false,"attachmentStep":false},{"name":"ops_test","time":{"start":1731636205770,"stop":1731636206037,"duration":267},"status":"passed","steps":[],"attachments":[],"parameters":[],"stepsCount":0,"shouldDisplayMessage":false,"attachmentsCount":0,"hasContent":false,"attachmentStep":false},{"name":"abort_on_fail","time":{"start":1731636206038,"stop":1731636206038,"duration":0},"status":"passed","steps":[],"attachments":[],"parameters":[],"stepsCount":0,"shouldDisplayMessage":false,"attachmentsCount":0,"hasContent":false,"attachmentStep":false}],"testStage":{"description":"Simple test to ensure that the PostgreSQL and application charms get deployed.","status":"broken","statusMessage":"asyncio.exceptions.TimeoutError: Timed out waiting for model:\npostgresql-k8s/0 [idle] unknown: \n  postgresql-k8s/1 [executing] waiting: awaiting for primary endpoint to be ready\n  postgresql-k8s/2 [idle] unknown:","statusTrace":"Traceback (most recent call last):\n  File \"/home/ubuntu/actions-runner/_work/test-runners-2-is-x64-postgresql-k8s-operator/test-runners-2-is-x64-postgresql-k8s-operator/.tox/integration/lib/python3.10/site-packages/_pytest/runner.py\", line 341, in from_call\n    result: TResult | None = func()\n  File \"/home/ubuntu/actions-runner/_work/test-runners-2-is-x64-postgresql-k8s-operator/test-runners-2-is-x64-postgresql-k8s-operator/.tox/integration/lib/python3.10/site-packages/_pytest/runner.py\", line 242, in <lambda>\n    lambda: runtest_hook(item=item, **kwds), when=when, reraise=reraise\n  File \"/home/ubuntu/actions-runner/_work/test-runners-2-is-x64-postgresql-k8s-operator/test-runners-2-is-x64-postgresql-k8s-operator/.tox/integration/lib/python3.10/site-packages/pluggy/_hooks.py\", line 513, in __call__\n    return self._hookexec(self.name, self._hookimpls.copy(), kwargs, firstresult)\n  File \"/home/ubuntu/actions-runner/_work/test-runners-2-is-x64-postgresql-k8s-operator/test-runners-2-is-x64-postgresql-k8s-operator/.tox/integration/lib/python3.10/site-packages/pluggy/_manager.py\", line 120, in _hookexec\n    return self._inner_hookexec(hook_name, methods, kwargs, firstresult)\n  File \"/home/ubuntu/actions-runner/_work/test-runners-2-is-x64-postgresql-k8s-operator/test-runners-2-is-x64-postgresql-k8s-operator/.tox/integration/lib/python3.10/site-packages/pluggy/_callers.py\", line 182, in _multicall\n    return outcome.get_result()\n  File \"/home/ubuntu/actions-runner/_work/test-runners-2-is-x64-postgresql-k8s-operator/test-runners-2-is-x64-postgresql-k8s-operator/.tox/integration/lib/python3.10/site-packages/pluggy/_result.py\", line 100, in get_result\n    raise exc.with_traceback(exc.__traceback__)\n  File \"/home/ubuntu/actions-runner/_work/test-runners-2-is-x64-postgresql-k8s-operator/test-runners-2-is-x64-postgresql-k8s-operator/.tox/integration/lib/python3.10/site-packages/pluggy/_callers.py\", line 167, in _multicall\n    teardown.throw(outcome._exception)\n  File \"/home/ubuntu/actions-runner/_work/test-runners-2-is-x64-postgresql-k8s-operator/test-runners-2-is-x64-postgresql-k8s-operator/.tox/integration/lib/python3.10/site-packages/_pytest/threadexception.py\", line 92, in pytest_runtest_call\n    yield from thread_exception_runtest_hook()\n  File \"/home/ubuntu/actions-runner/_work/test-runners-2-is-x64-postgresql-k8s-operator/test-runners-2-is-x64-postgresql-k8s-operator/.tox/integration/lib/python3.10/site-packages/_pytest/threadexception.py\", line 68, in thread_exception_runtest_hook\n    yield\n  File \"/home/ubuntu/actions-runner/_work/test-runners-2-is-x64-postgresql-k8s-operator/test-runners-2-is-x64-postgresql-k8s-operator/.tox/integration/lib/python3.10/site-packages/pluggy/_callers.py\", line 167, in _multicall\n    teardown.throw(outcome._exception)\n  File \"/home/ubuntu/actions-runner/_work/test-runners-2-is-x64-postgresql-k8s-operator/test-runners-2-is-x64-postgresql-k8s-operator/.tox/integration/lib/python3.10/site-packages/_pytest/unraisableexception.py\", line 95, in pytest_runtest_call\n    yield from unraisable_exception_runtest_hook()\n  File \"/home/ubuntu/actions-runner/_work/test-runners-2-is-x64-postgresql-k8s-operator/test-runners-2-is-x64-postgresql-k8s-operator/.tox/integration/lib/python3.10/site-packages/_pytest/unraisableexception.py\", line 70, in unraisable_exception_runtest_hook\n    yield\n  File \"/home/ubuntu/actions-runner/_work/test-runners-2-is-x64-postgresql-k8s-operator/test-runners-2-is-x64-postgresql-k8s-operator/.tox/integration/lib/python3.10/site-packages/pluggy/_callers.py\", line 167, in _multicall\n    teardown.throw(outcome._exception)\n  File \"/home/ubuntu/actions-runner/_work/test-runners-2-is-x64-postgresql-k8s-operator/test-runners-2-is-x64-postgresql-k8s-operator/.tox/integration/lib/python3.10/site-packages/_pytest/logging.py\", line 846, in pytest_runtest_call\n    yield from self._runtest_for(item, \"call\")\n  File \"/home/ubuntu/actions-runner/_work/test-runners-2-is-x64-postgresql-k8s-operator/test-runners-2-is-x64-postgresql-k8s-operator/.tox/integration/lib/python3.10/site-packages/_pytest/logging.py\", line 829, in _runtest_for\n    yield\n  File \"/home/ubuntu/actions-runner/_work/test-runners-2-is-x64-postgresql-k8s-operator/test-runners-2-is-x64-postgresql-k8s-operator/.tox/integration/lib/python3.10/site-packages/pluggy/_callers.py\", line 167, in _multicall\n    teardown.throw(outcome._exception)\n  File \"/home/ubuntu/actions-runner/_work/test-runners-2-is-x64-postgresql-k8s-operator/test-runners-2-is-x64-postgresql-k8s-operator/.tox/integration/lib/python3.10/site-packages/_pytest/capture.py\", line 880, in pytest_runtest_call\n    return (yield)\n  File \"/home/ubuntu/actions-runner/_work/test-runners-2-is-x64-postgresql-k8s-operator/test-runners-2-is-x64-postgresql-k8s-operator/.tox/integration/lib/python3.10/site-packages/pluggy/_callers.py\", line 167, in _multicall\n    teardown.throw(outcome._exception)\n  File \"/home/ubuntu/actions-runner/_work/test-runners-2-is-x64-postgresql-k8s-operator/test-runners-2-is-x64-postgresql-k8s-operator/.tox/integration/lib/python3.10/site-packages/_pytest/skipping.py\", line 257, in pytest_runtest_call\n    return (yield)\n  File \"/home/ubuntu/actions-runner/_work/test-runners-2-is-x64-postgresql-k8s-operator/test-runners-2-is-x64-postgresql-k8s-operator/.tox/integration/lib/python3.10/site-packages/pluggy/_callers.py\", line 103, in _multicall\n    res = hook_impl.function(*args)\n  File \"/home/ubuntu/actions-runner/_work/test-runners-2-is-x64-postgresql-k8s-operator/test-runners-2-is-x64-postgresql-k8s-operator/.tox/integration/lib/python3.10/site-packages/_pytest/runner.py\", line 174, in pytest_runtest_call\n    item.runtest()\n  File \"/home/ubuntu/actions-runner/_work/test-runners-2-is-x64-postgresql-k8s-operator/test-runners-2-is-x64-postgresql-k8s-operator/.tox/integration/lib/python3.10/site-packages/_pytest/python.py\", line 1627, in runtest\n    self.ihook.pytest_pyfunc_call(pyfuncitem=self)\n  File \"/home/ubuntu/actions-runner/_work/test-runners-2-is-x64-postgresql-k8s-operator/test-runners-2-is-x64-postgresql-k8s-operator/.tox/integration/lib/python3.10/site-packages/pluggy/_hooks.py\", line 513, in __call__\n    return self._hookexec(self.name, self._hookimpls.copy(), kwargs, firstresult)\n  File \"/home/ubuntu/actions-runner/_work/test-runners-2-is-x64-postgresql-k8s-operator/test-runners-2-is-x64-postgresql-k8s-operator/.tox/integration/lib/python3.10/site-packages/pluggy/_manager.py\", line 120, in _hookexec\n    return self._inner_hookexec(hook_name, methods, kwargs, firstresult)\n  File \"/home/ubuntu/actions-runner/_work/test-runners-2-is-x64-postgresql-k8s-operator/test-runners-2-is-x64-postgresql-k8s-operator/.tox/integration/lib/python3.10/site-packages/pluggy/_callers.py\", line 182, in _multicall\n    return outcome.get_result()\n  File \"/home/ubuntu/actions-runner/_work/test-runners-2-is-x64-postgresql-k8s-operator/test-runners-2-is-x64-postgresql-k8s-operator/.tox/integration/lib/python3.10/site-packages/pluggy/_result.py\", line 100, in get_result\n    raise exc.with_traceback(exc.__traceback__)\n  File \"/home/ubuntu/actions-runner/_work/test-runners-2-is-x64-postgresql-k8s-operator/test-runners-2-is-x64-postgresql-k8s-operator/.tox/integration/lib/python3.10/site-packages/pluggy/_callers.py\", line 103, in _multicall\n    res = hook_impl.function(*args)\n  File \"/home/ubuntu/actions-runner/_work/test-runners-2-is-x64-postgresql-k8s-operator/test-runners-2-is-x64-postgresql-k8s-operator/.tox/integration/lib/python3.10/site-packages/_pytest/python.py\", line 159, in pytest_pyfunc_call\n    result = testfunction(**testargs)\n  File \"/home/ubuntu/actions-runner/_work/test-runners-2-is-x64-postgresql-k8s-operator/test-runners-2-is-x64-postgresql-k8s-operator/.tox/integration/lib/python3.10/site-packages/pytest_asyncio/plugin.py\", line 529, in inner\n    _loop.run_until_complete(task)\n  File \"/usr/lib/python3.10/asyncio/base_events.py\", line 649, in run_until_complete\n    return future.result()\n  File \"/home/ubuntu/actions-runner/_work/test-runners-2-is-x64-postgresql-k8s-operator/test-runners-2-is-x64-postgresql-k8s-operator/tests/integration/ha_tests/test_rollback_to_master_label.py\", line 60, in test_deploy_stable\n    await ops_test.model.wait_for_idle(\n  File \"/home/ubuntu/actions-runner/_work/test-runners-2-is-x64-postgresql-k8s-operator/test-runners-2-is-x64-postgresql-k8s-operator/.tox/integration/lib/python3.10/site-packages/juju/model.py\", line 2970, in wait_for_idle\n    raise jasyncio.TimeoutError(\"Timed out waiting for model:\\n\" + busy)\nasyncio.exceptions.TimeoutError: Timed out waiting for model:\npostgresql-k8s/0 [idle] unknown: \n  postgresql-k8s/1 [executing] waiting: awaiting for primary endpoint to be ready\n  postgresql-k8s/2 [idle] unknown:","steps":[],"attachments":[{"uid":"fc471253644ceb17","name":"log","source":"fc471253644ceb17.txt","type":"text/plain","size":5039}],"parameters":[],"stepsCount":0,"shouldDisplayMessage":true,"attachmentsCount":1,"hasContent":true,"attachmentStep":false},"afterStages":[{"name":"abort_on_fail::0","time":{"start":1731636810507,"stop":1731636810507,"duration":0},"status":"passed","steps":[],"attachments":[],"parameters":[],"stepsCount":0,"shouldDisplayMessage":false,"attachmentsCount":0,"hasContent":false,"attachmentStep":false},{"name":"ops_test::finalizer","time":{"start":1731636810511,"stop":1731636810926,"duration":415},"status":"passed","steps":[],"attachments":[],"parameters":[],"stepsCount":0,"shouldDisplayMessage":false,"attachmentsCount":0,"hasContent":false,"attachmentStep":false},{"name":"event_loop::2","time":{"start":1731636810926,"stop":1731636810927,"duration":1},"status":"passed","steps":[],"attachments":[],"parameters":[],"stepsCount":0,"shouldDisplayMessage":false,"attachmentsCount":0,"hasContent":false,"attachmentStep":false},{"name":"event_loop::_close_event_loop","time":{"start":1731636810927,"stop":1731636810927,"duration":0},"status":"passed","steps":[],"attachments":[],"parameters":[],"stepsCount":0,"shouldDisplayMessage":false,"attachmentsCount":0,"hasContent":false,"attachmentStep":false},{"name":"event_loop::_provide_clean_event_loop","time":{"start":1731636810927,"stop":1731636810927,"duration":0},"status":"passed","steps":[],"attachments":[],"parameters":[],"stepsCount":0,"shouldDisplayMessage":false,"attachmentsCount":0,"hasContent":false,"attachmentStep":false}],"labels":[{"name":"tag","value":"abort_on_fail"},{"name":"tag","value":"@pytest.mark.skipif(False, reason='Requires amd64 architecture')"},{"name":"tag","value":"unstable"},{"name":"tag","value":"group(1)"},{"name":"tag","value":"asyncio"},{"name":"parentSuite","value":"tests.integration.ha_tests"},{"name":"suite","value":"test_rollback_to_master_label"},{"name":"host","value":"github-runner"},{"name":"thread","value":"19464-MainThread"},{"name":"framework","value":"pytest"},{"name":"language","value":"cpython3"},{"name":"package","value":"tests.integration.ha_tests.test_rollback_to_master_label"},{"name":"resultFormat","value":"allure2"}],"parameters":[],"links":[],"hidden":false,"retry":false,"extra":{"severity":"normal","retries":[{"uid":"f22ad8f72ceb37d6","status":"unknown","time":{}}],"categories":[{"name":"Test defects","matchedStatuses":[],"flaky":false}],"history":{"statistic":{"failed":0,"broken":24,"skipped":0,"passed":24,"unknown":2,"total":50},"items":[{"uid":"dcfc50cf2be96a6a","reportUrl":"../238//#testresult/dcfc50cf2be96a6a","status":"passed","time":{"start":1731550274998,"stop":1731550598832,"duration":323834}},{"uid":"79d88c392e963ed7","reportUrl":"../237//#testresult/79d88c392e963ed7","status":"passed","time":{"start":1731461813816,"stop":1731462095031,"duration":281215}},{"uid":"4b7f1e0b78215b46","reportUrl":"../236//#testresult/4b7f1e0b78215b46","status":"passed","time":{"start":1731378591986,"stop":1731378913466,"duration":321480}},{"uid":"788ba8df66682907","reportUrl":"../235//#testresult/788ba8df66682907","status":"broken","statusDetails":"asyncio.exceptions.TimeoutError: Timed out waiting for model:\npostgresql-k8s/0 [idle] waiting: awaiting for member to start\n  postgresql-k8s/1 [idle] maintenance: reconfiguring cluster\n  postgresql-k8s/2 [idle] waiting: awaiting for cluster to start","time":{"start":1731292996382,"stop":1731293600293,"duration":603911}},{"uid":"887675fe6777c6e0","reportUrl":"../234//#testresult/887675fe6777c6e0","status":"broken","statusDetails":"asyncio.exceptions.TimeoutError: Timed out waiting for model:\npostgresql-k8s/0 [idle] active: \n  postgresql-k8s/1 [idle] active: \n  postgresql-k8s/2 [executing] active: Primary","time":{"start":1731202701580,"stop":1731203305335,"duration":603755}},{"uid":"84f3e75fb361570e","reportUrl":"../233//#testresult/84f3e75fb361570e","status":"broken","statusDetails":"asyncio.exceptions.TimeoutError: Timed out waiting for model:\npostgresql-k8s/0 [idle] waiting: awaiting for cluster to start\n  postgresql-k8s/1 [idle] waiting: awaiting for member to start\n  postgresql-k8s/2 [idle] maintenance: reconfiguring cluster","time":{"start":1731121136372,"stop":1731121738704,"duration":602332}},{"uid":"6e6ddf8206b8577c","reportUrl":"../232//#testresult/6e6ddf8206b8577c","status":"passed","time":{"start":1731029633111,"stop":1731029936073,"duration":302962}},{"uid":"f380ec0530c38b8b","reportUrl":"../231//#testresult/f380ec0530c38b8b","status":"passed","time":{"start":1730951069337,"stop":1730951368431,"duration":299094}},{"uid":"75667bf88bada12a","reportUrl":"../230//#testresult/75667bf88bada12a","status":"broken","statusDetails":"asyncio.exceptions.TimeoutError: Timed out waiting for model:\npostgresql-k8s/0 [idle] waiting: awaiting for member to start\n  postgresql-k8s/1 [idle] maintenance: reconfiguring cluster\n  postgresql-k8s/2 [idle] waiting: awaiting for cluster to start","time":{"start":1730856914964,"stop":1730857518461,"duration":603497}},{"uid":"8f1a6239891f9d0a","reportUrl":"../229//#testresult/8f1a6239891f9d0a","status":"passed","time":{"start":1730772663884,"stop":1730772966981,"duration":303097}},{"uid":"3bb40cab2c50fd1f","reportUrl":"../228//#testresult/3bb40cab2c50fd1f","status":"passed","time":{"start":1730686896791,"stop":1730687172594,"duration":275803}},{"uid":"c564e515e9baa74d","reportUrl":"../227//#testresult/c564e515e9baa74d","status":"passed","time":{"start":1730598177089,"stop":1730598598675,"duration":421586}},{"uid":"fe5c7df8e54f8fe6","reportUrl":"../226//#testresult/fe5c7df8e54f8fe6","status":"broken","statusDetails":"asyncio.exceptions.TimeoutError: Timed out waiting for model:\npostgresql-k8s/0 [idle] active: Primary\n  postgresql-k8s/1 [idle] waiting: awaiting for member to start\n  postgresql-k8s/2 [idle] waiting: awaiting for cluster to start","time":{"start":1730512008965,"stop":1730512615226,"duration":606261}},{"uid":"9232a404f96528f1","reportUrl":"../225//#testresult/9232a404f96528f1","status":"passed","time":{"start":1730430036011,"stop":1730430449922,"duration":413911}},{"uid":"d46b06af9bd702d3","reportUrl":"../224//#testresult/d46b06af9bd702d3","status":"unknown","time":{}},{"uid":"e66c49007c6ff28e","reportUrl":"../223//#testresult/e66c49007c6ff28e","status":"broken","statusDetails":"asyncio.exceptions.TimeoutError: Timed out waiting for model:\npostgresql-k8s/0 [idle] waiting: awaiting for primary endpoint to be ready\n  postgresql-k8s/1 [idle] unknown: \n  postgresql-k8s/2 [idle] unknown:","time":{"start":1730252387369,"stop":1730252992284,"duration":604915}},{"uid":"69783e3ffed9d2ef","reportUrl":"../222//#testresult/69783e3ffed9d2ef","status":"broken","statusDetails":"asyncio.exceptions.TimeoutError: Timed out waiting for model:\npostgresql-k8s/0 [idle] maintenance: reconfiguring cluster\n  postgresql-k8s/1 [idle] waiting: awaiting for member to start\n  postgresql-k8s/2 [idle] waiting: awaiting for cluster to start","time":{"start":1730169209672,"stop":1730169813113,"duration":603441}},{"uid":"e26e9b293bc328f8","reportUrl":"../221//#testresult/e26e9b293bc328f8","status":"passed","time":{"start":1730082538925,"stop":1730082930823,"duration":391898}},{"uid":"2e1b9793349f20be","reportUrl":"../220//#testresult/2e1b9793349f20be","status":"broken","statusDetails":"asyncio.exceptions.TimeoutError: Timed out waiting for model:\npostgresql-k8s/0 [idle] unknown: \n  postgresql-k8s/1 [executing] waiting: awaiting for primary endpoint to be ready\n  postgresql-k8s/2 [idle] unknown:","time":{"start":1729993716776,"stop":1729994323050,"duration":606274}},{"uid":"72e14bf8386ca52f","reportUrl":"../219//#testresult/72e14bf8386ca52f","status":"passed","time":{"start":1729908246079,"stop":1729908557699,"duration":311620}}]},"tags":["unstable","asyncio","abort_on_fail","@pytest.mark.skipif(False, reason='Requires amd64 architecture')","group(1)"]},"source":"54140b0db210c5d0.json","parameterValues":[]}