{"uid":"d0fb4cca0e5dec09","name":"test_deploy_active","fullName":"tests.integration.test_password_rotation#test_deploy_active","historyId":"7731bff68b9acca2f27c79bc5db0a391","time":{"start":1730083344076,"stop":1730084359495,"duration":1015419},"description":"Build the charm and deploy it.","descriptionHtml":"<p>Build the charm and deploy it.</p>\n","status":"broken","statusMessage":"asyncio.exceptions.TimeoutError: Timed out waiting for model:\npostgresql-k8s/0 [idle] unknown: \n  postgresql-k8s/1 [idle] waiting: awaiting for primary endpoint to be ready\n  postgresql-k8s/2 [idle] unknown:","statusTrace":"Traceback (most recent call last):\n  File \"/home/ubuntu/actions-runner/_work/test-runners-2-is-x64-postgresql-k8s-operator/test-runners-2-is-x64-postgresql-k8s-operator/.tox/integration/lib/python3.10/site-packages/_pytest/runner.py\", line 341, in from_call\n    result: TResult | None = func()\n  File \"/home/ubuntu/actions-runner/_work/test-runners-2-is-x64-postgresql-k8s-operator/test-runners-2-is-x64-postgresql-k8s-operator/.tox/integration/lib/python3.10/site-packages/_pytest/runner.py\", line 242, in <lambda>\n    lambda: runtest_hook(item=item, **kwds), when=when, reraise=reraise\n  File \"/home/ubuntu/actions-runner/_work/test-runners-2-is-x64-postgresql-k8s-operator/test-runners-2-is-x64-postgresql-k8s-operator/.tox/integration/lib/python3.10/site-packages/pluggy/_hooks.py\", line 513, in __call__\n    return self._hookexec(self.name, self._hookimpls.copy(), kwargs, firstresult)\n  File \"/home/ubuntu/actions-runner/_work/test-runners-2-is-x64-postgresql-k8s-operator/test-runners-2-is-x64-postgresql-k8s-operator/.tox/integration/lib/python3.10/site-packages/pluggy/_manager.py\", line 120, in _hookexec\n    return self._inner_hookexec(hook_name, methods, kwargs, firstresult)\n  File \"/home/ubuntu/actions-runner/_work/test-runners-2-is-x64-postgresql-k8s-operator/test-runners-2-is-x64-postgresql-k8s-operator/.tox/integration/lib/python3.10/site-packages/pluggy/_callers.py\", line 182, in _multicall\n    return outcome.get_result()\n  File \"/home/ubuntu/actions-runner/_work/test-runners-2-is-x64-postgresql-k8s-operator/test-runners-2-is-x64-postgresql-k8s-operator/.tox/integration/lib/python3.10/site-packages/pluggy/_result.py\", line 100, in get_result\n    raise exc.with_traceback(exc.__traceback__)\n  File \"/home/ubuntu/actions-runner/_work/test-runners-2-is-x64-postgresql-k8s-operator/test-runners-2-is-x64-postgresql-k8s-operator/.tox/integration/lib/python3.10/site-packages/pluggy/_callers.py\", line 167, in _multicall\n    teardown.throw(outcome._exception)\n  File \"/home/ubuntu/actions-runner/_work/test-runners-2-is-x64-postgresql-k8s-operator/test-runners-2-is-x64-postgresql-k8s-operator/.tox/integration/lib/python3.10/site-packages/_pytest/threadexception.py\", line 92, in pytest_runtest_call\n    yield from thread_exception_runtest_hook()\n  File \"/home/ubuntu/actions-runner/_work/test-runners-2-is-x64-postgresql-k8s-operator/test-runners-2-is-x64-postgresql-k8s-operator/.tox/integration/lib/python3.10/site-packages/_pytest/threadexception.py\", line 68, in thread_exception_runtest_hook\n    yield\n  File \"/home/ubuntu/actions-runner/_work/test-runners-2-is-x64-postgresql-k8s-operator/test-runners-2-is-x64-postgresql-k8s-operator/.tox/integration/lib/python3.10/site-packages/pluggy/_callers.py\", line 167, in _multicall\n    teardown.throw(outcome._exception)\n  File \"/home/ubuntu/actions-runner/_work/test-runners-2-is-x64-postgresql-k8s-operator/test-runners-2-is-x64-postgresql-k8s-operator/.tox/integration/lib/python3.10/site-packages/_pytest/unraisableexception.py\", line 95, in pytest_runtest_call\n    yield from unraisable_exception_runtest_hook()\n  File \"/home/ubuntu/actions-runner/_work/test-runners-2-is-x64-postgresql-k8s-operator/test-runners-2-is-x64-postgresql-k8s-operator/.tox/integration/lib/python3.10/site-packages/_pytest/unraisableexception.py\", line 70, in unraisable_exception_runtest_hook\n    yield\n  File \"/home/ubuntu/actions-runner/_work/test-runners-2-is-x64-postgresql-k8s-operator/test-runners-2-is-x64-postgresql-k8s-operator/.tox/integration/lib/python3.10/site-packages/pluggy/_callers.py\", line 167, in _multicall\n    teardown.throw(outcome._exception)\n  File \"/home/ubuntu/actions-runner/_work/test-runners-2-is-x64-postgresql-k8s-operator/test-runners-2-is-x64-postgresql-k8s-operator/.tox/integration/lib/python3.10/site-packages/_pytest/logging.py\", line 846, in pytest_runtest_call\n    yield from self._runtest_for(item, \"call\")\n  File \"/home/ubuntu/actions-runner/_work/test-runners-2-is-x64-postgresql-k8s-operator/test-runners-2-is-x64-postgresql-k8s-operator/.tox/integration/lib/python3.10/site-packages/_pytest/logging.py\", line 829, in _runtest_for\n    yield\n  File \"/home/ubuntu/actions-runner/_work/test-runners-2-is-x64-postgresql-k8s-operator/test-runners-2-is-x64-postgresql-k8s-operator/.tox/integration/lib/python3.10/site-packages/pluggy/_callers.py\", line 167, in _multicall\n    teardown.throw(outcome._exception)\n  File \"/home/ubuntu/actions-runner/_work/test-runners-2-is-x64-postgresql-k8s-operator/test-runners-2-is-x64-postgresql-k8s-operator/.tox/integration/lib/python3.10/site-packages/_pytest/capture.py\", line 880, in pytest_runtest_call\n    return (yield)\n  File \"/home/ubuntu/actions-runner/_work/test-runners-2-is-x64-postgresql-k8s-operator/test-runners-2-is-x64-postgresql-k8s-operator/.tox/integration/lib/python3.10/site-packages/pluggy/_callers.py\", line 167, in _multicall\n    teardown.throw(outcome._exception)\n  File \"/home/ubuntu/actions-runner/_work/test-runners-2-is-x64-postgresql-k8s-operator/test-runners-2-is-x64-postgresql-k8s-operator/.tox/integration/lib/python3.10/site-packages/_pytest/skipping.py\", line 257, in pytest_runtest_call\n    return (yield)\n  File \"/home/ubuntu/actions-runner/_work/test-runners-2-is-x64-postgresql-k8s-operator/test-runners-2-is-x64-postgresql-k8s-operator/.tox/integration/lib/python3.10/site-packages/pluggy/_callers.py\", line 103, in _multicall\n    res = hook_impl.function(*args)\n  File \"/home/ubuntu/actions-runner/_work/test-runners-2-is-x64-postgresql-k8s-operator/test-runners-2-is-x64-postgresql-k8s-operator/.tox/integration/lib/python3.10/site-packages/_pytest/runner.py\", line 174, in pytest_runtest_call\n    item.runtest()\n  File \"/home/ubuntu/actions-runner/_work/test-runners-2-is-x64-postgresql-k8s-operator/test-runners-2-is-x64-postgresql-k8s-operator/.tox/integration/lib/python3.10/site-packages/_pytest/python.py\", line 1627, in runtest\n    self.ihook.pytest_pyfunc_call(pyfuncitem=self)\n  File \"/home/ubuntu/actions-runner/_work/test-runners-2-is-x64-postgresql-k8s-operator/test-runners-2-is-x64-postgresql-k8s-operator/.tox/integration/lib/python3.10/site-packages/pluggy/_hooks.py\", line 513, in __call__\n    return self._hookexec(self.name, self._hookimpls.copy(), kwargs, firstresult)\n  File \"/home/ubuntu/actions-runner/_work/test-runners-2-is-x64-postgresql-k8s-operator/test-runners-2-is-x64-postgresql-k8s-operator/.tox/integration/lib/python3.10/site-packages/pluggy/_manager.py\", line 120, in _hookexec\n    return self._inner_hookexec(hook_name, methods, kwargs, firstresult)\n  File \"/home/ubuntu/actions-runner/_work/test-runners-2-is-x64-postgresql-k8s-operator/test-runners-2-is-x64-postgresql-k8s-operator/.tox/integration/lib/python3.10/site-packages/pluggy/_callers.py\", line 182, in _multicall\n    return outcome.get_result()\n  File \"/home/ubuntu/actions-runner/_work/test-runners-2-is-x64-postgresql-k8s-operator/test-runners-2-is-x64-postgresql-k8s-operator/.tox/integration/lib/python3.10/site-packages/pluggy/_result.py\", line 100, in get_result\n    raise exc.with_traceback(exc.__traceback__)\n  File \"/home/ubuntu/actions-runner/_work/test-runners-2-is-x64-postgresql-k8s-operator/test-runners-2-is-x64-postgresql-k8s-operator/.tox/integration/lib/python3.10/site-packages/pluggy/_callers.py\", line 103, in _multicall\n    res = hook_impl.function(*args)\n  File \"/home/ubuntu/actions-runner/_work/test-runners-2-is-x64-postgresql-k8s-operator/test-runners-2-is-x64-postgresql-k8s-operator/.tox/integration/lib/python3.10/site-packages/_pytest/python.py\", line 159, in pytest_pyfunc_call\n    result = testfunction(**testargs)\n  File \"/home/ubuntu/actions-runner/_work/test-runners-2-is-x64-postgresql-k8s-operator/test-runners-2-is-x64-postgresql-k8s-operator/.tox/integration/lib/python3.10/site-packages/pytest_asyncio/plugin.py\", line 529, in inner\n    _loop.run_until_complete(task)\n  File \"/usr/lib/python3.10/asyncio/base_events.py\", line 649, in run_until_complete\n    return future.result()\n  File \"/home/ubuntu/actions-runner/_work/test-runners-2-is-x64-postgresql-k8s-operator/test-runners-2-is-x64-postgresql-k8s-operator/tests/integration/test_password_rotation.py\", line 36, in test_deploy_active\n    await build_and_deploy(ops_test, 3, database_app_name=APP_NAME)\n  File \"/home/ubuntu/actions-runner/_work/test-runners-2-is-x64-postgresql-k8s-operator/test-runners-2-is-x64-postgresql-k8s-operator/tests/integration/helpers.py\", line 103, in build_and_deploy\n    await model.wait_for_idle(\n  File \"/home/ubuntu/actions-runner/_work/test-runners-2-is-x64-postgresql-k8s-operator/test-runners-2-is-x64-postgresql-k8s-operator/.tox/integration/lib/python3.10/site-packages/juju/model.py\", line 2970, in wait_for_idle\n    raise jasyncio.TimeoutError(\"Timed out waiting for model:\\n\" + busy)\nasyncio.exceptions.TimeoutError: Timed out waiting for model:\npostgresql-k8s/0 [idle] unknown: \n  postgresql-k8s/1 [idle] waiting: awaiting for primary endpoint to be ready\n  postgresql-k8s/2 [idle] unknown:","flaky":false,"newFailed":false,"newBroken":true,"newPassed":false,"retriesCount":1,"retriesStatusChange":true,"beforeStages":[{"name":"tmp_path_factory","time":{"start":1730083343714,"stop":1730083343715,"duration":1},"status":"passed","steps":[],"attachments":[],"parameters":[],"stepsCount":0,"shouldDisplayMessage":false,"attachmentsCount":0,"hasContent":false,"attachmentStep":false},{"name":"event_loop","time":{"start":1730083343714,"stop":1730083343714,"duration":0},"status":"passed","steps":[],"attachments":[],"parameters":[],"stepsCount":0,"shouldDisplayMessage":false,"attachmentsCount":0,"hasContent":false,"attachmentStep":false},{"name":"ops_test","time":{"start":1730083343715,"stop":1730083344075,"duration":360},"status":"passed","steps":[],"attachments":[],"parameters":[],"stepsCount":0,"shouldDisplayMessage":false,"attachmentsCount":0,"hasContent":false,"attachmentStep":false},{"name":"abort_on_fail","time":{"start":1730083344075,"stop":1730083344075,"duration":0},"status":"passed","steps":[],"attachments":[],"parameters":[],"stepsCount":0,"shouldDisplayMessage":false,"attachmentsCount":0,"hasContent":false,"attachmentStep":false}],"testStage":{"description":"Build the charm and deploy it.","status":"broken","statusMessage":"asyncio.exceptions.TimeoutError: Timed out waiting for model:\npostgresql-k8s/0 [idle] unknown: \n  postgresql-k8s/1 [idle] waiting: awaiting for primary endpoint to be ready\n  postgresql-k8s/2 [idle] unknown:","statusTrace":"Traceback (most recent call last):\n  File \"/home/ubuntu/actions-runner/_work/test-runners-2-is-x64-postgresql-k8s-operator/test-runners-2-is-x64-postgresql-k8s-operator/.tox/integration/lib/python3.10/site-packages/_pytest/runner.py\", line 341, in from_call\n    result: TResult | None = func()\n  File \"/home/ubuntu/actions-runner/_work/test-runners-2-is-x64-postgresql-k8s-operator/test-runners-2-is-x64-postgresql-k8s-operator/.tox/integration/lib/python3.10/site-packages/_pytest/runner.py\", line 242, in <lambda>\n    lambda: runtest_hook(item=item, **kwds), when=when, reraise=reraise\n  File \"/home/ubuntu/actions-runner/_work/test-runners-2-is-x64-postgresql-k8s-operator/test-runners-2-is-x64-postgresql-k8s-operator/.tox/integration/lib/python3.10/site-packages/pluggy/_hooks.py\", line 513, in __call__\n    return self._hookexec(self.name, self._hookimpls.copy(), kwargs, firstresult)\n  File \"/home/ubuntu/actions-runner/_work/test-runners-2-is-x64-postgresql-k8s-operator/test-runners-2-is-x64-postgresql-k8s-operator/.tox/integration/lib/python3.10/site-packages/pluggy/_manager.py\", line 120, in _hookexec\n    return self._inner_hookexec(hook_name, methods, kwargs, firstresult)\n  File \"/home/ubuntu/actions-runner/_work/test-runners-2-is-x64-postgresql-k8s-operator/test-runners-2-is-x64-postgresql-k8s-operator/.tox/integration/lib/python3.10/site-packages/pluggy/_callers.py\", line 182, in _multicall\n    return outcome.get_result()\n  File \"/home/ubuntu/actions-runner/_work/test-runners-2-is-x64-postgresql-k8s-operator/test-runners-2-is-x64-postgresql-k8s-operator/.tox/integration/lib/python3.10/site-packages/pluggy/_result.py\", line 100, in get_result\n    raise exc.with_traceback(exc.__traceback__)\n  File \"/home/ubuntu/actions-runner/_work/test-runners-2-is-x64-postgresql-k8s-operator/test-runners-2-is-x64-postgresql-k8s-operator/.tox/integration/lib/python3.10/site-packages/pluggy/_callers.py\", line 167, in _multicall\n    teardown.throw(outcome._exception)\n  File \"/home/ubuntu/actions-runner/_work/test-runners-2-is-x64-postgresql-k8s-operator/test-runners-2-is-x64-postgresql-k8s-operator/.tox/integration/lib/python3.10/site-packages/_pytest/threadexception.py\", line 92, in pytest_runtest_call\n    yield from thread_exception_runtest_hook()\n  File \"/home/ubuntu/actions-runner/_work/test-runners-2-is-x64-postgresql-k8s-operator/test-runners-2-is-x64-postgresql-k8s-operator/.tox/integration/lib/python3.10/site-packages/_pytest/threadexception.py\", line 68, in thread_exception_runtest_hook\n    yield\n  File \"/home/ubuntu/actions-runner/_work/test-runners-2-is-x64-postgresql-k8s-operator/test-runners-2-is-x64-postgresql-k8s-operator/.tox/integration/lib/python3.10/site-packages/pluggy/_callers.py\", line 167, in _multicall\n    teardown.throw(outcome._exception)\n  File \"/home/ubuntu/actions-runner/_work/test-runners-2-is-x64-postgresql-k8s-operator/test-runners-2-is-x64-postgresql-k8s-operator/.tox/integration/lib/python3.10/site-packages/_pytest/unraisableexception.py\", line 95, in pytest_runtest_call\n    yield from unraisable_exception_runtest_hook()\n  File \"/home/ubuntu/actions-runner/_work/test-runners-2-is-x64-postgresql-k8s-operator/test-runners-2-is-x64-postgresql-k8s-operator/.tox/integration/lib/python3.10/site-packages/_pytest/unraisableexception.py\", line 70, in unraisable_exception_runtest_hook\n    yield\n  File \"/home/ubuntu/actions-runner/_work/test-runners-2-is-x64-postgresql-k8s-operator/test-runners-2-is-x64-postgresql-k8s-operator/.tox/integration/lib/python3.10/site-packages/pluggy/_callers.py\", line 167, in _multicall\n    teardown.throw(outcome._exception)\n  File \"/home/ubuntu/actions-runner/_work/test-runners-2-is-x64-postgresql-k8s-operator/test-runners-2-is-x64-postgresql-k8s-operator/.tox/integration/lib/python3.10/site-packages/_pytest/logging.py\", line 846, in pytest_runtest_call\n    yield from self._runtest_for(item, \"call\")\n  File \"/home/ubuntu/actions-runner/_work/test-runners-2-is-x64-postgresql-k8s-operator/test-runners-2-is-x64-postgresql-k8s-operator/.tox/integration/lib/python3.10/site-packages/_pytest/logging.py\", line 829, in _runtest_for\n    yield\n  File \"/home/ubuntu/actions-runner/_work/test-runners-2-is-x64-postgresql-k8s-operator/test-runners-2-is-x64-postgresql-k8s-operator/.tox/integration/lib/python3.10/site-packages/pluggy/_callers.py\", line 167, in _multicall\n    teardown.throw(outcome._exception)\n  File \"/home/ubuntu/actions-runner/_work/test-runners-2-is-x64-postgresql-k8s-operator/test-runners-2-is-x64-postgresql-k8s-operator/.tox/integration/lib/python3.10/site-packages/_pytest/capture.py\", line 880, in pytest_runtest_call\n    return (yield)\n  File \"/home/ubuntu/actions-runner/_work/test-runners-2-is-x64-postgresql-k8s-operator/test-runners-2-is-x64-postgresql-k8s-operator/.tox/integration/lib/python3.10/site-packages/pluggy/_callers.py\", line 167, in _multicall\n    teardown.throw(outcome._exception)\n  File \"/home/ubuntu/actions-runner/_work/test-runners-2-is-x64-postgresql-k8s-operator/test-runners-2-is-x64-postgresql-k8s-operator/.tox/integration/lib/python3.10/site-packages/_pytest/skipping.py\", line 257, in pytest_runtest_call\n    return (yield)\n  File \"/home/ubuntu/actions-runner/_work/test-runners-2-is-x64-postgresql-k8s-operator/test-runners-2-is-x64-postgresql-k8s-operator/.tox/integration/lib/python3.10/site-packages/pluggy/_callers.py\", line 103, in _multicall\n    res = hook_impl.function(*args)\n  File \"/home/ubuntu/actions-runner/_work/test-runners-2-is-x64-postgresql-k8s-operator/test-runners-2-is-x64-postgresql-k8s-operator/.tox/integration/lib/python3.10/site-packages/_pytest/runner.py\", line 174, in pytest_runtest_call\n    item.runtest()\n  File \"/home/ubuntu/actions-runner/_work/test-runners-2-is-x64-postgresql-k8s-operator/test-runners-2-is-x64-postgresql-k8s-operator/.tox/integration/lib/python3.10/site-packages/_pytest/python.py\", line 1627, in runtest\n    self.ihook.pytest_pyfunc_call(pyfuncitem=self)\n  File \"/home/ubuntu/actions-runner/_work/test-runners-2-is-x64-postgresql-k8s-operator/test-runners-2-is-x64-postgresql-k8s-operator/.tox/integration/lib/python3.10/site-packages/pluggy/_hooks.py\", line 513, in __call__\n    return self._hookexec(self.name, self._hookimpls.copy(), kwargs, firstresult)\n  File \"/home/ubuntu/actions-runner/_work/test-runners-2-is-x64-postgresql-k8s-operator/test-runners-2-is-x64-postgresql-k8s-operator/.tox/integration/lib/python3.10/site-packages/pluggy/_manager.py\", line 120, in _hookexec\n    return self._inner_hookexec(hook_name, methods, kwargs, firstresult)\n  File \"/home/ubuntu/actions-runner/_work/test-runners-2-is-x64-postgresql-k8s-operator/test-runners-2-is-x64-postgresql-k8s-operator/.tox/integration/lib/python3.10/site-packages/pluggy/_callers.py\", line 182, in _multicall\n    return outcome.get_result()\n  File \"/home/ubuntu/actions-runner/_work/test-runners-2-is-x64-postgresql-k8s-operator/test-runners-2-is-x64-postgresql-k8s-operator/.tox/integration/lib/python3.10/site-packages/pluggy/_result.py\", line 100, in get_result\n    raise exc.with_traceback(exc.__traceback__)\n  File \"/home/ubuntu/actions-runner/_work/test-runners-2-is-x64-postgresql-k8s-operator/test-runners-2-is-x64-postgresql-k8s-operator/.tox/integration/lib/python3.10/site-packages/pluggy/_callers.py\", line 103, in _multicall\n    res = hook_impl.function(*args)\n  File \"/home/ubuntu/actions-runner/_work/test-runners-2-is-x64-postgresql-k8s-operator/test-runners-2-is-x64-postgresql-k8s-operator/.tox/integration/lib/python3.10/site-packages/_pytest/python.py\", line 159, in pytest_pyfunc_call\n    result = testfunction(**testargs)\n  File \"/home/ubuntu/actions-runner/_work/test-runners-2-is-x64-postgresql-k8s-operator/test-runners-2-is-x64-postgresql-k8s-operator/.tox/integration/lib/python3.10/site-packages/pytest_asyncio/plugin.py\", line 529, in inner\n    _loop.run_until_complete(task)\n  File \"/usr/lib/python3.10/asyncio/base_events.py\", line 649, in run_until_complete\n    return future.result()\n  File \"/home/ubuntu/actions-runner/_work/test-runners-2-is-x64-postgresql-k8s-operator/test-runners-2-is-x64-postgresql-k8s-operator/tests/integration/test_password_rotation.py\", line 36, in test_deploy_active\n    await build_and_deploy(ops_test, 3, database_app_name=APP_NAME)\n  File \"/home/ubuntu/actions-runner/_work/test-runners-2-is-x64-postgresql-k8s-operator/test-runners-2-is-x64-postgresql-k8s-operator/tests/integration/helpers.py\", line 103, in build_and_deploy\n    await model.wait_for_idle(\n  File \"/home/ubuntu/actions-runner/_work/test-runners-2-is-x64-postgresql-k8s-operator/test-runners-2-is-x64-postgresql-k8s-operator/.tox/integration/lib/python3.10/site-packages/juju/model.py\", line 2970, in wait_for_idle\n    raise jasyncio.TimeoutError(\"Timed out waiting for model:\\n\" + busy)\nasyncio.exceptions.TimeoutError: Timed out waiting for model:\npostgresql-k8s/0 [idle] unknown: \n  postgresql-k8s/1 [idle] waiting: awaiting for primary endpoint to be ready\n  postgresql-k8s/2 [idle] unknown:","steps":[],"attachments":[{"uid":"bd73c57e9c1e6421","name":"log","source":"bd73c57e9c1e6421.txt","type":"text/plain","size":7351}],"parameters":[],"stepsCount":0,"shouldDisplayMessage":true,"attachmentsCount":1,"hasContent":true,"attachmentStep":false},"afterStages":[{"name":"abort_on_fail::0","time":{"start":1730084359500,"stop":1730084359500,"duration":0},"status":"passed","steps":[],"attachments":[],"parameters":[],"stepsCount":0,"shouldDisplayMessage":false,"attachmentsCount":0,"hasContent":false,"attachmentStep":false},{"name":"ops_test::finalizer","time":{"start":1730084359515,"stop":1730084360009,"duration":494},"status":"passed","steps":[],"attachments":[],"parameters":[],"stepsCount":0,"shouldDisplayMessage":false,"attachmentsCount":0,"hasContent":false,"attachmentStep":false},{"name":"event_loop::2","time":{"start":1730084360010,"stop":1730084360010,"duration":0},"status":"passed","steps":[],"attachments":[],"parameters":[],"stepsCount":0,"shouldDisplayMessage":false,"attachmentsCount":0,"hasContent":false,"attachmentStep":false},{"name":"event_loop::_close_event_loop","time":{"start":1730084360010,"stop":1730084360010,"duration":0},"status":"passed","steps":[],"attachments":[],"parameters":[],"stepsCount":0,"shouldDisplayMessage":false,"attachmentsCount":0,"hasContent":false,"attachmentStep":false},{"name":"event_loop::_provide_clean_event_loop","time":{"start":1730084360010,"stop":1730084360010,"duration":0},"status":"passed","steps":[],"attachments":[],"parameters":[],"stepsCount":0,"shouldDisplayMessage":false,"attachmentsCount":0,"hasContent":false,"attachmentStep":false}],"labels":[{"name":"tag","value":"skip_if_deployed"},{"name":"tag","value":"abort_on_fail"},{"name":"tag","value":"group(1)"},{"name":"tag","value":"asyncio"},{"name":"parentSuite","value":"tests.integration"},{"name":"suite","value":"test_password_rotation"},{"name":"host","value":"github-runner"},{"name":"thread","value":"20874-MainThread"},{"name":"framework","value":"pytest"},{"name":"language","value":"cpython3"},{"name":"package","value":"tests.integration.test_password_rotation"},{"name":"resultFormat","value":"allure2"}],"parameters":[],"links":[],"hidden":false,"retry":false,"extra":{"severity":"normal","retries":[{"uid":"a4e5e8a4b27b4964","status":"unknown","time":{}}],"categories":[{"name":"Test defects","matchedStatuses":[],"flaky":false}],"history":{"statistic":{"failed":0,"broken":37,"skipped":0,"passed":87,"unknown":17,"total":141},"items":[{"uid":"c662d4ba228e0696","reportUrl":"../220//#testresult/c662d4ba228e0696","status":"passed","time":{"start":1729994527729,"stop":1729994883612,"duration":355883}},{"uid":"a891653e64930d3f","reportUrl":"../219//#testresult/a891653e64930d3f","status":"passed","time":{"start":1729909605574,"stop":1729909963577,"duration":358003}},{"uid":"f7f0ff41895410ab","reportUrl":"../218//#testresult/f7f0ff41895410ab","status":"passed","time":{"start":1729822065374,"stop":1729822359378,"duration":294004}},{"uid":"6e98622ec296484c","reportUrl":"../217//#testresult/6e98622ec296484c","status":"passed","time":{"start":1729735796760,"stop":1729736115970,"duration":319210}},{"uid":"3d0301ece2c3adfc","reportUrl":"../216//#testresult/3d0301ece2c3adfc","status":"passed","time":{"start":1729648015863,"stop":1729648860580,"duration":844717}},{"uid":"50faf5cccb69b0f7","reportUrl":"../215//#testresult/50faf5cccb69b0f7","status":"passed","time":{"start":1729564036205,"stop":1729564371807,"duration":335602}},{"uid":"d511bfae127fa132","reportUrl":"../214//#testresult/d511bfae127fa132","status":"passed","time":{"start":1729478822417,"stop":1729479150550,"duration":328133}},{"uid":"85825c08f270389b","reportUrl":"../213//#testresult/85825c08f270389b","status":"passed","time":{"start":1729388315546,"stop":1729388768528,"duration":452982}},{"uid":"6faf237319665801","reportUrl":"../212//#testresult/6faf237319665801","status":"passed","time":{"start":1729307149714,"stop":1729307448003,"duration":298289}},{"uid":"96c61f80e46a9d4","reportUrl":"../211//#testresult/96c61f80e46a9d4","status":"passed","time":{"start":1729219075336,"stop":1729219430289,"duration":354953}},{"uid":"c6da6d5b8532e014","reportUrl":"../210//#testresult/c6da6d5b8532e014","status":"passed","time":{"start":1729131533876,"stop":1729131824456,"duration":290580}},{"uid":"1f22684e2768c280","reportUrl":"../209//#testresult/1f22684e2768c280","status":"unknown","time":{}},{"uid":"1feb6cf558ad721","reportUrl":"../208//#testresult/1feb6cf558ad721","status":"passed","time":{"start":1728958972403,"stop":1728959296229,"duration":323826}},{"uid":"aa1b29be98904d74","reportUrl":"../207//#testresult/aa1b29be98904d74","status":"passed","time":{"start":1728871472940,"stop":1728871782227,"duration":309287}},{"uid":"1f37d067e9f4cc52","reportUrl":"../206//#testresult/1f37d067e9f4cc52","status":"passed","time":{"start":1728786421550,"stop":1728786754355,"duration":332805}},{"uid":"6cb20d6b24a2bf90","reportUrl":"../205//#testresult/6cb20d6b24a2bf90","status":"passed","time":{"start":1728699767333,"stop":1728700040594,"duration":273261}},{"uid":"c7e35ef0406504ac","reportUrl":"../203//#testresult/c7e35ef0406504ac","status":"passed","time":{"start":1728612852033,"stop":1728613123156,"duration":271123}},{"uid":"a8326f112366729b","reportUrl":"../202//#testresult/a8326f112366729b","status":"passed","time":{"start":1728527237143,"stop":1728527563461,"duration":326318}},{"uid":"b85050e0a70096fb","reportUrl":"../201//#testresult/b85050e0a70096fb","status":"broken","statusDetails":"asyncio.exceptions.TimeoutError: Timed out waiting for model:\npostgresql-k8s/0 [allocating] waiting: installing agent\n  postgresql-k8s/1 [allocating] waiting: installing agent\n  postgresql-k8s/2 [allocating] waiting: installing agent","time":{"start":1728439942671,"stop":1728440959542,"duration":1016871}},{"uid":"ee9fd45e2c84061d","reportUrl":"../200//#testresult/ee9fd45e2c84061d","status":"broken","statusDetails":"asyncio.exceptions.TimeoutError: Timed out waiting for model:\npostgresql-k8s/0 [allocating] waiting: installing agent\n  postgresql-k8s/1 [allocating] waiting: installing agent\n  postgresql-k8s/2 [allocating] waiting: installing agent","time":{"start":1728352409036,"stop":1728353422613,"duration":1013577}}]},"tags":["skip_if_deployed","asyncio","abort_on_fail","group(1)"]},"source":"d0fb4cca0e5dec09.json","parameterValues":[]}