{"uid":"39ad7b193546fa1b","name":"test_network_cut","fullName":"tests.integration.ha_tests.test_self_healing#test_network_cut","historyId":"6b9f6734f6f55bf616f6dd52eb37e3bd","time":{"start":1721959518694,"stop":1721959590271,"duration":71577},"description":"Completely cut and restore network.","descriptionHtml":"<p>Completely cut and restore network.</p>\n","status":"broken","statusMessage":"subprocess.CalledProcessError: Command 'kubectl apply -f /tmp/tmpq4j51qtt' returned non-zero exit status 127.","statusTrace":"Traceback (most recent call last):\n  File \"/home/ubuntu/github-runner/_work/test-runners-2-is-x64-postgresql-k8s-operator/test-runners-2-is-x64-postgresql-k8s-operator/.tox/integration/lib/python3.10/site-packages/_pytest/runner.py\", line 341, in from_call\n    result: Optional[TResult] = func()\n  File \"/home/ubuntu/github-runner/_work/test-runners-2-is-x64-postgresql-k8s-operator/test-runners-2-is-x64-postgresql-k8s-operator/.tox/integration/lib/python3.10/site-packages/_pytest/runner.py\", line 241, in <lambda>\n    lambda: runtest_hook(item=item, **kwds), when=when, reraise=reraise\n  File \"/home/ubuntu/github-runner/_work/test-runners-2-is-x64-postgresql-k8s-operator/test-runners-2-is-x64-postgresql-k8s-operator/.tox/integration/lib/python3.10/site-packages/pluggy/_hooks.py\", line 513, in __call__\n    return self._hookexec(self.name, self._hookimpls.copy(), kwargs, firstresult)\n  File \"/home/ubuntu/github-runner/_work/test-runners-2-is-x64-postgresql-k8s-operator/test-runners-2-is-x64-postgresql-k8s-operator/.tox/integration/lib/python3.10/site-packages/pluggy/_manager.py\", line 120, in _hookexec\n    return self._inner_hookexec(hook_name, methods, kwargs, firstresult)\n  File \"/home/ubuntu/github-runner/_work/test-runners-2-is-x64-postgresql-k8s-operator/test-runners-2-is-x64-postgresql-k8s-operator/.tox/integration/lib/python3.10/site-packages/pluggy/_callers.py\", line 182, in _multicall\n    return outcome.get_result()\n  File \"/home/ubuntu/github-runner/_work/test-runners-2-is-x64-postgresql-k8s-operator/test-runners-2-is-x64-postgresql-k8s-operator/.tox/integration/lib/python3.10/site-packages/pluggy/_result.py\", line 100, in get_result\n    raise exc.with_traceback(exc.__traceback__)\n  File \"/home/ubuntu/github-runner/_work/test-runners-2-is-x64-postgresql-k8s-operator/test-runners-2-is-x64-postgresql-k8s-operator/.tox/integration/lib/python3.10/site-packages/pluggy/_callers.py\", line 167, in _multicall\n    teardown.throw(outcome._exception)\n  File \"/home/ubuntu/github-runner/_work/test-runners-2-is-x64-postgresql-k8s-operator/test-runners-2-is-x64-postgresql-k8s-operator/.tox/integration/lib/python3.10/site-packages/_pytest/threadexception.py\", line 87, in pytest_runtest_call\n    yield from thread_exception_runtest_hook()\n  File \"/home/ubuntu/github-runner/_work/test-runners-2-is-x64-postgresql-k8s-operator/test-runners-2-is-x64-postgresql-k8s-operator/.tox/integration/lib/python3.10/site-packages/_pytest/threadexception.py\", line 63, in thread_exception_runtest_hook\n    yield\n  File \"/home/ubuntu/github-runner/_work/test-runners-2-is-x64-postgresql-k8s-operator/test-runners-2-is-x64-postgresql-k8s-operator/.tox/integration/lib/python3.10/site-packages/pluggy/_callers.py\", line 167, in _multicall\n    teardown.throw(outcome._exception)\n  File \"/home/ubuntu/github-runner/_work/test-runners-2-is-x64-postgresql-k8s-operator/test-runners-2-is-x64-postgresql-k8s-operator/.tox/integration/lib/python3.10/site-packages/_pytest/unraisableexception.py\", line 90, in pytest_runtest_call\n    yield from unraisable_exception_runtest_hook()\n  File \"/home/ubuntu/github-runner/_work/test-runners-2-is-x64-postgresql-k8s-operator/test-runners-2-is-x64-postgresql-k8s-operator/.tox/integration/lib/python3.10/site-packages/_pytest/unraisableexception.py\", line 65, in unraisable_exception_runtest_hook\n    yield\n  File \"/home/ubuntu/github-runner/_work/test-runners-2-is-x64-postgresql-k8s-operator/test-runners-2-is-x64-postgresql-k8s-operator/.tox/integration/lib/python3.10/site-packages/pluggy/_callers.py\", line 167, in _multicall\n    teardown.throw(outcome._exception)\n  File \"/home/ubuntu/github-runner/_work/test-runners-2-is-x64-postgresql-k8s-operator/test-runners-2-is-x64-postgresql-k8s-operator/.tox/integration/lib/python3.10/site-packages/_pytest/logging.py\", line 850, in pytest_runtest_call\n    yield from self._runtest_for(item, \"call\")\n  File \"/home/ubuntu/github-runner/_work/test-runners-2-is-x64-postgresql-k8s-operator/test-runners-2-is-x64-postgresql-k8s-operator/.tox/integration/lib/python3.10/site-packages/_pytest/logging.py\", line 833, in _runtest_for\n    yield\n  File \"/home/ubuntu/github-runner/_work/test-runners-2-is-x64-postgresql-k8s-operator/test-runners-2-is-x64-postgresql-k8s-operator/.tox/integration/lib/python3.10/site-packages/pluggy/_callers.py\", line 167, in _multicall\n    teardown.throw(outcome._exception)\n  File \"/home/ubuntu/github-runner/_work/test-runners-2-is-x64-postgresql-k8s-operator/test-runners-2-is-x64-postgresql-k8s-operator/.tox/integration/lib/python3.10/site-packages/_pytest/capture.py\", line 878, in pytest_runtest_call\n    return (yield)\n  File \"/home/ubuntu/github-runner/_work/test-runners-2-is-x64-postgresql-k8s-operator/test-runners-2-is-x64-postgresql-k8s-operator/.tox/integration/lib/python3.10/site-packages/pluggy/_callers.py\", line 167, in _multicall\n    teardown.throw(outcome._exception)\n  File \"/home/ubuntu/github-runner/_work/test-runners-2-is-x64-postgresql-k8s-operator/test-runners-2-is-x64-postgresql-k8s-operator/.tox/integration/lib/python3.10/site-packages/_pytest/skipping.py\", line 257, in pytest_runtest_call\n    return (yield)\n  File \"/home/ubuntu/github-runner/_work/test-runners-2-is-x64-postgresql-k8s-operator/test-runners-2-is-x64-postgresql-k8s-operator/.tox/integration/lib/python3.10/site-packages/pluggy/_callers.py\", line 103, in _multicall\n    res = hook_impl.function(*args)\n  File \"/home/ubuntu/github-runner/_work/test-runners-2-is-x64-postgresql-k8s-operator/test-runners-2-is-x64-postgresql-k8s-operator/.tox/integration/lib/python3.10/site-packages/_pytest/runner.py\", line 183, in pytest_runtest_call\n    raise e\n  File \"/home/ubuntu/github-runner/_work/test-runners-2-is-x64-postgresql-k8s-operator/test-runners-2-is-x64-postgresql-k8s-operator/.tox/integration/lib/python3.10/site-packages/_pytest/runner.py\", line 173, in pytest_runtest_call\n    item.runtest()\n  File \"/home/ubuntu/github-runner/_work/test-runners-2-is-x64-postgresql-k8s-operator/test-runners-2-is-x64-postgresql-k8s-operator/.tox/integration/lib/python3.10/site-packages/_pytest/python.py\", line 1632, in runtest\n    self.ihook.pytest_pyfunc_call(pyfuncitem=self)\n  File \"/home/ubuntu/github-runner/_work/test-runners-2-is-x64-postgresql-k8s-operator/test-runners-2-is-x64-postgresql-k8s-operator/.tox/integration/lib/python3.10/site-packages/pluggy/_hooks.py\", line 513, in __call__\n    return self._hookexec(self.name, self._hookimpls.copy(), kwargs, firstresult)\n  File \"/home/ubuntu/github-runner/_work/test-runners-2-is-x64-postgresql-k8s-operator/test-runners-2-is-x64-postgresql-k8s-operator/.tox/integration/lib/python3.10/site-packages/pluggy/_manager.py\", line 120, in _hookexec\n    return self._inner_hookexec(hook_name, methods, kwargs, firstresult)\n  File \"/home/ubuntu/github-runner/_work/test-runners-2-is-x64-postgresql-k8s-operator/test-runners-2-is-x64-postgresql-k8s-operator/.tox/integration/lib/python3.10/site-packages/pluggy/_callers.py\", line 182, in _multicall\n    return outcome.get_result()\n  File \"/home/ubuntu/github-runner/_work/test-runners-2-is-x64-postgresql-k8s-operator/test-runners-2-is-x64-postgresql-k8s-operator/.tox/integration/lib/python3.10/site-packages/pluggy/_result.py\", line 100, in get_result\n    raise exc.with_traceback(exc.__traceback__)\n  File \"/home/ubuntu/github-runner/_work/test-runners-2-is-x64-postgresql-k8s-operator/test-runners-2-is-x64-postgresql-k8s-operator/.tox/integration/lib/python3.10/site-packages/pluggy/_callers.py\", line 103, in _multicall\n    res = hook_impl.function(*args)\n  File \"/home/ubuntu/github-runner/_work/test-runners-2-is-x64-postgresql-k8s-operator/test-runners-2-is-x64-postgresql-k8s-operator/.tox/integration/lib/python3.10/site-packages/_pytest/python.py\", line 162, in pytest_pyfunc_call\n    result = testfunction(**testargs)\n  File \"/home/ubuntu/github-runner/_work/test-runners-2-is-x64-postgresql-k8s-operator/test-runners-2-is-x64-postgresql-k8s-operator/.tox/integration/lib/python3.10/site-packages/pytest_asyncio/plugin.py\", line 529, in inner\n    _loop.run_until_complete(task)\n  File \"/usr/lib/python3.10/asyncio/base_events.py\", line 649, in run_until_complete\n    return future.result()\n  File \"/home/ubuntu/github-runner/_work/test-runners-2-is-x64-postgresql-k8s-operator/test-runners-2-is-x64-postgresql-k8s-operator/tests/integration/ha_tests/test_self_healing.py\", line 341, in test_network_cut\n    isolate_instance_from_cluster(ops_test, primary_name)\n  File \"/home/ubuntu/github-runner/_work/test-runners-2-is-x64-postgresql-k8s-operator/test-runners-2-is-x64-postgresql-k8s-operator/tests/integration/ha_tests/helpers.py\", line 574, in isolate_instance_from_cluster\n    subprocess.check_output(\n  File \"/usr/lib/python3.10/subprocess.py\", line 421, in check_output\n    return run(*popenargs, stdout=PIPE, timeout=timeout, check=True,\n  File \"/usr/lib/python3.10/subprocess.py\", line 526, in run\n    raise CalledProcessError(retcode, process.args,\nsubprocess.CalledProcessError: Command 'kubectl apply -f /tmp/tmpq4j51qtt' returned non-zero exit status 127.","flaky":false,"newFailed":false,"newBroken":false,"newPassed":false,"retriesCount":1,"retriesStatusChange":true,"beforeStages":[{"name":"event_loop","time":{"start":1721957620073,"stop":1721957620074,"duration":1},"status":"passed","steps":[],"attachments":[],"parameters":[],"stepsCount":0,"shouldDisplayMessage":false,"attachmentsCount":0,"hasContent":false,"attachmentStep":false},{"name":"ops_test","time":{"start":1721957620074,"stop":1721957620422,"duration":348},"status":"passed","steps":[],"attachments":[],"parameters":[],"stepsCount":0,"shouldDisplayMessage":false,"attachmentsCount":0,"hasContent":false,"attachmentStep":false},{"name":"tmp_path_factory","time":{"start":1721957620074,"stop":1721957620074,"duration":0},"status":"passed","steps":[],"attachments":[],"parameters":[],"stepsCount":0,"shouldDisplayMessage":false,"attachmentsCount":0,"hasContent":false,"attachmentStep":false},{"name":"primary_start_timeout","time":{"start":1721958330765,"stop":1721958336069,"duration":5304},"status":"passed","steps":[],"attachments":[],"parameters":[],"stepsCount":0,"shouldDisplayMessage":false,"attachmentsCount":0,"hasContent":false,"attachmentStep":false},{"name":"abort_on_fail","time":{"start":1721959498204,"stop":1721959498204,"duration":0},"status":"passed","steps":[],"attachments":[],"parameters":[],"stepsCount":0,"shouldDisplayMessage":false,"attachmentsCount":0,"hasContent":false,"attachmentStep":false},{"name":"chaos_mesh","time":{"start":1721959498204,"stop":1721959518692,"duration":20488},"status":"passed","steps":[],"attachments":[],"parameters":[],"stepsCount":0,"shouldDisplayMessage":false,"attachmentsCount":0,"hasContent":false,"attachmentStep":false},{"name":"continuous_writes","time":{"start":1721959498204,"stop":1721959498204,"duration":0},"status":"passed","steps":[],"attachments":[],"parameters":[],"stepsCount":0,"shouldDisplayMessage":false,"attachmentsCount":0,"hasContent":false,"attachmentStep":false}],"testStage":{"description":"Completely cut and restore network.","status":"broken","statusMessage":"subprocess.CalledProcessError: Command 'kubectl apply -f /tmp/tmpq4j51qtt' returned non-zero exit status 127.","statusTrace":"Traceback (most recent call last):\n  File \"/home/ubuntu/github-runner/_work/test-runners-2-is-x64-postgresql-k8s-operator/test-runners-2-is-x64-postgresql-k8s-operator/.tox/integration/lib/python3.10/site-packages/_pytest/runner.py\", line 341, in from_call\n    result: Optional[TResult] = func()\n  File \"/home/ubuntu/github-runner/_work/test-runners-2-is-x64-postgresql-k8s-operator/test-runners-2-is-x64-postgresql-k8s-operator/.tox/integration/lib/python3.10/site-packages/_pytest/runner.py\", line 241, in <lambda>\n    lambda: runtest_hook(item=item, **kwds), when=when, reraise=reraise\n  File \"/home/ubuntu/github-runner/_work/test-runners-2-is-x64-postgresql-k8s-operator/test-runners-2-is-x64-postgresql-k8s-operator/.tox/integration/lib/python3.10/site-packages/pluggy/_hooks.py\", line 513, in __call__\n    return self._hookexec(self.name, self._hookimpls.copy(), kwargs, firstresult)\n  File \"/home/ubuntu/github-runner/_work/test-runners-2-is-x64-postgresql-k8s-operator/test-runners-2-is-x64-postgresql-k8s-operator/.tox/integration/lib/python3.10/site-packages/pluggy/_manager.py\", line 120, in _hookexec\n    return self._inner_hookexec(hook_name, methods, kwargs, firstresult)\n  File \"/home/ubuntu/github-runner/_work/test-runners-2-is-x64-postgresql-k8s-operator/test-runners-2-is-x64-postgresql-k8s-operator/.tox/integration/lib/python3.10/site-packages/pluggy/_callers.py\", line 182, in _multicall\n    return outcome.get_result()\n  File \"/home/ubuntu/github-runner/_work/test-runners-2-is-x64-postgresql-k8s-operator/test-runners-2-is-x64-postgresql-k8s-operator/.tox/integration/lib/python3.10/site-packages/pluggy/_result.py\", line 100, in get_result\n    raise exc.with_traceback(exc.__traceback__)\n  File \"/home/ubuntu/github-runner/_work/test-runners-2-is-x64-postgresql-k8s-operator/test-runners-2-is-x64-postgresql-k8s-operator/.tox/integration/lib/python3.10/site-packages/pluggy/_callers.py\", line 167, in _multicall\n    teardown.throw(outcome._exception)\n  File \"/home/ubuntu/github-runner/_work/test-runners-2-is-x64-postgresql-k8s-operator/test-runners-2-is-x64-postgresql-k8s-operator/.tox/integration/lib/python3.10/site-packages/_pytest/threadexception.py\", line 87, in pytest_runtest_call\n    yield from thread_exception_runtest_hook()\n  File \"/home/ubuntu/github-runner/_work/test-runners-2-is-x64-postgresql-k8s-operator/test-runners-2-is-x64-postgresql-k8s-operator/.tox/integration/lib/python3.10/site-packages/_pytest/threadexception.py\", line 63, in thread_exception_runtest_hook\n    yield\n  File \"/home/ubuntu/github-runner/_work/test-runners-2-is-x64-postgresql-k8s-operator/test-runners-2-is-x64-postgresql-k8s-operator/.tox/integration/lib/python3.10/site-packages/pluggy/_callers.py\", line 167, in _multicall\n    teardown.throw(outcome._exception)\n  File \"/home/ubuntu/github-runner/_work/test-runners-2-is-x64-postgresql-k8s-operator/test-runners-2-is-x64-postgresql-k8s-operator/.tox/integration/lib/python3.10/site-packages/_pytest/unraisableexception.py\", line 90, in pytest_runtest_call\n    yield from unraisable_exception_runtest_hook()\n  File \"/home/ubuntu/github-runner/_work/test-runners-2-is-x64-postgresql-k8s-operator/test-runners-2-is-x64-postgresql-k8s-operator/.tox/integration/lib/python3.10/site-packages/_pytest/unraisableexception.py\", line 65, in unraisable_exception_runtest_hook\n    yield\n  File \"/home/ubuntu/github-runner/_work/test-runners-2-is-x64-postgresql-k8s-operator/test-runners-2-is-x64-postgresql-k8s-operator/.tox/integration/lib/python3.10/site-packages/pluggy/_callers.py\", line 167, in _multicall\n    teardown.throw(outcome._exception)\n  File \"/home/ubuntu/github-runner/_work/test-runners-2-is-x64-postgresql-k8s-operator/test-runners-2-is-x64-postgresql-k8s-operator/.tox/integration/lib/python3.10/site-packages/_pytest/logging.py\", line 850, in pytest_runtest_call\n    yield from self._runtest_for(item, \"call\")\n  File \"/home/ubuntu/github-runner/_work/test-runners-2-is-x64-postgresql-k8s-operator/test-runners-2-is-x64-postgresql-k8s-operator/.tox/integration/lib/python3.10/site-packages/_pytest/logging.py\", line 833, in _runtest_for\n    yield\n  File \"/home/ubuntu/github-runner/_work/test-runners-2-is-x64-postgresql-k8s-operator/test-runners-2-is-x64-postgresql-k8s-operator/.tox/integration/lib/python3.10/site-packages/pluggy/_callers.py\", line 167, in _multicall\n    teardown.throw(outcome._exception)\n  File \"/home/ubuntu/github-runner/_work/test-runners-2-is-x64-postgresql-k8s-operator/test-runners-2-is-x64-postgresql-k8s-operator/.tox/integration/lib/python3.10/site-packages/_pytest/capture.py\", line 878, in pytest_runtest_call\n    return (yield)\n  File \"/home/ubuntu/github-runner/_work/test-runners-2-is-x64-postgresql-k8s-operator/test-runners-2-is-x64-postgresql-k8s-operator/.tox/integration/lib/python3.10/site-packages/pluggy/_callers.py\", line 167, in _multicall\n    teardown.throw(outcome._exception)\n  File \"/home/ubuntu/github-runner/_work/test-runners-2-is-x64-postgresql-k8s-operator/test-runners-2-is-x64-postgresql-k8s-operator/.tox/integration/lib/python3.10/site-packages/_pytest/skipping.py\", line 257, in pytest_runtest_call\n    return (yield)\n  File \"/home/ubuntu/github-runner/_work/test-runners-2-is-x64-postgresql-k8s-operator/test-runners-2-is-x64-postgresql-k8s-operator/.tox/integration/lib/python3.10/site-packages/pluggy/_callers.py\", line 103, in _multicall\n    res = hook_impl.function(*args)\n  File \"/home/ubuntu/github-runner/_work/test-runners-2-is-x64-postgresql-k8s-operator/test-runners-2-is-x64-postgresql-k8s-operator/.tox/integration/lib/python3.10/site-packages/_pytest/runner.py\", line 183, in pytest_runtest_call\n    raise e\n  File \"/home/ubuntu/github-runner/_work/test-runners-2-is-x64-postgresql-k8s-operator/test-runners-2-is-x64-postgresql-k8s-operator/.tox/integration/lib/python3.10/site-packages/_pytest/runner.py\", line 173, in pytest_runtest_call\n    item.runtest()\n  File \"/home/ubuntu/github-runner/_work/test-runners-2-is-x64-postgresql-k8s-operator/test-runners-2-is-x64-postgresql-k8s-operator/.tox/integration/lib/python3.10/site-packages/_pytest/python.py\", line 1632, in runtest\n    self.ihook.pytest_pyfunc_call(pyfuncitem=self)\n  File \"/home/ubuntu/github-runner/_work/test-runners-2-is-x64-postgresql-k8s-operator/test-runners-2-is-x64-postgresql-k8s-operator/.tox/integration/lib/python3.10/site-packages/pluggy/_hooks.py\", line 513, in __call__\n    return self._hookexec(self.name, self._hookimpls.copy(), kwargs, firstresult)\n  File \"/home/ubuntu/github-runner/_work/test-runners-2-is-x64-postgresql-k8s-operator/test-runners-2-is-x64-postgresql-k8s-operator/.tox/integration/lib/python3.10/site-packages/pluggy/_manager.py\", line 120, in _hookexec\n    return self._inner_hookexec(hook_name, methods, kwargs, firstresult)\n  File \"/home/ubuntu/github-runner/_work/test-runners-2-is-x64-postgresql-k8s-operator/test-runners-2-is-x64-postgresql-k8s-operator/.tox/integration/lib/python3.10/site-packages/pluggy/_callers.py\", line 182, in _multicall\n    return outcome.get_result()\n  File \"/home/ubuntu/github-runner/_work/test-runners-2-is-x64-postgresql-k8s-operator/test-runners-2-is-x64-postgresql-k8s-operator/.tox/integration/lib/python3.10/site-packages/pluggy/_result.py\", line 100, in get_result\n    raise exc.with_traceback(exc.__traceback__)\n  File \"/home/ubuntu/github-runner/_work/test-runners-2-is-x64-postgresql-k8s-operator/test-runners-2-is-x64-postgresql-k8s-operator/.tox/integration/lib/python3.10/site-packages/pluggy/_callers.py\", line 103, in _multicall\n    res = hook_impl.function(*args)\n  File \"/home/ubuntu/github-runner/_work/test-runners-2-is-x64-postgresql-k8s-operator/test-runners-2-is-x64-postgresql-k8s-operator/.tox/integration/lib/python3.10/site-packages/_pytest/python.py\", line 162, in pytest_pyfunc_call\n    result = testfunction(**testargs)\n  File \"/home/ubuntu/github-runner/_work/test-runners-2-is-x64-postgresql-k8s-operator/test-runners-2-is-x64-postgresql-k8s-operator/.tox/integration/lib/python3.10/site-packages/pytest_asyncio/plugin.py\", line 529, in inner\n    _loop.run_until_complete(task)\n  File \"/usr/lib/python3.10/asyncio/base_events.py\", line 649, in run_until_complete\n    return future.result()\n  File \"/home/ubuntu/github-runner/_work/test-runners-2-is-x64-postgresql-k8s-operator/test-runners-2-is-x64-postgresql-k8s-operator/tests/integration/ha_tests/test_self_healing.py\", line 341, in test_network_cut\n    isolate_instance_from_cluster(ops_test, primary_name)\n  File \"/home/ubuntu/github-runner/_work/test-runners-2-is-x64-postgresql-k8s-operator/test-runners-2-is-x64-postgresql-k8s-operator/tests/integration/ha_tests/helpers.py\", line 574, in isolate_instance_from_cluster\n    subprocess.check_output(\n  File \"/usr/lib/python3.10/subprocess.py\", line 421, in check_output\n    return run(*popenargs, stdout=PIPE, timeout=timeout, check=True,\n  File \"/usr/lib/python3.10/subprocess.py\", line 526, in run\n    raise CalledProcessError(retcode, process.args,\nsubprocess.CalledProcessError: Command 'kubectl apply -f /tmp/tmpq4j51qtt' returned non-zero exit status 127.","steps":[],"attachments":[{"uid":"252c7c7b401657d1","name":"log","source":"252c7c7b401657d1.txt","type":"text/plain","size":1552}],"parameters":[],"stepsCount":0,"shouldDisplayMessage":true,"attachmentsCount":1,"hasContent":true,"attachmentStep":false},"afterStages":[{"name":"chaos_mesh::finalizer","time":{"start":1721959590275,"stop":1721959590282,"duration":7},"status":"broken","statusMessage":"subprocess.CalledProcessError: Command 'kubectl -n test delete --ignore-not-found=true networkchaos network-loss-primary' returned non-zero exit status 127.\n","statusTrace":"  File \"/home/ubuntu/github-runner/_work/test-runners-2-is-x64-postgresql-k8s-operator/test-runners-2-is-x64-postgresql-k8s-operator/.tox/integration/lib/python3.10/site-packages/allure_commons/_allure.py\", line 221, in __call__\n    return self._fixture_function(*args, **kwargs)\n  File \"/home/ubuntu/github-runner/_work/test-runners-2-is-x64-postgresql-k8s-operator/test-runners-2-is-x64-postgresql-k8s-operator/.tox/integration/lib/python3.10/site-packages/pytest_asyncio/plugin.py\", line 300, in finalizer\n    event_loop.run_until_complete(async_finalizer())\n  File \"/usr/lib/python3.10/asyncio/base_events.py\", line 649, in run_until_complete\n    return future.result()\n  File \"/home/ubuntu/github-runner/_work/test-runners-2-is-x64-postgresql-k8s-operator/test-runners-2-is-x64-postgresql-k8s-operator/.tox/integration/lib/python3.10/site-packages/pytest_asyncio/plugin.py\", line 292, in async_finalizer\n    await gen_obj.__anext__()\n  File \"/home/ubuntu/github-runner/_work/test-runners-2-is-x64-postgresql-k8s-operator/test-runners-2-is-x64-postgresql-k8s-operator/tests/integration/ha_tests/conftest.py\", line 30, in chaos_mesh\n    remove_instance_isolation(ops_test)\n  File \"/home/ubuntu/github-runner/_work/test-runners-2-is-x64-postgresql-k8s-operator/test-runners-2-is-x64-postgresql-k8s-operator/tests/integration/ha_tests/helpers.py\", line 670, in remove_instance_isolation\n    subprocess.check_output(\n  File \"/usr/lib/python3.10/subprocess.py\", line 421, in check_output\n    return run(*popenargs, stdout=PIPE, timeout=timeout, check=True,\n  File \"/usr/lib/python3.10/subprocess.py\", line 526, in run\n    raise CalledProcessError(retcode, process.args,\n","steps":[],"attachments":[],"parameters":[],"stepsCount":0,"shouldDisplayMessage":true,"attachmentsCount":0,"hasContent":true,"attachmentStep":false},{"name":"continuous_writes::finalizer","time":{"start":1721959590283,"stop":1721959596377,"duration":6094},"status":"passed","steps":[],"attachments":[],"parameters":[],"stepsCount":0,"shouldDisplayMessage":false,"attachmentsCount":0,"hasContent":false,"attachmentStep":false},{"name":"abort_on_fail::0","time":{"start":1721959596378,"stop":1721959596378,"duration":0},"status":"passed","steps":[],"attachments":[],"parameters":[],"stepsCount":0,"shouldDisplayMessage":false,"attachmentsCount":0,"hasContent":false,"attachmentStep":false},{"name":"primary_start_timeout::finalizer","time":{"start":1721959596378,"stop":1721959598516,"duration":2138},"status":"passed","steps":[],"attachments":[],"parameters":[],"stepsCount":0,"shouldDisplayMessage":false,"attachmentsCount":0,"hasContent":false,"attachmentStep":false},{"name":"ops_test::finalizer","time":{"start":1721959598517,"stop":1721959599141,"duration":624},"status":"passed","steps":[],"attachments":[],"parameters":[],"stepsCount":0,"shouldDisplayMessage":false,"attachmentsCount":0,"hasContent":false,"attachmentStep":false},{"name":"event_loop::2","time":{"start":1721959599142,"stop":1721959599143,"duration":1},"status":"passed","steps":[],"attachments":[],"parameters":[],"stepsCount":0,"shouldDisplayMessage":false,"attachmentsCount":0,"hasContent":false,"attachmentStep":false},{"name":"event_loop::_close_event_loop","time":{"start":1721959599143,"stop":1721959599143,"duration":0},"status":"passed","steps":[],"attachments":[],"parameters":[],"stepsCount":0,"shouldDisplayMessage":false,"attachmentsCount":0,"hasContent":false,"attachmentStep":false},{"name":"event_loop::_provide_clean_event_loop","time":{"start":1721959599143,"stop":1721959599143,"duration":0},"status":"passed","steps":[],"attachments":[],"parameters":[],"stepsCount":0,"shouldDisplayMessage":false,"attachmentsCount":0,"hasContent":false,"attachmentStep":false}],"labels":[{"name":"tag","value":"@pytest.mark.skipif(False, reason='Requires amd64 architecture')"},{"name":"tag","value":"group(1)"},{"name":"tag","value":"asyncio"},{"name":"parentSuite","value":"tests.integration.ha_tests"},{"name":"suite","value":"test_self_healing"},{"name":"host","value":"large-448-6f80a749b6d2e9e665bd8600"},{"name":"thread","value":"18470-MainThread"},{"name":"framework","value":"pytest"},{"name":"language","value":"cpython3"},{"name":"package","value":"tests.integration.ha_tests.test_self_healing"},{"name":"resultFormat","value":"allure2"}],"parameters":[],"links":[],"hidden":false,"retry":false,"extra":{"severity":"normal","retries":[{"uid":"cd4a97a50c0707a1","status":"unknown","time":{}}],"categories":[{"name":"Test defects","matchedStatuses":[],"flaky":false}],"history":{"statistic":{"failed":0,"broken":26,"skipped":0,"passed":0,"unknown":22,"total":48},"items":[{"uid":"eb54295b31a479f5","reportUrl":"../124//#testresult/eb54295b31a479f5","status":"broken","statusDetails":"subprocess.CalledProcessError: Command 'kubectl apply -f /tmp/tmpnc891uxj' returned non-zero exit status 127.","time":{"start":1721873174226,"stop":1721873247883,"duration":73657}},{"uid":"b4ec44f0e1877ee3","reportUrl":"../123//#testresult/b4ec44f0e1877ee3","status":"unknown","time":{}},{"uid":"65bfebe798675b3b","reportUrl":"../122//#testresult/65bfebe798675b3b","status":"unknown","time":{}},{"uid":"4b31b2d6c9b10b7a","reportUrl":"../121//#testresult/4b31b2d6c9b10b7a","status":"unknown","time":{}},{"uid":"8f07e3648a83ba6","reportUrl":"../120//#testresult/8f07e3648a83ba6","status":"unknown","time":{}},{"uid":"56ceac71a5ef86b6","reportUrl":"../119//#testresult/56ceac71a5ef86b6","status":"broken","statusDetails":"subprocess.CalledProcessError: Command 'kubectl apply -f /tmp/tmp36lypuk5' returned non-zero exit status 127.","time":{"start":1721446595473,"stop":1721446686512,"duration":91039}},{"uid":"429e647a3ec77001","reportUrl":"../118//#testresult/429e647a3ec77001","status":"unknown","time":{}},{"uid":"f22e540bd0d914b6","reportUrl":"../117//#testresult/f22e540bd0d914b6","status":"broken","statusDetails":"subprocess.CalledProcessError: Command 'kubectl apply -f /tmp/tmpalj36kry' returned non-zero exit status 127.","time":{"start":1721271343089,"stop":1721271422213,"duration":79124}},{"uid":"12a873864345e6c3","reportUrl":"../115//#testresult/12a873864345e6c3","status":"unknown","time":{}},{"uid":"d77f338cfc0ac504","reportUrl":"../114//#testresult/d77f338cfc0ac504","status":"broken","statusDetails":"subprocess.CalledProcessError: Command 'kubectl apply -f /tmp/tmp40yidwl7' returned non-zero exit status 127.","time":{"start":1721095479394,"stop":1721095555979,"duration":76585}},{"uid":"239608c35a445485","reportUrl":"../113//#testresult/239608c35a445485","status":"unknown","time":{}},{"uid":"be590522d4f40308","reportUrl":"../112//#testresult/be590522d4f40308","status":"unknown","time":{}},{"uid":"cb632c088cfce7d5","reportUrl":"../111//#testresult/cb632c088cfce7d5","status":"unknown","time":{}},{"uid":"8dbdc00c011b5d27","reportUrl":"../110//#testresult/8dbdc00c011b5d27","status":"broken","statusDetails":"subprocess.CalledProcessError: Command 'kubectl apply -f /tmp/tmp46y7cp_7' returned non-zero exit status 127.","time":{"start":1720749608628,"stop":1720749682348,"duration":73720}},{"uid":"676c3083a831bc97","reportUrl":"../109//#testresult/676c3083a831bc97","status":"broken","statusDetails":"subprocess.CalledProcessError: Command 'kubectl apply -f /tmp/tmpjp81ssg1' returned non-zero exit status 127.","time":{"start":1720663680471,"stop":1720663758177,"duration":77706}},{"uid":"9656af28ed7ac0ec","reportUrl":"../108//#testresult/9656af28ed7ac0ec","status":"broken","statusDetails":"subprocess.CalledProcessError: Command 'kubectl apply -f /tmp/tmpgwom53hs' returned non-zero exit status 127.","time":{"start":1720577322067,"stop":1720577391696,"duration":69629}},{"uid":"dd78fdbd1ff92cd1","reportUrl":"../107//#testresult/dd78fdbd1ff92cd1","status":"broken","statusDetails":"subprocess.CalledProcessError: Command 'kubectl apply -f /tmp/tmpxt6_j8nw' returned non-zero exit status 127.","time":{"start":1720490360256,"stop":1720490439110,"duration":78854}},{"uid":"67a3ae83b0a712f6","reportUrl":"../106//#testresult/67a3ae83b0a712f6","status":"broken","statusDetails":"subprocess.CalledProcessError: Command 'kubectl apply -f /tmp/tmpfd9_tw_p' returned non-zero exit status 127.","time":{"start":1720404059658,"stop":1720404127120,"duration":67462}},{"uid":"eb48db38a64ce634","reportUrl":"../105//#testresult/eb48db38a64ce634","status":"unknown","time":{}},{"uid":"2dc7ac9b33ed450","reportUrl":"../104//#testresult/2dc7ac9b33ed450","status":"broken","statusDetails":"subprocess.CalledProcessError: Command 'kubectl apply -f /tmp/tmpncz1dqq_' returned non-zero exit status 127.","time":{"start":1720231200204,"stop":1720231282098,"duration":81894}}]},"tags":["asyncio","@pytest.mark.skipif(False, reason='Requires amd64 architecture')","group(1)"]},"source":"39ad7b193546fa1b.json","parameterValues":[]}