[32mINFO    [0m juju.model:model.py:2097 Deploying local:jammy/postgresql-k8s-1
[32mINFO    [0m juju.model:model.py:2971 Waiting for model:
  second-postgresql-k8s/0 [allocating] waiting: installing agent
  second-postgresql-k8s/1 [allocating] waiting: installing agent
[32mINFO    [0m juju.model:model.py:2971 Waiting for model:
  second-postgresql-k8s/0 [executing] maintenance: installing charm software
  second-postgresql-k8s/1 [executing] maintenance: installing charm software
[32mINFO    [0m juju.model:model.py:2971 Waiting for model:
  second-postgresql-k8s/0 [idle] unknown: 
  second-postgresql-k8s/1 [executing] waiting: awaiting for cluster to start
[32mINFO    [0m juju.model:model.py:2971 Waiting for model:
  second-postgresql-k8s/0 [idle] unknown: 
  second-postgresql-k8s/1 [executing] waiting: awaiting for primary endpoint to be ready
[32mINFO    [0m juju.model:model.py:2971 Waiting for model:
  second-postgresql-k8s/0 [idle] unknown: 
  second-postgresql-k8s/1 [idle] waiting: awaiting for primary endpoint to be ready
[32mINFO    [0m juju.model:model.py:2971 Waiting for model:
  second-postgresql-k8s/0 [idle] unknown: 
  second-postgresql-k8s/1 [idle] active: Primary
[32mINFO    [0m juju.model:model.py:2971 Waiting for model:
  second-postgresql-k8s/0 [idle] unknown: 
  second-postgresql-k8s/1 [executing] active: Primary
[32mINFO    [0m juju.model:model.py:2971 Waiting for model:
  second-postgresql-k8s/0 [idle] unknown: 
  second-postgresql-k8s/1 [executing] active: Primary
[32mINFO    [0m juju.model:model.py:2971 Waiting for model:
  second-postgresql-k8s/0 [executing] unknown: 
  second-postgresql-k8s/1 [idle] active: Primary
[32mINFO    [0m juju.model:model.py:2971 Waiting for model:
  second-postgresql-k8s/0 [executing] active: 
  second-postgresql-k8s/1 [idle] active: Primary
[32mINFO    [0m httpx:_client.py:1026 HTTP Request: GET https://10.204.166.3:16443/api/v1/namespaces/test/pods/postgresql-k8s-2 "HTTP/1.1 200 OK"
[32mINFO    [0m httpx:_client.py:1026 HTTP Request: GET https://10.204.166.3:16443/api/v1/namespaces/test/pods/postgresql-k8s-2 "HTTP/1.1 200 OK"
[32mINFO    [0m httpx:_client.py:1026 HTTP Request: GET https://10.204.166.3:16443/api/v1/namespaces/test/pods/postgresql-k8s-1 "HTTP/1.1 200 OK"
[32mINFO    [0m httpx:_client.py:1026 HTTP Request: GET https://10.204.166.3:16443/api/v1/namespaces/test/pods/postgresql-k8s-2 "HTTP/1.1 200 OK"
[32mINFO    [0m pytest_operator.plugin:plugin.py:862 Model status:

Model  Controller          Cloud/Region        Version  SLA          Timestamp
test   microk8s-localhost  microk8s/localhost  3.1.8    unsupported  01:56:53Z

App                    Version  Status  Scale  Charm                Channel  Rev  Address         Exposed  Message
postgresql-k8s         14.11    active      3  postgresql-k8s                  0  10.152.183.153  no       
postgresql-test-app             active      1  postgresql-test-app  edge     150  10.152.183.98   no       received database credentials of the first database
second-postgresql-k8s  14.11    active      2  postgresql-k8s                  1  10.152.183.245  no       

Unit                      Workload  Agent  Address     Ports  Message
postgresql-k8s/0*         active    idle   10.1.6.143         
postgresql-k8s/1          active    idle   10.1.6.141         Primary
postgresql-k8s/2          active    idle   10.1.6.142         
postgresql-test-app/0*    active    idle   10.1.6.139         received database credentials of the first database
second-postgresql-k8s/0   active    idle   10.1.6.146         
second-postgresql-k8s/1*  active    idle   10.1.6.147         Primary

[32mINFO    [0m pytest_operator.plugin:plugin.py:868 Juju error logs:

unit-postgresql-k8s-0: 01:48:22 ERROR unit.postgresql-k8s/0.juju-log failed to patch k8s Endpoints patroni-postgresql-k8s
Traceback (most recent call last):
  File "/var/lib/juju/agents/unit-postgresql-k8s-0/charm/venv/lightkube/core/generic_client.py", line 188, in raise_for_status
    resp.raise_for_status()
  File "/var/lib/juju/agents/unit-postgresql-k8s-0/charm/venv/httpx/_models.py", line 761, in raise_for_status
    raise HTTPStatusError(message, request=request, response=self)
httpx.HTTPStatusError: Client error '409 Conflict' for url 'https://10.152.183.1/api/v1/namespaces/test/endpoints/patroni-postgresql-k8s?force=true&fieldManager=postgresql-k8s'
For more information check: https://developer.mozilla.org/en-US/docs/Web/HTTP/Status/409

During handling of the above exception, another exception occurred:

Traceback (most recent call last):
  File "/var/lib/juju/agents/unit-postgresql-k8s-0/charm/./src/charm.py", line 1098, in _on_stop
    client.apply(
  File "/var/lib/juju/agents/unit-postgresql-k8s-0/charm/venv/lightkube/core/client.py", line 457, in apply
    return self.patch(type(obj), name, obj, namespace=namespace,
  File "/var/lib/juju/agents/unit-postgresql-k8s-0/charm/venv/lightkube/core/client.py", line 325, in patch
    return self._client.request("patch", res=res, name=name, namespace=namespace, obj=obj,
  File "/var/lib/juju/agents/unit-postgresql-k8s-0/charm/venv/lightkube/core/generic_client.py", line 245, in request
    return self.handle_response(method, resp, br)
  File "/var/lib/juju/agents/unit-postgresql-k8s-0/charm/venv/lightkube/core/generic_client.py", line 196, in handle_response
    self.raise_for_status(resp)
  File "/var/lib/juju/agents/unit-postgresql-k8s-0/charm/venv/lightkube/core/generic_client.py", line 190, in raise_for_status
    raise transform_exception(e)
lightkube.core.exceptions.ApiError: Operation cannot be fulfilled on endpoints "patroni-postgresql-k8s": the object has been modified; please apply your changes to the latest version and try again
unit-postgresql-k8s-0: 01:48:58 ERROR unit.postgresql-k8s/0.juju-log Cluster upgrade failed, ensure pre-upgrade checks are ran first.

[32mINFO    [0m pytest_operator.plugin:plugin.py:947 Forgetting model main...