[32mINFO    [0m juju.model:model.py:2098 Deploying local:jammy/postgresql-k8s-3
[32mINFO    [0m juju.model:model.py:2972 Waiting for model:
  test-storage-postgresql-k8s/0 [allocating] waiting: agent initialising
[32mINFO    [0m juju.model:model.py:2972 Waiting for model:
  test-storage-postgresql-k8s/0 [executing] waiting: awaiting for cluster to start
[32mINFO    [0m juju.model:model.py:2972 Waiting for model:
  test-storage-postgresql-k8s/0 [executing] waiting: awaiting for cluster to start
[32mINFO    [0m juju.model:model.py:2972 Waiting for model:
  test-storage-postgresql-k8s/0 [executing] waiting: awaiting for cluster to start
[32mINFO    [0m juju.model:model.py:2972 Waiting for model:
  test-storage-postgresql-k8s/0 [executing] waiting: awaiting for cluster to start
[32mINFO    [0m juju.model:model.py:2972 Waiting for model:
  test-storage-postgresql-k8s/0 [executing] waiting: awaiting for cluster to start
[32mINFO    [0m juju.model:model.py:2972 Waiting for model:
  test-storage-postgresql-k8s/0 [executing] waiting: awaiting for cluster to start
[32mINFO    [0m juju.model:model.py:2972 Waiting for model:
  test-storage-postgresql-k8s/0 [executing] waiting: awaiting for cluster to start
[32mINFO    [0m juju.model:model.py:2972 Waiting for model:
  test-storage-postgresql-k8s/0 [executing] waiting: awaiting for primary endpoint to be ready
[32mINFO    [0m juju.model:model.py:2972 Waiting for model:
  test-storage-postgresql-k8s/0 [executing] waiting: awaiting for primary endpoint to be ready
[32mINFO    [0m juju.model:model.py:2972 Waiting for model:
  test-storage-postgresql-k8s/0 [executing] waiting: awaiting for primary endpoint to be ready
[32mINFO    [0m juju.model:model.py:2972 Waiting for model:
  test-storage-postgresql-k8s/0 [executing] waiting: awaiting for primary endpoint to be ready
[32mINFO    [0m juju.model:model.py:2972 Waiting for model:
  test-storage-postgresql-k8s/0 [executing] waiting: awaiting for primary endpoint to be ready
[32mINFO    [0m juju.model:model.py:2972 Waiting for model:
  test-storage-postgresql-k8s/0 [executing] waiting: awaiting for primary endpoint to be ready
[32mINFO    [0m juju.model:model.py:2972 Waiting for model:
  test-storage-postgresql-k8s/0 [idle] waiting: awaiting for primary endpoint to be ready
[32mINFO    [0m juju.model:model.py:2972 Waiting for model:
  test-storage-postgresql-k8s/0 [idle] active: Primary
[32mINFO    [0m juju.model:model.py:2972 Waiting for model:
  test-storage-postgresql-k8s/0 [executing] active: Primary
[32mINFO    [0m pytest_operator.plugin:plugin.py:862 Model status:

Model  Controller          Cloud/Region        Version  SLA          Timestamp
test   microk8s-localhost  microk8s/localhost  3.4.4    unsupported  03:06:12Z

App                          Version  Status  Scale  Charm           Channel  Rev  Address         Exposed  Message
postgresql-k8s               14.12    active      3  postgresql-k8s             2  10.152.183.160  no       
test-storage-postgresql-k8s  14.12    active      1  postgresql-k8s             3  10.152.183.182  no       

Unit                            Workload  Agent  Address      Ports  Message
postgresql-k8s/0*               active    idle   10.1.144.30         Primary
postgresql-k8s/1                active    idle   10.1.144.31         
postgresql-k8s/2                active    idle   10.1.144.32         
test-storage-postgresql-k8s/0*  active    idle   10.1.144.34         Primary

[32mINFO    [0m pytest_operator.plugin:plugin.py:868 Juju error logs:

unit-postgresql-k8s-0: 02:10:40 ERROR unit.postgresql-k8s/0.juju-log Cluster upgrade failed, ensure pre-upgrade checks are ran first.
unit-postgresql-k8s-1: 02:25:52 ERROR unit.postgresql-k8s/1.juju-log Cluster upgrade failed, ensure pre-upgrade checks are ran first.
unit-postgresql-k8s-2: 02:35:26 ERROR unit.postgresql-k8s/2.juju-log Uncaught exception while in charm code:
Traceback (most recent call last):
  File "/var/lib/juju/agents/unit-postgresql-k8s-2/charm/venv/ops/model.py", line 3180, in _run
    result = subprocess.run(args, **kwargs)  # type: ignore
  File "/usr/lib/python3.10/subprocess.py", line 526, in run
    raise CalledProcessError(retcode, process.args,
subprocess.CalledProcessError: Command '('/var/lib/juju/tools/unit-postgresql-k8s-2/secret-get', '--label', 'database-peers.postgresql-k8s.app', '--format=json')' returned non-zero exit status 1.

The above exception was the direct cause of the following exception:

Traceback (most recent call last):
  File "/var/lib/juju/agents/unit-postgresql-k8s-2/charm/./src/charm.py", line 1837, in <module>
    main(PostgresqlOperatorCharm, use_juju_for_storage=True)
  File "/var/lib/juju/agents/unit-postgresql-k8s-2/charm/venv/ops/main.py", line 548, in main
    manager.run()
  File "/var/lib/juju/agents/unit-postgresql-k8s-2/charm/venv/ops/main.py", line 527, in run
    self._emit()
  File "/var/lib/juju/agents/unit-postgresql-k8s-2/charm/venv/ops/main.py", line 516, in _emit
    _emit_charm_event(self.charm, self.dispatcher.event_name)
  File "/var/lib/juju/agents/unit-postgresql-k8s-2/charm/venv/ops/main.py", line 147, in _emit_charm_event
    event_to_emit.emit(*args, **kwargs)
  File "/var/lib/juju/agents/unit-postgresql-k8s-2/charm/venv/ops/framework.py", line 348, in emit
    framework._emit(event)
  File "/var/lib/juju/agents/unit-postgresql-k8s-2/charm/venv/ops/framework.py", line 860, in _emit
    self._reemit(event_path)
  File "/var/lib/juju/agents/unit-postgresql-k8s-2/charm/venv/ops/framework.py", line 950, in _reemit
    custom_handler(event)
  File "/var/lib/juju/agents/unit-postgresql-k8s-2/charm/lib/charms/tempo_k8s/v1/charm_tracing.py", line 647, in wrapped_function
    return callable(*args, **kwargs)  # type: ignore
  File "/var/lib/juju/agents/unit-postgresql-k8s-2/charm/./src/charm.py", line 827, in _on_postgresql_pebble_ready
    self.unit.set_workload_version(self._patroni.rock_postgresql_version)
  File "/var/lib/juju/agents/unit-postgresql-k8s-2/charm/./src/charm.py", line 1335, in _patroni
    self.get_secret(APP_SCOPE, REPLICATION_PASSWORD_KEY),
  File "/var/lib/juju/agents/unit-postgresql-k8s-2/charm/lib/charms/tempo_k8s/v1/charm_tracing.py", line 647, in wrapped_function
    return callable(*args, **kwargs)  # type: ignore
  File "/var/lib/juju/agents/unit-postgresql-k8s-2/charm/./src/charm.py", line 303, in get_secret
    return self.peer_relation_data(scope).get_secret(peers.id, secret_key)
  File "/var/lib/juju/agents/unit-postgresql-k8s-2/charm/lib/charms/data_platform_libs/v0/data_interfaces.py", line 519, in wrapper
    return f(self, *args, **kwargs)
  File "/var/lib/juju/agents/unit-postgresql-k8s-2/charm/lib/charms/data_platform_libs/v0/data_interfaces.py", line 1876, in get_secret
    and field not in self.current_secret_fields
  File "/var/lib/juju/agents/unit-postgresql-k8s-2/charm/lib/charms/data_platform_libs/v0/data_interfaces.py", line 1836, in current_secret_fields
    if content := self._get_group_secret_contents(relation, group):
  File "/var/lib/juju/agents/unit-postgresql-k8s-2/charm/lib/charms/data_platform_libs/v0/data_interfaces.py", line 2070, in _get_group_secret_contents
    result = super()._get_group_secret_contents(relation, group, secret_fields)
  File "/var/lib/juju/agents/unit-postgresql-k8s-2/charm/lib/charms/data_platform_libs/v0/data_interfaces.py", line 1000, in _get_group_secret_contents
    if (secret := self._get_relation_secret(relation.id, group)) and (
  File "/var/lib/juju/agents/unit-postgresql-k8s-2/charm/lib/charms/data_platform_libs/v0/data_interfaces.py", line 506, in wrapper
    return f(self, *args, **kwargs)
  File "/var/lib/juju/agents/unit-postgresql-k8s-2/charm/lib/charms/data_platform_libs/v0/data_interfaces.py", line 2059, in _get_relation_secret
    return self.secrets.get(label, secret_uri, legacy_labels=self._previous_labels())
  File "/var/lib/juju/agents/unit-postgresql-k8s-2/charm/lib/charms/data_platform_libs/v0/data_interfaces.py", line 706, in get
    if secret.meta:
  File "/var/lib/juju/agents/unit-postgresql-k8s-2/charm/lib/charms/data_platform_libs/v0/data_interfaces.py", line 605, in meta
    self._secret_meta = self._model.get_secret(label=label)
  File "/var/lib/juju/agents/unit-postgresql-k8s-2/charm/venv/ops/model.py", line 291, in get_secret
    content = self._backend.secret_get(id=id, label=label)
  File "/var/lib/juju/agents/unit-postgresql-k8s-2/charm/venv/ops/model.py", line 3545, in secret_get
    result = self._run('secret-get', *args, return_output=True, use_json=True)
  File "/var/lib/juju/agents/unit-postgresql-k8s-2/charm/venv/ops/model.py", line 3182, in _run
    raise ModelError(e.stderr) from e
ops.model.ModelError: ERROR permission denied

unit-postgresql-k8s-2: 02:35:27 ERROR juju.worker.uniter.operation hook "postgresql-pebble-ready" (via hook dispatching script: dispatch) failed: exit status 1
unit-postgresql-k8s-2: 02:35:27 ERROR juju.worker.uniter pebble poll failed for container "postgresql": failed to send pebble-ready event: hook failed
controller-0: 02:45:41 ERROR juju.worker.caasapplicationprovisioner.runner exited "postgresql-k8s": cannot scale dying application to 0: application "postgresql-k8s" not found

[32mINFO    [0m pytest_operator.plugin:plugin.py:947 Forgetting model main...