[32mINFO    [0m juju.model:model.py:2097 Deploying ch:amd64/focal/indico-213
[32mINFO    [0m juju.model:model.py:2097 Deploying ch:amd64/focal/redis-k8s-7
[32mINFO    [0m juju.model:model.py:2097 Deploying ch:amd64/focal/redis-k8s-7
[33mWARNING [0m juju.model:model.py:1563 relate is deprecated and will be removed. Use integrate instead.
[33mWARNING [0m juju.model:model.py:1563 relate is deprecated and will be removed. Use integrate instead.
[32mINFO    [0m juju.model:model.py:2971 Waiting for model:
  indico/0 [allocating] waiting: installing agent
[32mINFO    [0m juju.model:model.py:2971 Waiting for model:
  indico/0 [allocating] waiting: installing agent
[32mINFO    [0m juju.model:model.py:2971 Waiting for model:
  indico/0 [allocating] waiting: installing agent
[32mINFO    [0m juju.model:model.py:2971 Waiting for model:
  indico/0 [allocating] waiting: installing agent
[32mINFO    [0m juju.model:model.py:2971 Waiting for model:
  indico/0 [allocating] waiting: installing agent
[32mINFO    [0m pytest_operator.plugin:plugin.py:862 Model status:

Model  Controller          Cloud/Region        Version  SLA          Timestamp
test   microk8s-localhost  microk8s/localhost  3.1.8    unsupported  01:59:14Z

App                      Version  Status   Scale  Charm                Channel        Rev  Address         Exposed  Message
another-application               active       1  postgresql-test-app  edge           154  10.152.183.180  no       received database credentials of the first database
another-data-integrator           waiting      1  data-integrator      latest/stable   27  10.152.183.148  no       installing agent
another-database         14.11    active       3  postgresql-k8s                        1  10.152.183.120  no       Primary
data-integrator                   waiting      1  data-integrator      latest/stable   27  10.152.183.83   no       installing agent
database                 14.11    active       3  postgresql-k8s                        0  10.152.183.223  no       Primary
discourse-k8s                     waiting    0/1  discourse-k8s        latest/stable  124  10.152.183.31   no       installing agent
indico                            waiting    0/1  indico               stable         213  10.152.183.102  no       installing agent
postgresql-test-app               active       2  postgresql-test-app  edge           154  10.152.183.233  no       received database credentials of the first database
redis-broker                      error      0/1  redis-k8s            stable           7                  no       unknown container reason "ImagePullBackOff": Back-off pulling image "jujusolutions/charm-base:ubuntu-20.04"
redis-cache                       error      0/1  redis-k8s            stable           7                  no       unknown container reason "ImagePullBackOff": Back-off pulling image "jujusolutions/charm-base:ubuntu-20.04"
redis-k8s                7.2.5    active       1  redis-k8s            latest/edge     32  10.152.183.26   no       

Unit                        Workload  Agent       Address      Ports  Message
another-application/0*      active    idle        10.1.76.150         received database credentials of the first database
another-data-integrator/0*  blocked   idle        10.1.76.154         Please relate the data-integrator with the desired product
another-database/0*         active    idle        10.1.76.147         Primary
another-database/1          active    idle        10.1.76.148         
another-database/2          active    idle        10.1.76.149         
data-integrator/0*          blocked   idle        10.1.76.153         Please relate the data-integrator with the desired product
database/0*                 active    idle        10.1.76.143         Primary
database/1                  active    idle        10.1.76.151         
database/2                  active    idle        10.1.76.152         
discourse-k8s/0             error     lost        10.1.76.156         unknown container reason "ImagePullBackOff": Back-off pulling image "jujusolutions/charm-base:ubuntu-20.04"
indico/0                    error     lost        10.1.76.159         OCI image pull error: failed to pull and unpack image "docker.io/jujusolutions/charm-base:ubuntu-20.04": failed to co...
postgresql-test-app/0*      active    idle        10.1.76.136         received database credentials of the first database
postgresql-test-app/1       active    idle        10.1.76.137         received database credentials of the first database
redis-broker/0              waiting   allocating                      installing agent
redis-cache/0               waiting   allocating                      installing agent
redis-k8s/0*                active    idle        10.1.76.157         

[32mINFO    [0m pytest_operator.plugin:plugin.py:868 Juju error logs:

unit-database-2: 01:44:22 ERROR unit.database/2.juju-log failed to patch k8s Endpoints patroni-database-sync
Traceback (most recent call last):
  File "/var/lib/juju/agents/unit-database-2/charm/venv/lightkube/core/generic_client.py", line 188, in raise_for_status
    resp.raise_for_status()
  File "/var/lib/juju/agents/unit-database-2/charm/venv/httpx/_models.py", line 761, in raise_for_status
    raise HTTPStatusError(message, request=request, response=self)
httpx.HTTPStatusError: Client error '409 Conflict' for url 'https://10.152.183.1/api/v1/namespaces/test/endpoints/patroni-database-sync?force=true&fieldManager=database'
For more information check: https://developer.mozilla.org/en-US/docs/Web/HTTP/Status/409

During handling of the above exception, another exception occurred:

Traceback (most recent call last):
  File "/var/lib/juju/agents/unit-database-2/charm/./src/charm.py", line 1098, in _on_stop
    client.apply(
  File "/var/lib/juju/agents/unit-database-2/charm/venv/lightkube/core/client.py", line 457, in apply
    return self.patch(type(obj), name, obj, namespace=namespace,
  File "/var/lib/juju/agents/unit-database-2/charm/venv/lightkube/core/client.py", line 325, in patch
    return self._client.request("patch", res=res, name=name, namespace=namespace, obj=obj,
  File "/var/lib/juju/agents/unit-database-2/charm/venv/lightkube/core/generic_client.py", line 245, in request
    return self.handle_response(method, resp, br)
  File "/var/lib/juju/agents/unit-database-2/charm/venv/lightkube/core/generic_client.py", line 196, in handle_response
    self.raise_for_status(resp)
  File "/var/lib/juju/agents/unit-database-2/charm/venv/lightkube/core/generic_client.py", line 190, in raise_for_status
    raise transform_exception(e)
lightkube.core.exceptions.ApiError: Operation cannot be fulfilled on endpoints "patroni-database-sync": the object has been modified; please apply your changes to the latest version and try again
unit-database-2: 01:44:22 ERROR unit.database/2.juju-log failed to patch k8s Service patroni-database-config
Traceback (most recent call last):
  File "/var/lib/juju/agents/unit-database-2/charm/venv/lightkube/core/generic_client.py", line 188, in raise_for_status
    resp.raise_for_status()
  File "/var/lib/juju/agents/unit-database-2/charm/venv/httpx/_models.py", line 761, in raise_for_status
    raise HTTPStatusError(message, request=request, response=self)
httpx.HTTPStatusError: Client error '409 Conflict' for url 'https://10.152.183.1/api/v1/namespaces/test/services/patroni-database-config?force=true&fieldManager=database'
For more information check: https://developer.mozilla.org/en-US/docs/Web/HTTP/Status/409

During handling of the above exception, another exception occurred:

Traceback (most recent call last):
  File "/var/lib/juju/agents/unit-database-2/charm/./src/charm.py", line 1098, in _on_stop
    client.apply(
  File "/var/lib/juju/agents/unit-database-2/charm/venv/lightkube/core/client.py", line 457, in apply
    return self.patch(type(obj), name, obj, namespace=namespace,
  File "/var/lib/juju/agents/unit-database-2/charm/venv/lightkube/core/client.py", line 325, in patch
    return self._client.request("patch", res=res, name=name, namespace=namespace, obj=obj,
  File "/var/lib/juju/agents/unit-database-2/charm/venv/lightkube/core/generic_client.py", line 245, in request
    return self.handle_response(method, resp, br)
  File "/var/lib/juju/agents/unit-database-2/charm/venv/lightkube/core/generic_client.py", line 196, in handle_response
    self.raise_for_status(resp)
  File "/var/lib/juju/agents/unit-database-2/charm/venv/lightkube/core/generic_client.py", line 190, in raise_for_status
    raise transform_exception(e)
lightkube.core.exceptions.ApiError: Operation cannot be fulfilled on services "patroni-database-config": the object has been modified; please apply your changes to the latest version and try again
unit-database-0: 01:52:53 ERROR unit.database/0.juju-log database:21: Invalid extra user roles: test
unit-database-0: 01:52:53 ERROR unit.database/0.juju-log database:21: invalid role(s) for extra user roles
Traceback (most recent call last):
  File "/var/lib/juju/agents/unit-database-0/charm/src/relations/postgresql_provider.py", line 89, in _on_database_requested
    self.charm.postgresql.create_user(user, password, extra_user_roles=extra_user_roles)
  File "/var/lib/juju/agents/unit-database-0/charm/lib/charms/postgresql_k8s/v0/postgresql.py", line 222, in create_user
    raise PostgreSQLCreateUserError(INVALID_EXTRA_USER_ROLE_BLOCKING_MESSAGE)
charms.postgresql_k8s.v0.postgresql.PostgreSQLCreateUserError: invalid role(s) for extra user roles
unit-database-0: 01:52:55 ERROR unit.database/0.juju-log database:20: Invalid extra user roles: test
unit-database-0: 01:52:55 ERROR unit.database/0.juju-log database:20: invalid role(s) for extra user roles
Traceback (most recent call last):
  File "/var/lib/juju/agents/unit-database-0/charm/src/relations/postgresql_provider.py", line 89, in _on_database_requested
    self.charm.postgresql.create_user(user, password, extra_user_roles=extra_user_roles)
  File "/var/lib/juju/agents/unit-database-0/charm/lib/charms/postgresql_k8s/v0/postgresql.py", line 222, in create_user
    raise PostgreSQLCreateUserError(INVALID_EXTRA_USER_ROLE_BLOCKING_MESSAGE)
charms.postgresql_k8s.v0.postgresql.PostgreSQLCreateUserError: invalid role(s) for extra user roles

[32mINFO    [0m pytest_operator.plugin:plugin.py:947 Forgetting model main...