[32mINFO    [0m juju.model:model.py:2098 Deploying local:jammy/postgresql-k8s-1
[32mINFO    [0m juju.model:model.py:2972 Waiting for model:
  second-postgresql-k8s/0 [allocating] waiting: installing agent
  second-postgresql-k8s/1 [allocating] waiting: installing agent
[32mINFO    [0m juju.model:model.py:2972 Waiting for model:
  second-postgresql-k8s/0 [executing] maintenance: installing charm software
  second-postgresql-k8s/1 [executing] maintenance: installing charm software
[32mINFO    [0m juju.model:model.py:2972 Waiting for model:
  second-postgresql-k8s/0 [executing] waiting: awaiting for primary endpoint to be ready
  second-postgresql-k8s/1 [idle] unknown: 
[32mINFO    [0m juju.model:model.py:2972 Waiting for model:
  second-postgresql-k8s/0 [executing] waiting: awaiting for primary endpoint to be ready
  second-postgresql-k8s/1 [idle] unknown: 
[32mINFO    [0m juju.model:model.py:2972 Waiting for model:
  second-postgresql-k8s/0 [executing] waiting: awaiting for primary endpoint to be ready
  second-postgresql-k8s/1 [idle] unknown: 
[32mINFO    [0m juju.model:model.py:2972 Waiting for model:
  second-postgresql-k8s/0 [idle] active: Primary
  second-postgresql-k8s/1 [idle] unknown: 
[32mINFO    [0m juju.model:model.py:2972 Waiting for model:
  second-postgresql-k8s/0 [idle] active: Primary
  second-postgresql-k8s/1 [idle] waiting: awaiting for cluster to start
[32mINFO    [0m juju.model:model.py:2972 Waiting for model:
  second-postgresql-k8s/0 [executing] active: Primary
  second-postgresql-k8s/1 [idle] waiting: awaiting for member to start
[32mINFO    [0m juju.model:model.py:2972 Waiting for model:
  second-postgresql-k8s/0 [idle] active: Primary
  second-postgresql-k8s/1 [idle] waiting: awaiting for member to start
[32mINFO    [0m juju.model:model.py:2972 Waiting for model:
  second-postgresql-k8s/0 [idle] active: Primary
  second-postgresql-k8s/1 [idle] waiting: awaiting for member to start
[32mINFO    [0m juju.model:model.py:2972 Waiting for model:
  second-postgresql-k8s/0 [idle] active: Primary
  second-postgresql-k8s/1 [idle] waiting: awaiting for member to start
[32mINFO    [0m juju.model:model.py:2972 Waiting for model:
  second-postgresql-k8s/0 [idle] active: Primary
  second-postgresql-k8s/1 [idle] waiting: awaiting for member to start
[32mINFO    [0m juju.model:model.py:2972 Waiting for model:
  second-postgresql-k8s/0 [idle] active: Primary
  second-postgresql-k8s/1 [idle] waiting: awaiting for member to start
[32mINFO    [0m juju.model:model.py:2972 Waiting for model:
  second-postgresql-k8s/0 [idle] active: Primary
  second-postgresql-k8s/1 [idle] waiting: awaiting for member to start
[32mINFO    [0m juju.model:model.py:2972 Waiting for model:
  second-postgresql-k8s/0 [idle] active: Primary
  second-postgresql-k8s/1 [idle] active: 
[32mINFO    [0m httpx:_client.py:1038 HTTP Request: GET https://10.145.253.164:16443/api/v1/namespaces/test/pods/postgresql-k8s-2 "HTTP/1.1 200 OK"
[32mINFO    [0m httpx:_client.py:1038 HTTP Request: GET https://10.145.253.164:16443/api/v1/namespaces/test/pods/postgresql-k8s-2 "HTTP/1.1 200 OK"
[32mINFO    [0m httpx:_client.py:1038 HTTP Request: GET https://10.145.253.164:16443/api/v1/namespaces/test/pods/postgresql-k8s-0 "HTTP/1.1 200 OK"
[32mINFO    [0m httpx:_client.py:1038 HTTP Request: GET https://10.145.253.164:16443/api/v1/namespaces/test/pods/postgresql-k8s-2 "HTTP/1.1 200 OK"
[32mINFO    [0m pytest_operator.plugin:plugin.py:903 Model status:

Model  Controller          Cloud/Region        Version  SLA          Timestamp
test   microk8s-localhost  microk8s/localhost  3.4.5    unsupported  02:13:32Z

App                    Version  Status  Scale  Charm                Channel      Rev  Address         Exposed  Message
postgresql-k8s         14.13    active      3  postgresql-k8s                      0  10.152.183.152  no       
postgresql-test-app             active      1  postgresql-test-app  latest/edge  263  10.152.183.31   no       received database credentials of the first database
second-postgresql-k8s  14.13    active      2  postgresql-k8s                      1  10.152.183.18   no       

Unit                      Workload  Agent  Address     Ports  Message
postgresql-k8s/0          active    idle   10.1.53.11         Primary
postgresql-k8s/1*         active    idle   10.1.53.15         
postgresql-k8s/2          active    idle   10.1.53.12         
postgresql-test-app/0*    active    idle   10.1.53.14         received database credentials of the first database
second-postgresql-k8s/0*  active    idle   10.1.53.18         Primary
second-postgresql-k8s/1   active    idle   10.1.53.19         

[32mINFO    [0m pytest_operator.plugin:plugin.py:909 Juju error logs:

unit-postgresql-k8s-0: 01:58:58 ERROR unit.postgresql-k8s/0.juju-log Uncaught exception while in charm code:
Traceback (most recent call last):
  File "/var/lib/juju/agents/unit-postgresql-k8s-0/charm/venv/ops/model.py", line 3213, in _run
    result = subprocess.run(args, **kwargs)  # type: ignore
  File "/usr/lib/python3.10/subprocess.py", line 526, in run
    raise CalledProcessError(retcode, process.args,
subprocess.CalledProcessError: Command '('/var/lib/juju/tools/unit-postgresql-k8s-0/secret-get', '--label', 'database-peers.postgresql-k8s.app', '--format=json')' returned non-zero exit status 1.

The above exception was the direct cause of the following exception:

Traceback (most recent call last):
  File "/var/lib/juju/agents/unit-postgresql-k8s-0/charm/./src/charm.py", line 2202, in <module>
    main(PostgresqlOperatorCharm, use_juju_for_storage=True)
  File "/var/lib/juju/agents/unit-postgresql-k8s-0/charm/venv/ops/main.py", line 553, in main
    manager.run()
  File "/var/lib/juju/agents/unit-postgresql-k8s-0/charm/venv/ops/main.py", line 529, in run
    self._emit()
  File "/var/lib/juju/agents/unit-postgresql-k8s-0/charm/venv/ops/main.py", line 518, in _emit
    _emit_charm_event(self.charm, self.dispatcher.event_name, self._juju_context)
  File "/var/lib/juju/agents/unit-postgresql-k8s-0/charm/venv/ops/main.py", line 139, in _emit_charm_event
    event_to_emit.emit(*args, **kwargs)
  File "/var/lib/juju/agents/unit-postgresql-k8s-0/charm/venv/ops/framework.py", line 347, in emit
    framework._emit(event)
  File "/var/lib/juju/agents/unit-postgresql-k8s-0/charm/venv/ops/framework.py", line 853, in _emit
    self._reemit(event_path)
  File "/var/lib/juju/agents/unit-postgresql-k8s-0/charm/venv/ops/framework.py", line 943, in _reemit
    custom_handler(event)
  File "/var/lib/juju/agents/unit-postgresql-k8s-0/charm/lib/charms/tempo_k8s/v1/charm_tracing.py", line 735, in wrapped_function
    return callable(*args, **kwargs)  # type: ignore
  File "/var/lib/juju/agents/unit-postgresql-k8s-0/charm/./src/charm.py", line 916, in _on_postgresql_pebble_ready
    self.unit.set_workload_version(self._patroni.rock_postgresql_version)
  File "/var/lib/juju/agents/unit-postgresql-k8s-0/charm/./src/charm.py", line 1535, in _patroni
    self.get_secret(APP_SCOPE, REPLICATION_PASSWORD_KEY),
  File "/var/lib/juju/agents/unit-postgresql-k8s-0/charm/lib/charms/tempo_k8s/v1/charm_tracing.py", line 735, in wrapped_function
    return callable(*args, **kwargs)  # type: ignore
  File "/var/lib/juju/agents/unit-postgresql-k8s-0/charm/./src/charm.py", line 347, in get_secret
    if result := self.peer_relation_data(scope).fetch_my_relation_field(peers.id, key):
  File "/var/lib/juju/agents/unit-postgresql-k8s-0/charm/lib/charms/data_platform_libs/v0/data_interfaces.py", line 1393, in fetch_my_relation_field
    if relation_data := self.fetch_my_relation_data([relation_id], [field], relation_name):
  File "/var/lib/juju/agents/unit-postgresql-k8s-0/charm/lib/charms/data_platform_libs/v0/data_interfaces.py", line 1382, in fetch_my_relation_data
    data[relation.id] = self._fetch_my_specific_relation_data(relation, fields)
  File "/var/lib/juju/agents/unit-postgresql-k8s-0/charm/lib/charms/data_platform_libs/v0/data_interfaces.py", line 532, in wrapper
    return f(self, *args, **kwargs)
  File "/var/lib/juju/agents/unit-postgresql-k8s-0/charm/lib/charms/data_platform_libs/v0/data_interfaces.py", line 2329, in _fetch_my_specific_relation_data
    self.component, self.secret_fields, relation, fields
  File "/var/lib/juju/agents/unit-postgresql-k8s-0/charm/lib/charms/data_platform_libs/v0/data_interfaces.py", line 1966, in secret_fields
    self.static_secret_fields if self.static_secret_fields else self.current_secret_fields
  File "/var/lib/juju/agents/unit-postgresql-k8s-0/charm/lib/charms/data_platform_libs/v0/data_interfaces.py", line 1985, in current_secret_fields
    if content := self._get_group_secret_contents(relation, group):
  File "/var/lib/juju/agents/unit-postgresql-k8s-0/charm/lib/charms/data_platform_libs/v0/data_interfaces.py", line 2316, in _get_group_secret_contents
    result = super()._get_group_secret_contents(relation, group, secret_fields)
  File "/var/lib/juju/agents/unit-postgresql-k8s-0/charm/lib/charms/data_platform_libs/v0/data_interfaces.py", line 1119, in _get_group_secret_contents
    if (secret := self._get_relation_secret(relation.id, group)) and (
  File "/var/lib/juju/agents/unit-postgresql-k8s-0/charm/lib/charms/data_platform_libs/v0/data_interfaces.py", line 504, in wrapper
    return f(self, *args, **kwargs)
  File "/var/lib/juju/agents/unit-postgresql-k8s-0/charm/lib/charms/data_platform_libs/v0/data_interfaces.py", line 2303, in _get_relation_secret
    return self.secrets.get(
  File "/var/lib/juju/agents/unit-postgresql-k8s-0/charm/lib/charms/data_platform_libs/v0/data_interfaces.py", line 808, in get
    if secret.meta:
  File "/var/lib/juju/agents/unit-postgresql-k8s-0/charm/lib/charms/data_platform_libs/v0/data_interfaces.py", line 638, in meta
    self._secret_meta = self._model.get_secret(label=self.label)
  File "/var/lib/juju/agents/unit-postgresql-k8s-0/charm/venv/ops/model.py", line 299, in get_secret
    content = self._backend.secret_get(id=id, label=label)
  File "/var/lib/juju/agents/unit-postgresql-k8s-0/charm/venv/ops/model.py", line 3579, in secret_get
    result = self._run('secret-get', *args, return_output=True, use_json=True)
  File "/var/lib/juju/agents/unit-postgresql-k8s-0/charm/venv/ops/model.py", line 3215, in _run
    raise ModelError(e.stderr) from e
ops.model.ModelError: ERROR permission denied

unit-postgresql-k8s-0: 01:58:58 ERROR juju.worker.uniter.operation hook "postgresql-pebble-ready" (via hook dispatching script: dispatch) failed: exit status 1
unit-postgresql-k8s-0: 01:58:58 ERROR juju.worker.uniter pebble poll failed for container "postgresql": failed to send pebble-ready event: hook failed
unit-postgresql-k8s-1: 02:04:06 ERROR unit.postgresql-k8s/1.juju-log Cluster upgrade failed, ensure pre-upgrade checks are ran first.

[32mINFO    [0m pytest_operator.plugin:plugin.py:991 Forgetting model main...