[32mINFO    [0m integration.test_backups:test_backups.py:88 deleting the previously created backups
[32mINFO    [0m pytest_operator.plugin:plugin.py:903 Model status:

Model  Controller          Cloud/Region        Version  SLA          Timestamp
test   microk8s-localhost  microk8s/localhost  3.4.5    unsupported  02:47:33Z

App                       Version  Status   Scale  Charm                     Channel        Rev  Address         Exposed  Message
postgresql-k8s-gcp        14.13    active       2  postgresql-k8s                             0  10.152.183.177  no       
s3-integrator                      waiting      1  s3-integrator             latest/stable   31  10.152.183.96   no       installing agent
self-signed-certificates           active       1  self-signed-certificates  latest/stable  155  10.152.183.241  no       

Unit                         Workload  Agent  Address     Ports  Message
postgresql-k8s-gcp/0*        active    idle   10.1.53.12         Primary
postgresql-k8s-gcp/1         active    idle   10.1.53.13         
s3-integrator/0*             blocked   idle   10.1.53.8          Missing parameters: ['access-key', 'secret-key']
self-signed-certificates/0*  active    idle   10.1.53.9          

[32mINFO    [0m pytest_operator.plugin:plugin.py:909 Juju error logs:

unit-postgresql-k8s-gcp-1: 02:22:17 ERROR unit.postgresql-k8s-gcp/1.juju-log certificates:4: Cannot push TLS certificates: <ops.pebble.ConnectionError ("Could not connect to Pebble: socket not found at '/charm/containers/postgresql/pebble.socket' (container restarted?)",)>
unit-postgresql-k8s-gcp-1: 02:22:19 ERROR unit.postgresql-k8s-gcp/1.juju-log Cannot push TLS certificates: <ops.pebble.ConnectionError ("Could not connect to Pebble: socket not found at '/charm/containers/postgresql/pebble.socket' (container restarted?)",)>
unit-postgresql-k8s-gcp-1: 02:22:21 ERROR unit.postgresql-k8s-gcp/1.juju-log Cannot push TLS certificates: <ops.pebble.ConnectionError ("Could not connect to Pebble: socket not found at '/charm/containers/postgresql/pebble.socket' (container restarted?)",)>
unit-postgresql-k8s-gcp-1: 02:22:22 ERROR unit.postgresql-k8s-gcp/1.juju-log Cannot push TLS certificates: <ops.pebble.ConnectionError ("Could not connect to Pebble: socket not found at '/charm/containers/postgresql/pebble.socket' (container restarted?)",)>
unit-postgresql-k8s-gcp-1: 02:22:24 ERROR unit.postgresql-k8s-gcp/1.juju-log Cannot push TLS certificates: <ops.pebble.ConnectionError ("Could not connect to Pebble: socket not found at '/charm/containers/postgresql/pebble.socket' (container restarted?)",)>
unit-postgresql-k8s-gcp-1: 02:22:26 ERROR unit.postgresql-k8s-gcp/1.juju-log Cannot push TLS certificates: <ops.pebble.ConnectionError ("Could not connect to Pebble: socket not found at '/charm/containers/postgresql/pebble.socket' (container restarted?)",)>
unit-postgresql-k8s-gcp-1: 02:22:27 ERROR unit.postgresql-k8s-gcp/1.juju-log Cannot push TLS certificates: <ops.pebble.ConnectionError ("Could not connect to Pebble: socket not found at '/charm/containers/postgresql/pebble.socket' (container restarted?)",)>
unit-postgresql-k8s-gcp-1: 02:22:29 ERROR unit.postgresql-k8s-gcp/1.juju-log Cannot push TLS certificates: <ops.pebble.ConnectionError ("Could not connect to Pebble: socket not found at '/charm/containers/postgresql/pebble.socket' (container restarted?)",)>
unit-postgresql-k8s-gcp-1: 02:22:31 ERROR unit.postgresql-k8s-gcp/1.juju-log Cannot push TLS certificates: <ops.pebble.ConnectionError ("Could not connect to Pebble: socket not found at '/charm/containers/postgresql/pebble.socket' (container restarted?)",)>
unit-postgresql-k8s-gcp-1: 02:22:32 ERROR unit.postgresql-k8s-gcp/1.juju-log Cannot push TLS certificates: <ops.pebble.ConnectionError ("Could not connect to Pebble: socket not found at '/charm/containers/postgresql/pebble.socket' (container restarted?)",)>
unit-postgresql-k8s-gcp-1: 02:22:34 ERROR unit.postgresql-k8s-gcp/1.juju-log Cannot push TLS certificates: <ops.pebble.ConnectionError ("Could not connect to Pebble: socket not found at '/charm/containers/postgresql/pebble.socket' (container restarted?)",)>
unit-postgresql-k8s-gcp-1: 02:22:36 ERROR unit.postgresql-k8s-gcp/1.juju-log Cannot push TLS certificates: <ops.pebble.ConnectionError ("Could not connect to Pebble: socket not found at '/charm/containers/postgresql/pebble.socket' (container restarted?)",)>
unit-postgresql-k8s-gcp-1: 02:22:38 ERROR unit.postgresql-k8s-gcp/1.juju-log Cannot push TLS certificates: <ops.pebble.ConnectionError ("Could not connect to Pebble: socket not found at '/charm/containers/postgresql/pebble.socket' (container restarted?)",)>
unit-postgresql-k8s-gcp-1: 02:22:40 ERROR unit.postgresql-k8s-gcp/1.juju-log Cannot push TLS certificates: <ops.pebble.ConnectionError ("Could not connect to Pebble: socket not found at '/charm/containers/postgresql/pebble.socket' (container restarted?)",)>
unit-postgresql-k8s-gcp-1: 02:22:42 ERROR unit.postgresql-k8s-gcp/1.juju-log Cannot push TLS certificates: <ops.pebble.ConnectionError ("Could not connect to Pebble: socket not found at '/charm/containers/postgresql/pebble.socket' (container restarted?)",)>
unit-postgresql-k8s-gcp-1: 02:27:07 ERROR unit.postgresql-k8s-gcp/1.juju-log database-peers:2: failed to change plugins: 
Traceback (most recent call last):
  File "/var/lib/juju/agents/unit-postgresql-k8s-gcp-1/charm/lib/charms/postgresql_k8s/v0/postgresql.py", line 326, in enable_disable_extensions
    with self._connect_to_database() as connection, connection.cursor() as cursor:
  File "/var/lib/juju/agents/unit-postgresql-k8s-gcp-1/charm/lib/charms/tempo_k8s/v1/charm_tracing.py", line 735, in wrapped_function
    return callable(*args, **kwargs)  # type: ignore
  File "/var/lib/juju/agents/unit-postgresql-k8s-gcp-1/charm/lib/charms/postgresql_k8s/v0/postgresql.py", line 150, in _connect_to_database
    connection = psycopg2.connect(
  File "/var/lib/juju/agents/unit-postgresql-k8s-gcp-1/charm/venv/psycopg2/__init__.py", line 122, in connect
    conn = _connect(dsn, connection_factory=connection_factory, **kwasync)
psycopg2.OperationalError: connection to server at "postgresql-k8s-gcp-primary.test.svc.cluster.local" (10.152.183.240), port 5432 failed: Connection refused
	Is the server running on that host and accepting TCP/IP connections?


During handling of the above exception, another exception occurred:

Traceback (most recent call last):
  File "/var/lib/juju/agents/unit-postgresql-k8s-gcp-1/charm/./src/charm.py", line 707, in _handle_enable_disable_extensions
    self.postgresql.enable_disable_extensions(extensions, database)
  File "/var/lib/juju/agents/unit-postgresql-k8s-gcp-1/charm/lib/charms/tempo_k8s/v1/charm_tracing.py", line 735, in wrapped_function
    return callable(*args, **kwargs)  # type: ignore
  File "/var/lib/juju/agents/unit-postgresql-k8s-gcp-1/charm/lib/charms/postgresql_k8s/v0/postgresql.py", line 353, in enable_disable_extensions
    raise PostgreSQLEnableDisableExtensionError()
charms.postgresql_k8s.v0.postgresql.PostgreSQLEnableDisableExtensionError

[32mINFO    [0m pytest_operator.plugin:plugin.py:991 Forgetting model main...