[32mINFO    [0m pytest_operator.plugin:plugin.py:766 Connecting to existing model microk8s-localhost:test on unspecified cloud
[32mINFO    [0m juju.model:model.py:2098 Deploying ch:amd64/jammy/s3-integrator-31
[32mINFO    [0m juju.model:model.py:2098 Deploying ch:amd64/jammy/self-signed-certificates-155
[32mINFO    [0m juju.model:model.py:2098 Deploying local:jammy/postgresql-k8s-0
[33mWARNING [0m juju.model:model.py:1564 relate is deprecated and will be removed. Use integrate instead.
[32mINFO    [0m juju.model:model.py:2972 Waiting for model:
  postgresql-k8s-aws/0 [allocating] waiting: installing agent
  postgresql-k8s-aws/1 [allocating] waiting: installing agent
[32mINFO    [0m juju.model:model.py:2972 Waiting for model:
  postgresql-k8s-aws/0 [allocating] waiting: agent initialising
  postgresql-k8s-aws/1 [allocating] waiting: agent initialising
[32mINFO    [0m juju.model:model.py:2972 Waiting for model:
  postgresql-k8s-aws/0 [allocating] waiting: agent initialising
  postgresql-k8s-aws/1 [allocating] waiting: agent initialising
[32mINFO    [0m juju.model:model.py:2972 Waiting for model:
  postgresql-k8s-aws/0 [executing] unknown: 
  postgresql-k8s-aws/1 [executing] waiting: awaiting for cluster to start
[32mINFO    [0m juju.model:model.py:2972 Waiting for model:
  postgresql-k8s-aws/0 [executing] unknown: 
  postgresql-k8s-aws/1 [executing] waiting: awaiting for primary endpoint to be ready
[32mINFO    [0m juju.model:model.py:2972 Waiting for model:
  postgresql-k8s-aws/0 [idle] unknown: 
  postgresql-k8s-aws/1 [idle] waiting: awaiting for primary endpoint to be ready
[32mINFO    [0m juju.model:model.py:2972 Waiting for model:
  postgresql-k8s-aws/0 [idle] unknown: 
  postgresql-k8s-aws/1 [idle] active: Primary
[32mINFO    [0m juju.model:model.py:2972 Waiting for model:
  postgresql-k8s-aws/0 [idle] waiting: awaiting for cluster to start
  postgresql-k8s-aws/1 [idle] active: Primary
[32mINFO    [0m juju.model:model.py:2972 Waiting for model:
  postgresql-k8s-aws/0 [idle] waiting: awaiting for cluster to start
  postgresql-k8s-aws/1 [executing] active: Primary
[32mINFO    [0m juju.model:model.py:2972 Waiting for model:
  postgresql-k8s-aws/0 [idle] waiting: awaiting for cluster to start
  postgresql-k8s-aws/1 [idle] maintenance: reconfiguring cluster
[32mINFO    [0m juju.model:model.py:2972 Waiting for model:
  postgresql-k8s-aws/0 [idle] waiting: awaiting for member to start
  postgresql-k8s-aws/1 [executing] active: Primary
[32mINFO    [0m juju.model:model.py:2972 Waiting for model:
  postgresql-k8s-aws/0 [idle] active: 
  postgresql-k8s-aws/1 [idle] active: Primary
[32mINFO    [0m juju.model:model.py:2972 Waiting for model:
  postgresql-k8s-aws/1 [idle] active: Primary
[33mWARNING [0m juju.model:model.py:1564 relate is deprecated and will be removed. Use integrate instead.
[32mINFO    [0m integration.test_backups_pitr:test_backups_pitr.py:123 configuring S3 integrator for aws
[32mINFO    [0m juju.model:model.py:2972 Waiting for model:
  postgresql-k8s-aws/0 [idle] active: 
  postgresql-k8s-aws/1 [executing] active: Primary
  s3-integrator/0 [executing] blocked: Missing parameters: ['access-key', 'secret-key']
[32mINFO    [0m juju.model:model.py:2972 Waiting for model:
  postgresql-k8s-aws/0 [executing] active: 
  postgresql-k8s-aws/1 [executing] maintenance: initialising stanza
  s3-integrator/0 [idle] active: 
[32mINFO    [0m juju.model:model.py:2972 Waiting for model:
  postgresql-k8s-aws/0 [executing] active: 
  postgresql-k8s-aws/1 [executing] maintenance: initialising stanza
[32mINFO    [0m juju.model:model.py:2972 Waiting for model:
  postgresql-k8s-aws/0 [executing] active: 
  postgresql-k8s-aws/1 [executing] maintenance: initialising stanza
[32mINFO    [0m juju.model:model.py:2972 Waiting for model:
  postgresql-k8s-aws/0 [idle] active: 
  postgresql-k8s-aws/1 [idle] active: Primary
[32mINFO    [0m juju.model:model.py:2972 Waiting for model:
  postgresql-k8s-aws/0 [executing] active: 
  postgresql-k8s-aws/1 [executing] maintenance: initialising stanza
  s3-integrator/0 [idle] active: 
[32mINFO    [0m juju.model:model.py:2972 Waiting for model:
  postgresql-k8s-aws/0 [idle] active: 
  postgresql-k8s-aws/1 [executing] maintenance: initialising stanza
[32mINFO    [0m juju.model:model.py:2972 Waiting for model:
  postgresql-k8s-aws/0 [executing] active: 
  postgresql-k8s-aws/1 [idle] active: Primary
[32mINFO    [0m juju.model:model.py:2972 Waiting for model:
  postgresql-k8s-aws/0 [idle] active: 
  postgresql-k8s-aws/1 [idle] maintenance: initialising stanza
[32mINFO    [0m juju.model:model.py:2972 Waiting for model:
  postgresql-k8s-aws/0 [idle] active: 
  postgresql-k8s-aws/1 [idle] active: Primary
[32mINFO    [0m integration.test_backups_pitr:test_backups_pitr.py:144 creating a table in the database
[32mINFO    [0m juju.model:model.py:2972 Waiting for model:
  s3-integrator/0 [idle] active: 
  self-signed-certificates/0 [idle] active: 
  postgresql-k8s-aws/0 [idle] active: 
  postgresql-k8s-aws/1 [idle] active: Primary
[32mINFO    [0m integration.test_backups_pitr:test_backups_pitr.py:155 creating a backup
[32mINFO    [0m integration.test_backups_pitr:test_backups_pitr.py:79 deleting the previously created backups
[32mINFO    [0m pytest_operator.plugin:plugin.py:903 Model status:

Model  Controller          Cloud/Region        Version  SLA          Timestamp
test   microk8s-localhost  microk8s/localhost  3.4.5    unsupported  04:06:02Z

App                       Version  Status   Scale  Charm                     Channel        Rev  Address         Exposed  Message
postgresql-k8s-aws        14.13    waiting      2  postgresql-k8s                             0  10.152.183.33   no       installing agent
s3-integrator                      active       1  s3-integrator             latest/stable   31  10.152.183.192  no       
self-signed-certificates           active       1  self-signed-certificates  latest/stable  155  10.152.183.208  no       

Unit                         Workload     Agent  Address     Ports  Message
postgresql-k8s-aws/0         maintenance  idle   10.1.53.13         creating backup
postgresql-k8s-aws/1*        active       idle   10.1.53.12         Primary
s3-integrator/0*             active       idle   10.1.53.8          
self-signed-certificates/0*  active       idle   10.1.53.9          

[32mINFO    [0m pytest_operator.plugin:plugin.py:909 Juju error logs:

unit-postgresql-k8s-aws-0: 04:05:58 ERROR unit.postgresql-k8s-aws/0.juju-log non-zero exit code 42 executing ['pgbackrest', '--stanza=test.patroni-postgresql-k8s-aws', '--log-level-console=debug', '--type=full', 'backup']
Traceback (most recent call last):
  File "/var/lib/juju/agents/unit-postgresql-k8s-aws-0/charm/src/backups.py", line 690, in _on_create_backup_action
    stdout, stderr = self._execute_command(command, stream=True)
  File "/var/lib/juju/agents/unit-postgresql-k8s-aws-0/charm/lib/charms/tempo_k8s/v1/charm_tracing.py", line 735, in wrapped_function
    return callable(*args, **kwargs)  # type: ignore
  File "/var/lib/juju/agents/unit-postgresql-k8s-aws-0/charm/src/backups.py", line 302, in _execute_command
    process.wait()
  File "/var/lib/juju/agents/unit-postgresql-k8s-aws-0/charm/venv/ops/pebble.py", line 1699, in wait
    raise ExecError(self._command, exit_code, None, None)
ops.pebble.ExecError: non-zero exit code 42 executing ['pgbackrest', '--stanza=test.patroni-postgresql-k8s-aws', '--log-level-console=debug', '--type=full', 'backup']
unit-postgresql-k8s-aws-0: 04:05:58 ERROR unit.postgresql-k8s-aws/0.juju-log Uncaught exception while in charm code:
Traceback (most recent call last):
  File "/var/lib/juju/agents/unit-postgresql-k8s-aws-0/charm/src/backups.py", line 690, in _on_create_backup_action
    stdout, stderr = self._execute_command(command, stream=True)
  File "/var/lib/juju/agents/unit-postgresql-k8s-aws-0/charm/lib/charms/tempo_k8s/v1/charm_tracing.py", line 735, in wrapped_function
    return callable(*args, **kwargs)  # type: ignore
  File "/var/lib/juju/agents/unit-postgresql-k8s-aws-0/charm/src/backups.py", line 302, in _execute_command
    process.wait()
  File "/var/lib/juju/agents/unit-postgresql-k8s-aws-0/charm/venv/ops/pebble.py", line 1699, in wait
    raise ExecError(self._command, exit_code, None, None)
ops.pebble.ExecError: non-zero exit code 42 executing ['pgbackrest', '--stanza=test.patroni-postgresql-k8s-aws', '--log-level-console=debug', '--type=full', 'backup']

During handling of the above exception, another exception occurred:

Traceback (most recent call last):
  File "/var/lib/juju/agents/unit-postgresql-k8s-aws-0/charm/./src/charm.py", line 2202, in <module>
    main(PostgresqlOperatorCharm, use_juju_for_storage=True)
  File "/var/lib/juju/agents/unit-postgresql-k8s-aws-0/charm/venv/ops/main.py", line 553, in main
    manager.run()
  File "/var/lib/juju/agents/unit-postgresql-k8s-aws-0/charm/venv/ops/main.py", line 529, in run
    self._emit()
  File "/var/lib/juju/agents/unit-postgresql-k8s-aws-0/charm/venv/ops/main.py", line 518, in _emit
    _emit_charm_event(self.charm, self.dispatcher.event_name, self._juju_context)
  File "/var/lib/juju/agents/unit-postgresql-k8s-aws-0/charm/venv/ops/main.py", line 139, in _emit_charm_event
    event_to_emit.emit(*args, **kwargs)
  File "/var/lib/juju/agents/unit-postgresql-k8s-aws-0/charm/venv/ops/framework.py", line 347, in emit
    framework._emit(event)
  File "/var/lib/juju/agents/unit-postgresql-k8s-aws-0/charm/venv/ops/framework.py", line 853, in _emit
    self._reemit(event_path)
  File "/var/lib/juju/agents/unit-postgresql-k8s-aws-0/charm/venv/ops/framework.py", line 943, in _reemit
    custom_handler(event)
  File "/var/lib/juju/agents/unit-postgresql-k8s-aws-0/charm/lib/charms/tempo_k8s/v1/charm_tracing.py", line 735, in wrapped_function
    return callable(*args, **kwargs)  # type: ignore
  File "/var/lib/juju/agents/unit-postgresql-k8s-aws-0/charm/src/backups.py", line 696, in _on_create_backup_action
    backup_label_stdout_line = re.findall(
  File "/usr/lib/python3.10/re.py", line 240, in findall
    return _compile(pattern, flags).findall(string)
TypeError: expected string or bytes-like object

[32mINFO    [0m pytest_operator.plugin:plugin.py:991 Forgetting model main...