[32mINFO    [0m pytest_operator.plugin:plugin.py:903 Model status:

Model  Controller          Cloud/Region        Version  SLA          Timestamp
test   microk8s-localhost  microk8s/localhost  3.4.5    unsupported  02:36:30Z

App             Version  Status  Scale  Charm           Channel  Rev  Address        Exposed  Message
postgresql-k8s  14.13    active      3  postgresql-k8s             0  10.152.183.73  no       

Unit               Workload  Agent  Address     Ports  Message
postgresql-k8s/0   active    idle   10.1.53.11         
postgresql-k8s/1*  active    idle   10.1.53.13         Primary
postgresql-k8s/2   active    idle   10.1.53.12         

[32mINFO    [0m pytest_operator.plugin:plugin.py:909 Juju error logs:

unit-postgresql-k8s-0: 02:27:58 ERROR unit.postgresql-k8s/0.juju-log Uncaught exception while in charm code:
Traceback (most recent call last):
  File "/var/lib/juju/agents/unit-postgresql-k8s-0/charm/venv/websocket/_socket.py", line 118, in recv
    bytes_ = _recv()
  File "/var/lib/juju/agents/unit-postgresql-k8s-0/charm/venv/websocket/_socket.py", line 97, in _recv
    return sock.recv(bufsize)
TimeoutError: timed out

During handling of the above exception, another exception occurred:

Traceback (most recent call last):
  File "/var/lib/juju/agents/unit-postgresql-k8s-0/charm/venv/ops/pebble.py", line 2890, in exec
    control_ws = self._connect_websocket(task_id, 'control')
  File "/var/lib/juju/agents/unit-postgresql-k8s-0/charm/venv/ops/pebble.py", line 2978, in _connect_websocket
    ws.connect(url, socket=sock)
  File "/var/lib/juju/agents/unit-postgresql-k8s-0/charm/venv/websocket/_core.py", line 261, in connect
    self.handshake_response = handshake(self.sock, url, *addrs, **options)
  File "/var/lib/juju/agents/unit-postgresql-k8s-0/charm/venv/websocket/_handshake.py", line 65, in handshake
    status, resp = _get_resp_headers(sock)
  File "/var/lib/juju/agents/unit-postgresql-k8s-0/charm/venv/websocket/_handshake.py", line 141, in _get_resp_headers
    status, resp_headers, status_message = read_headers(sock)
  File "/var/lib/juju/agents/unit-postgresql-k8s-0/charm/venv/websocket/_http.py", line 351, in read_headers
    line = recv_line(sock)
  File "/var/lib/juju/agents/unit-postgresql-k8s-0/charm/venv/websocket/_socket.py", line 140, in recv_line
    c = recv(sock, 1)
  File "/var/lib/juju/agents/unit-postgresql-k8s-0/charm/venv/websocket/_socket.py", line 120, in recv
    raise WebSocketTimeoutException("Connection timed out")
websocket._exceptions.WebSocketTimeoutException: Connection timed out

The above exception was the direct cause of the following exception:

Traceback (most recent call last):
  File "/var/lib/juju/agents/unit-postgresql-k8s-0/charm/./src/charm.py", line 2202, in <module>
    main(PostgresqlOperatorCharm, use_juju_for_storage=True)
  File "/var/lib/juju/agents/unit-postgresql-k8s-0/charm/venv/ops/main.py", line 553, in main
    manager.run()
  File "/var/lib/juju/agents/unit-postgresql-k8s-0/charm/venv/ops/main.py", line 529, in run
    self._emit()
  File "/var/lib/juju/agents/unit-postgresql-k8s-0/charm/venv/ops/main.py", line 515, in _emit
    self.framework.reemit()
  File "/var/lib/juju/agents/unit-postgresql-k8s-0/charm/venv/ops/framework.py", line 863, in reemit
    self._reemit()
  File "/var/lib/juju/agents/unit-postgresql-k8s-0/charm/venv/ops/framework.py", line 943, in _reemit
    custom_handler(event)
  File "/var/lib/juju/agents/unit-postgresql-k8s-0/charm/lib/charms/tempo_k8s/v1/charm_tracing.py", line 735, in wrapped_function
    return callable(*args, **kwargs)  # type: ignore
  File "/var/lib/juju/agents/unit-postgresql-k8s-0/charm/./src/charm.py", line 914, in _on_postgresql_pebble_ready
    self._create_pgdata(container)
  File "/var/lib/juju/agents/unit-postgresql-k8s-0/charm/lib/charms/tempo_k8s/v1/charm_tracing.py", line 735, in wrapped_function
    return callable(*args, **kwargs)  # type: ignore
  File "/var/lib/juju/agents/unit-postgresql-k8s-0/charm/./src/charm.py", line 890, in _create_pgdata
    container.exec([
  File "/var/lib/juju/agents/unit-postgresql-k8s-0/charm/venv/ops/model.py", line 2890, in exec
    return self._pebble.exec(
  File "/var/lib/juju/agents/unit-postgresql-k8s-0/charm/venv/ops/pebble.py", line 2899, in exec
    raise ChangeError(change.err, change) from e
ops.pebble.ChangeError: cannot perform the following tasks:
- exec command "chown" (exec 20: timeout waiting for websocket connections: context deadline exceeded)
----- Logs from task 0 -----
2024-12-22T02:27:58Z ERROR exec 20: timeout waiting for websocket connections: context deadline exceeded
-----
unit-postgresql-k8s-0: 02:27:58 ERROR juju.worker.uniter.operation hook "update-status" (via hook dispatching script: dispatch) failed: exit status 1
unit-postgresql-k8s-0: 02:28:53 ERROR unit.postgresql-k8s/0.juju-log pgdata folder not found in /var/lib/postgresql/data/pgdata
unit-postgresql-k8s-2: 02:28:53 ERROR unit.postgresql-k8s/2.juju-log pgdata folder not found in /var/lib/postgresql/data/pgdata
unit-postgresql-k8s-1: 02:36:26 ERROR unit.postgresql-k8s/1.juju-log Uncaught exception while in charm code:
Traceback (most recent call last):
  File "/var/lib/juju/agents/unit-postgresql-k8s-1/charm/venv/ops/model.py", line 3213, in _run
    result = subprocess.run(args, **kwargs)  # type: ignore
  File "/usr/lib/python3.10/subprocess.py", line 526, in run
    raise CalledProcessError(retcode, process.args,
subprocess.CalledProcessError: Command '('/var/lib/juju/tools/unit-postgresql-k8s-1/secret-set', 'secret:ctjnhnvmp25c7bve16m0', 'backup-password#file=/tmp/tmpouio5b4m/backup-password', 'monitoring-password#file=/tmp/tmpouio5b4m/monitoring-password', 'operator-password#file=/tmp/tmpouio5b4m/operator-password', 'patroni-password#file=/tmp/tmpouio5b4m/patroni-password', 'replication-password#file=/tmp/tmpouio5b4m/replication-password', 'rewind-password#file=/tmp/tmpouio5b4m/rewind-password')' returned non-zero exit status 2.

The above exception was the direct cause of the following exception:

Traceback (most recent call last):
  File "/var/lib/juju/agents/unit-postgresql-k8s-1/charm/./src/charm.py", line 2202, in <module>
    main(PostgresqlOperatorCharm, use_juju_for_storage=True)
  File "/var/lib/juju/agents/unit-postgresql-k8s-1/charm/venv/ops/main.py", line 553, in main
    manager.run()
  File "/var/lib/juju/agents/unit-postgresql-k8s-1/charm/venv/ops/main.py", line 529, in run
    self._emit()
  File "/var/lib/juju/agents/unit-postgresql-k8s-1/charm/venv/ops/main.py", line 518, in _emit
    _emit_charm_event(self.charm, self.dispatcher.event_name, self._juju_context)
  File "/var/lib/juju/agents/unit-postgresql-k8s-1/charm/venv/ops/main.py", line 139, in _emit_charm_event
    event_to_emit.emit(*args, **kwargs)
  File "/var/lib/juju/agents/unit-postgresql-k8s-1/charm/venv/ops/framework.py", line 347, in emit
    framework._emit(event)
  File "/var/lib/juju/agents/unit-postgresql-k8s-1/charm/venv/ops/framework.py", line 853, in _emit
    self._reemit(event_path)
  File "/var/lib/juju/agents/unit-postgresql-k8s-1/charm/venv/ops/framework.py", line 943, in _reemit
    custom_handler(event)
  File "/var/lib/juju/agents/unit-postgresql-k8s-1/charm/lib/charms/tempo_k8s/v1/charm_tracing.py", line 735, in wrapped_function
    return callable(*args, **kwargs)  # type: ignore
  File "/var/lib/juju/agents/unit-postgresql-k8s-1/charm/./src/charm.py", line 1246, in _on_set_password
    self.set_secret(APP_SCOPE, f"{username}-password", password)
  File "/var/lib/juju/agents/unit-postgresql-k8s-1/charm/lib/charms/tempo_k8s/v1/charm_tracing.py", line 735, in wrapped_function
    return callable(*args, **kwargs)  # type: ignore
  File "/var/lib/juju/agents/unit-postgresql-k8s-1/charm/./src/charm.py", line 366, in set_secret
    self.peer_relation_data(scope).set_secret(peers.id, secret_key, value)
  File "/var/lib/juju/agents/unit-postgresql-k8s-1/charm/lib/charms/data_platform_libs/v0/data_interfaces.py", line 517, in wrapper
    return f(self, *args, **kwargs)
  File "/var/lib/juju/agents/unit-postgresql-k8s-1/charm/lib/charms/data_platform_libs/v0/data_interfaces.py", line 2011, in set_secret
    self.update_relation_data(relation_id, {full_field: value})
  File "/var/lib/juju/agents/unit-postgresql-k8s-1/charm/lib/charms/data_platform_libs/v0/data_interfaces.py", line 492, in wrapper
    return f(self, *args, **kwargs)
  File "/var/lib/juju/agents/unit-postgresql-k8s-1/charm/lib/charms/data_platform_libs/v0/data_interfaces.py", line 1403, in update_relation_data
    return self._update_relation_data(relation, data)
  File "/var/lib/juju/agents/unit-postgresql-k8s-1/charm/lib/charms/data_platform_libs/v0/data_interfaces.py", line 532, in wrapper
    return f(self, *args, **kwargs)
  File "/var/lib/juju/agents/unit-postgresql-k8s-1/charm/lib/charms/data_platform_libs/v0/data_interfaces.py", line 2335, in _update_relation_data
    _, normal_fields = self._process_secret_fields(
  File "/var/lib/juju/agents/unit-postgresql-k8s-1/charm/lib/charms/data_platform_libs/v0/data_interfaces.py", line 1186, in _process_secret_fields
    if group_result := operation(relation, group, secret_fields, *args, **kwargs):
  File "/var/lib/juju/agents/unit-postgresql-k8s-1/charm/lib/charms/data_platform_libs/v0/data_interfaces.py", line 1527, in _add_or_update_relation_secrets
    return self._update_relation_secret(relation, group, secret_fields, data)
  File "/var/lib/juju/agents/unit-postgresql-k8s-1/charm/lib/charms/data_platform_libs/v0/data_interfaces.py", line 504, in wrapper
    return f(self, *args, **kwargs)
  File "/var/lib/juju/agents/unit-postgresql-k8s-1/charm/lib/charms/data_platform_libs/v0/data_interfaces.py", line 1512, in _update_relation_secret
    secret.set_content(full_content)
  File "/var/lib/juju/agents/unit-postgresql-k8s-1/charm/lib/charms/data_platform_libs/v0/data_interfaces.py", line 769, in set_content
    self.meta.set_content(content)
  File "/var/lib/juju/agents/unit-postgresql-k8s-1/charm/venv/ops/model.py", line 1455, in set_content
    self._backend.secret_set(typing.cast(str, self.id), content=content)
  File "/var/lib/juju/agents/unit-postgresql-k8s-1/charm/venv/ops/model.py", line 3634, in secret_set
    self._run_for_secret('secret-set', *args)
  File "/var/lib/juju/agents/unit-postgresql-k8s-1/charm/venv/ops/model.py", line 3590, in _run_for_secret
    return self._run(*args, return_output=return_output, use_json=use_json)
  File "/var/lib/juju/agents/unit-postgresql-k8s-1/charm/venv/ops/model.py", line 3215, in _run
    raise ModelError(e.stderr) from e
ops.model.ModelError: ERROR secret content in file "/tmp/tmpouio5b4m/replication-password" too large: 2000000 bytes


[32mINFO    [0m pytest_operator.plugin:plugin.py:991 Forgetting model main...