{"uid":"b70e0e31e0cdd732","name":"test_full_cluster_restart[SIGKILL-postgres]","fullName":"tests.integration.ha_tests.test_self_healing#test_full_cluster_restart","historyId":"2702afd99304f2d258e13b03718c72a0","time":{"start":1730688087328,"stop":1730688131142,"duration":43814},"description":"This tests checks that a cluster recovers from a full cluster restart.\n\n    The test can be called a full cluster crash when the signal sent to the OS process\n    is SIGKILL.\n    ","descriptionHtml":"<p>This tests checks that a cluster recovers from a full cluster restart.</p>\n<pre><code>The test can be called a full cluster crash when the signal sent to the OS process\nis SIGKILL.\n</code></pre>\n","status":"broken","statusMessage":"TypeError: change_patroni_setting() missing 1 required positional argument: 'password'","statusTrace":"Traceback (most recent call last):\n  File \"/home/ubuntu/actions-runner/_work/test-runners-2-is-x64-postgresql-k8s-operator/test-runners-2-is-x64-postgresql-k8s-operator/.tox/integration/lib/python3.10/site-packages/_pytest/runner.py\", line 341, in from_call\n    result: TResult | None = func()\n  File \"/home/ubuntu/actions-runner/_work/test-runners-2-is-x64-postgresql-k8s-operator/test-runners-2-is-x64-postgresql-k8s-operator/.tox/integration/lib/python3.10/site-packages/_pytest/runner.py\", line 242, in <lambda>\n    lambda: runtest_hook(item=item, **kwds), when=when, reraise=reraise\n  File \"/home/ubuntu/actions-runner/_work/test-runners-2-is-x64-postgresql-k8s-operator/test-runners-2-is-x64-postgresql-k8s-operator/.tox/integration/lib/python3.10/site-packages/pluggy/_hooks.py\", line 513, in __call__\n    return self._hookexec(self.name, self._hookimpls.copy(), kwargs, firstresult)\n  File \"/home/ubuntu/actions-runner/_work/test-runners-2-is-x64-postgresql-k8s-operator/test-runners-2-is-x64-postgresql-k8s-operator/.tox/integration/lib/python3.10/site-packages/pluggy/_manager.py\", line 120, in _hookexec\n    return self._inner_hookexec(hook_name, methods, kwargs, firstresult)\n  File \"/home/ubuntu/actions-runner/_work/test-runners-2-is-x64-postgresql-k8s-operator/test-runners-2-is-x64-postgresql-k8s-operator/.tox/integration/lib/python3.10/site-packages/pluggy/_callers.py\", line 182, in _multicall\n    return outcome.get_result()\n  File \"/home/ubuntu/actions-runner/_work/test-runners-2-is-x64-postgresql-k8s-operator/test-runners-2-is-x64-postgresql-k8s-operator/.tox/integration/lib/python3.10/site-packages/pluggy/_result.py\", line 100, in get_result\n    raise exc.with_traceback(exc.__traceback__)\n  File \"/home/ubuntu/actions-runner/_work/test-runners-2-is-x64-postgresql-k8s-operator/test-runners-2-is-x64-postgresql-k8s-operator/.tox/integration/lib/python3.10/site-packages/pluggy/_callers.py\", line 167, in _multicall\n    teardown.throw(outcome._exception)\n  File \"/home/ubuntu/actions-runner/_work/test-runners-2-is-x64-postgresql-k8s-operator/test-runners-2-is-x64-postgresql-k8s-operator/.tox/integration/lib/python3.10/site-packages/_pytest/threadexception.py\", line 97, in pytest_runtest_teardown\n    yield from thread_exception_runtest_hook()\n  File \"/home/ubuntu/actions-runner/_work/test-runners-2-is-x64-postgresql-k8s-operator/test-runners-2-is-x64-postgresql-k8s-operator/.tox/integration/lib/python3.10/site-packages/_pytest/threadexception.py\", line 68, in thread_exception_runtest_hook\n    yield\n  File \"/home/ubuntu/actions-runner/_work/test-runners-2-is-x64-postgresql-k8s-operator/test-runners-2-is-x64-postgresql-k8s-operator/.tox/integration/lib/python3.10/site-packages/pluggy/_callers.py\", line 167, in _multicall\n    teardown.throw(outcome._exception)\n  File \"/home/ubuntu/actions-runner/_work/test-runners-2-is-x64-postgresql-k8s-operator/test-runners-2-is-x64-postgresql-k8s-operator/.tox/integration/lib/python3.10/site-packages/_pytest/unraisableexception.py\", line 100, in pytest_runtest_teardown\n    yield from unraisable_exception_runtest_hook()\n  File \"/home/ubuntu/actions-runner/_work/test-runners-2-is-x64-postgresql-k8s-operator/test-runners-2-is-x64-postgresql-k8s-operator/.tox/integration/lib/python3.10/site-packages/_pytest/unraisableexception.py\", line 70, in unraisable_exception_runtest_hook\n    yield\n  File \"/home/ubuntu/actions-runner/_work/test-runners-2-is-x64-postgresql-k8s-operator/test-runners-2-is-x64-postgresql-k8s-operator/.tox/integration/lib/python3.10/site-packages/pluggy/_callers.py\", line 167, in _multicall\n    teardown.throw(outcome._exception)\n  File \"/home/ubuntu/actions-runner/_work/test-runners-2-is-x64-postgresql-k8s-operator/test-runners-2-is-x64-postgresql-k8s-operator/.tox/integration/lib/python3.10/site-packages/_pytest/logging.py\", line 853, in pytest_runtest_teardown\n    yield from self._runtest_for(item, \"teardown\")\n  File \"/home/ubuntu/actions-runner/_work/test-runners-2-is-x64-postgresql-k8s-operator/test-runners-2-is-x64-postgresql-k8s-operator/.tox/integration/lib/python3.10/site-packages/_pytest/logging.py\", line 829, in _runtest_for\n    yield\n  File \"/home/ubuntu/actions-runner/_work/test-runners-2-is-x64-postgresql-k8s-operator/test-runners-2-is-x64-postgresql-k8s-operator/.tox/integration/lib/python3.10/site-packages/pluggy/_callers.py\", line 167, in _multicall\n    teardown.throw(outcome._exception)\n  File \"/home/ubuntu/actions-runner/_work/test-runners-2-is-x64-postgresql-k8s-operator/test-runners-2-is-x64-postgresql-k8s-operator/.tox/integration/lib/python3.10/site-packages/_pytest/capture.py\", line 885, in pytest_runtest_teardown\n    return (yield)\n  File \"/home/ubuntu/actions-runner/_work/test-runners-2-is-x64-postgresql-k8s-operator/test-runners-2-is-x64-postgresql-k8s-operator/.tox/integration/lib/python3.10/site-packages/pluggy/_callers.py\", line 103, in _multicall\n    res = hook_impl.function(*args)\n  File \"/home/ubuntu/actions-runner/_work/test-runners-2-is-x64-postgresql-k8s-operator/test-runners-2-is-x64-postgresql-k8s-operator/.tox/integration/lib/python3.10/site-packages/_pytest/runner.py\", line 189, in pytest_runtest_teardown\n    item.session._setupstate.teardown_exact(nextitem)\n  File \"/home/ubuntu/actions-runner/_work/test-runners-2-is-x64-postgresql-k8s-operator/test-runners-2-is-x64-postgresql-k8s-operator/.tox/integration/lib/python3.10/site-packages/_pytest/runner.py\", line 557, in teardown_exact\n    raise exceptions[0]\n  File \"/home/ubuntu/actions-runner/_work/test-runners-2-is-x64-postgresql-k8s-operator/test-runners-2-is-x64-postgresql-k8s-operator/.tox/integration/lib/python3.10/site-packages/_pytest/runner.py\", line 546, in teardown_exact\n    fin()\n  File \"/home/ubuntu/actions-runner/_work/test-runners-2-is-x64-postgresql-k8s-operator/test-runners-2-is-x64-postgresql-k8s-operator/.tox/integration/lib/python3.10/site-packages/_pytest/fixtures.py\", line 1032, in finish\n    raise exceptions[0]\n  File \"/home/ubuntu/actions-runner/_work/test-runners-2-is-x64-postgresql-k8s-operator/test-runners-2-is-x64-postgresql-k8s-operator/.tox/integration/lib/python3.10/site-packages/_pytest/fixtures.py\", line 1021, in finish\n    fin()\n  File \"/home/ubuntu/actions-runner/_work/test-runners-2-is-x64-postgresql-k8s-operator/test-runners-2-is-x64-postgresql-k8s-operator/.tox/integration/lib/python3.10/site-packages/allure_commons/_allure.py\", line 221, in __call__\n    return self._fixture_function(*args, **kwargs)\n  File \"/home/ubuntu/actions-runner/_work/test-runners-2-is-x64-postgresql-k8s-operator/test-runners-2-is-x64-postgresql-k8s-operator/.tox/integration/lib/python3.10/site-packages/pytest_asyncio/plugin.py\", line 300, in finalizer\n    event_loop.run_until_complete(async_finalizer())\n  File \"/usr/lib/python3.10/asyncio/base_events.py\", line 649, in run_until_complete\n    return future.result()\n  File \"/home/ubuntu/actions-runner/_work/test-runners-2-is-x64-postgresql-k8s-operator/test-runners-2-is-x64-postgresql-k8s-operator/.tox/integration/lib/python3.10/site-packages/pytest_asyncio/plugin.py\", line 292, in async_finalizer\n    await gen_obj.__anext__()\n  File \"/home/ubuntu/actions-runner/_work/test-runners-2-is-x64-postgresql-k8s-operator/test-runners-2-is-x64-postgresql-k8s-operator/tests/integration/ha_tests/conftest.py\", line 57, in loop_wait\n    await change_patroni_setting(ops_test, \"loop_wait\", initial_loop_wait)\nTypeError: change_patroni_setting() missing 1 required positional argument: 'password'","flaky":false,"newFailed":false,"newBroken":false,"newPassed":false,"retriesCount":1,"retriesStatusChange":true,"beforeStages":[{"name":"event_loop","time":{"start":1730686903628,"stop":1730686903628,"duration":0},"status":"passed","steps":[],"attachments":[],"parameters":[],"stepsCount":0,"shouldDisplayMessage":false,"attachmentsCount":0,"hasContent":false,"attachmentStep":false},{"name":"ops_test","time":{"start":1730686903628,"stop":1730686903916,"duration":288},"status":"passed","steps":[],"attachments":[],"parameters":[],"stepsCount":0,"shouldDisplayMessage":false,"attachmentsCount":0,"hasContent":false,"attachmentStep":false},{"name":"tmp_path_factory","time":{"start":1730686903628,"stop":1730686903628,"duration":0},"status":"passed","steps":[],"attachments":[],"parameters":[],"stepsCount":0,"shouldDisplayMessage":false,"attachmentsCount":0,"hasContent":false,"attachmentStep":false},{"name":"continuous_writes","time":{"start":1730687963077,"stop":1730687963077,"duration":0},"status":"passed","steps":[],"attachments":[],"parameters":[],"stepsCount":0,"shouldDisplayMessage":false,"attachmentsCount":0,"hasContent":false,"attachmentStep":false},{"name":"restart_policy","time":{"start":1730687963077,"stop":1730688085230,"duration":122153},"status":"passed","steps":[],"attachments":[],"parameters":[],"stepsCount":0,"shouldDisplayMessage":false,"attachmentsCount":0,"hasContent":false,"attachmentStep":false},{"name":"abort_on_fail","time":{"start":1730687963077,"stop":1730687963077,"duration":0},"status":"passed","steps":[],"attachments":[],"parameters":[],"stepsCount":0,"shouldDisplayMessage":false,"attachmentsCount":0,"hasContent":false,"attachmentStep":false},{"name":"loop_wait","time":{"start":1730688085230,"stop":1730688087328,"duration":2098},"status":"passed","steps":[],"attachments":[],"parameters":[],"stepsCount":0,"shouldDisplayMessage":false,"attachmentsCount":0,"hasContent":false,"attachmentStep":false}],"testStage":{"description":"This tests checks that a cluster recovers from a full cluster restart.\n\n    The test can be called a full cluster crash when the signal sent to the OS process\n    is SIGKILL.\n    ","status":"broken","statusMessage":"TypeError: change_patroni_setting() missing 1 required positional argument: 'password'","statusTrace":"Traceback (most recent call last):\n  File \"/home/ubuntu/actions-runner/_work/test-runners-2-is-x64-postgresql-k8s-operator/test-runners-2-is-x64-postgresql-k8s-operator/.tox/integration/lib/python3.10/site-packages/_pytest/runner.py\", line 341, in from_call\n    result: TResult | None = func()\n  File \"/home/ubuntu/actions-runner/_work/test-runners-2-is-x64-postgresql-k8s-operator/test-runners-2-is-x64-postgresql-k8s-operator/.tox/integration/lib/python3.10/site-packages/_pytest/runner.py\", line 242, in <lambda>\n    lambda: runtest_hook(item=item, **kwds), when=when, reraise=reraise\n  File \"/home/ubuntu/actions-runner/_work/test-runners-2-is-x64-postgresql-k8s-operator/test-runners-2-is-x64-postgresql-k8s-operator/.tox/integration/lib/python3.10/site-packages/pluggy/_hooks.py\", line 513, in __call__\n    return self._hookexec(self.name, self._hookimpls.copy(), kwargs, firstresult)\n  File \"/home/ubuntu/actions-runner/_work/test-runners-2-is-x64-postgresql-k8s-operator/test-runners-2-is-x64-postgresql-k8s-operator/.tox/integration/lib/python3.10/site-packages/pluggy/_manager.py\", line 120, in _hookexec\n    return self._inner_hookexec(hook_name, methods, kwargs, firstresult)\n  File \"/home/ubuntu/actions-runner/_work/test-runners-2-is-x64-postgresql-k8s-operator/test-runners-2-is-x64-postgresql-k8s-operator/.tox/integration/lib/python3.10/site-packages/pluggy/_callers.py\", line 182, in _multicall\n    return outcome.get_result()\n  File \"/home/ubuntu/actions-runner/_work/test-runners-2-is-x64-postgresql-k8s-operator/test-runners-2-is-x64-postgresql-k8s-operator/.tox/integration/lib/python3.10/site-packages/pluggy/_result.py\", line 100, in get_result\n    raise exc.with_traceback(exc.__traceback__)\n  File \"/home/ubuntu/actions-runner/_work/test-runners-2-is-x64-postgresql-k8s-operator/test-runners-2-is-x64-postgresql-k8s-operator/.tox/integration/lib/python3.10/site-packages/pluggy/_callers.py\", line 167, in _multicall\n    teardown.throw(outcome._exception)\n  File \"/home/ubuntu/actions-runner/_work/test-runners-2-is-x64-postgresql-k8s-operator/test-runners-2-is-x64-postgresql-k8s-operator/.tox/integration/lib/python3.10/site-packages/_pytest/threadexception.py\", line 97, in pytest_runtest_teardown\n    yield from thread_exception_runtest_hook()\n  File \"/home/ubuntu/actions-runner/_work/test-runners-2-is-x64-postgresql-k8s-operator/test-runners-2-is-x64-postgresql-k8s-operator/.tox/integration/lib/python3.10/site-packages/_pytest/threadexception.py\", line 68, in thread_exception_runtest_hook\n    yield\n  File \"/home/ubuntu/actions-runner/_work/test-runners-2-is-x64-postgresql-k8s-operator/test-runners-2-is-x64-postgresql-k8s-operator/.tox/integration/lib/python3.10/site-packages/pluggy/_callers.py\", line 167, in _multicall\n    teardown.throw(outcome._exception)\n  File \"/home/ubuntu/actions-runner/_work/test-runners-2-is-x64-postgresql-k8s-operator/test-runners-2-is-x64-postgresql-k8s-operator/.tox/integration/lib/python3.10/site-packages/_pytest/unraisableexception.py\", line 100, in pytest_runtest_teardown\n    yield from unraisable_exception_runtest_hook()\n  File \"/home/ubuntu/actions-runner/_work/test-runners-2-is-x64-postgresql-k8s-operator/test-runners-2-is-x64-postgresql-k8s-operator/.tox/integration/lib/python3.10/site-packages/_pytest/unraisableexception.py\", line 70, in unraisable_exception_runtest_hook\n    yield\n  File \"/home/ubuntu/actions-runner/_work/test-runners-2-is-x64-postgresql-k8s-operator/test-runners-2-is-x64-postgresql-k8s-operator/.tox/integration/lib/python3.10/site-packages/pluggy/_callers.py\", line 167, in _multicall\n    teardown.throw(outcome._exception)\n  File \"/home/ubuntu/actions-runner/_work/test-runners-2-is-x64-postgresql-k8s-operator/test-runners-2-is-x64-postgresql-k8s-operator/.tox/integration/lib/python3.10/site-packages/_pytest/logging.py\", line 853, in pytest_runtest_teardown\n    yield from self._runtest_for(item, \"teardown\")\n  File \"/home/ubuntu/actions-runner/_work/test-runners-2-is-x64-postgresql-k8s-operator/test-runners-2-is-x64-postgresql-k8s-operator/.tox/integration/lib/python3.10/site-packages/_pytest/logging.py\", line 829, in _runtest_for\n    yield\n  File \"/home/ubuntu/actions-runner/_work/test-runners-2-is-x64-postgresql-k8s-operator/test-runners-2-is-x64-postgresql-k8s-operator/.tox/integration/lib/python3.10/site-packages/pluggy/_callers.py\", line 167, in _multicall\n    teardown.throw(outcome._exception)\n  File \"/home/ubuntu/actions-runner/_work/test-runners-2-is-x64-postgresql-k8s-operator/test-runners-2-is-x64-postgresql-k8s-operator/.tox/integration/lib/python3.10/site-packages/_pytest/capture.py\", line 885, in pytest_runtest_teardown\n    return (yield)\n  File \"/home/ubuntu/actions-runner/_work/test-runners-2-is-x64-postgresql-k8s-operator/test-runners-2-is-x64-postgresql-k8s-operator/.tox/integration/lib/python3.10/site-packages/pluggy/_callers.py\", line 103, in _multicall\n    res = hook_impl.function(*args)\n  File \"/home/ubuntu/actions-runner/_work/test-runners-2-is-x64-postgresql-k8s-operator/test-runners-2-is-x64-postgresql-k8s-operator/.tox/integration/lib/python3.10/site-packages/_pytest/runner.py\", line 189, in pytest_runtest_teardown\n    item.session._setupstate.teardown_exact(nextitem)\n  File \"/home/ubuntu/actions-runner/_work/test-runners-2-is-x64-postgresql-k8s-operator/test-runners-2-is-x64-postgresql-k8s-operator/.tox/integration/lib/python3.10/site-packages/_pytest/runner.py\", line 557, in teardown_exact\n    raise exceptions[0]\n  File \"/home/ubuntu/actions-runner/_work/test-runners-2-is-x64-postgresql-k8s-operator/test-runners-2-is-x64-postgresql-k8s-operator/.tox/integration/lib/python3.10/site-packages/_pytest/runner.py\", line 546, in teardown_exact\n    fin()\n  File \"/home/ubuntu/actions-runner/_work/test-runners-2-is-x64-postgresql-k8s-operator/test-runners-2-is-x64-postgresql-k8s-operator/.tox/integration/lib/python3.10/site-packages/_pytest/fixtures.py\", line 1032, in finish\n    raise exceptions[0]\n  File \"/home/ubuntu/actions-runner/_work/test-runners-2-is-x64-postgresql-k8s-operator/test-runners-2-is-x64-postgresql-k8s-operator/.tox/integration/lib/python3.10/site-packages/_pytest/fixtures.py\", line 1021, in finish\n    fin()\n  File \"/home/ubuntu/actions-runner/_work/test-runners-2-is-x64-postgresql-k8s-operator/test-runners-2-is-x64-postgresql-k8s-operator/.tox/integration/lib/python3.10/site-packages/allure_commons/_allure.py\", line 221, in __call__\n    return self._fixture_function(*args, **kwargs)\n  File \"/home/ubuntu/actions-runner/_work/test-runners-2-is-x64-postgresql-k8s-operator/test-runners-2-is-x64-postgresql-k8s-operator/.tox/integration/lib/python3.10/site-packages/pytest_asyncio/plugin.py\", line 300, in finalizer\n    event_loop.run_until_complete(async_finalizer())\n  File \"/usr/lib/python3.10/asyncio/base_events.py\", line 649, in run_until_complete\n    return future.result()\n  File \"/home/ubuntu/actions-runner/_work/test-runners-2-is-x64-postgresql-k8s-operator/test-runners-2-is-x64-postgresql-k8s-operator/.tox/integration/lib/python3.10/site-packages/pytest_asyncio/plugin.py\", line 292, in async_finalizer\n    await gen_obj.__anext__()\n  File \"/home/ubuntu/actions-runner/_work/test-runners-2-is-x64-postgresql-k8s-operator/test-runners-2-is-x64-postgresql-k8s-operator/tests/integration/ha_tests/conftest.py\", line 57, in loop_wait\n    await change_patroni_setting(ops_test, \"loop_wait\", initial_loop_wait)\nTypeError: change_patroni_setting() missing 1 required positional argument: 'password'","steps":[],"attachments":[{"uid":"1ba7096beb31101d","name":"log","source":"1ba7096beb31101d.txt","type":"text/plain","size":2883}],"parameters":[],"stepsCount":0,"shouldDisplayMessage":true,"attachmentsCount":1,"hasContent":true,"attachmentStep":false},"afterStages":[{"name":"loop_wait::finalizer","time":{"start":1730688131142,"stop":1730688131142,"duration":0},"status":"broken","statusMessage":"TypeError: change_patroni_setting() missing 1 required positional argument: 'password'\n","statusTrace":"  File \"/home/ubuntu/actions-runner/_work/test-runners-2-is-x64-postgresql-k8s-operator/test-runners-2-is-x64-postgresql-k8s-operator/.tox/integration/lib/python3.10/site-packages/allure_commons/_allure.py\", line 221, in __call__\n    return self._fixture_function(*args, **kwargs)\n  File \"/home/ubuntu/actions-runner/_work/test-runners-2-is-x64-postgresql-k8s-operator/test-runners-2-is-x64-postgresql-k8s-operator/.tox/integration/lib/python3.10/site-packages/pytest_asyncio/plugin.py\", line 300, in finalizer\n    event_loop.run_until_complete(async_finalizer())\n  File \"/usr/lib/python3.10/asyncio/base_events.py\", line 649, in run_until_complete\n    return future.result()\n  File \"/home/ubuntu/actions-runner/_work/test-runners-2-is-x64-postgresql-k8s-operator/test-runners-2-is-x64-postgresql-k8s-operator/.tox/integration/lib/python3.10/site-packages/pytest_asyncio/plugin.py\", line 292, in async_finalizer\n    await gen_obj.__anext__()\n  File \"/home/ubuntu/actions-runner/_work/test-runners-2-is-x64-postgresql-k8s-operator/test-runners-2-is-x64-postgresql-k8s-operator/tests/integration/ha_tests/conftest.py\", line 57, in loop_wait\n    await change_patroni_setting(ops_test, \"loop_wait\", initial_loop_wait)\n","steps":[],"attachments":[],"parameters":[],"stepsCount":0,"shouldDisplayMessage":true,"attachmentsCount":0,"hasContent":true,"attachmentStep":false},{"name":"continuous_writes::finalizer","time":{"start":1730688131143,"stop":1730688132165,"duration":1022},"status":"passed","steps":[],"attachments":[],"parameters":[],"stepsCount":0,"shouldDisplayMessage":false,"attachmentsCount":0,"hasContent":false,"attachmentStep":false},{"name":"restart_policy::finalizer","time":{"start":1730688131143,"stop":1730688131143,"duration":0},"status":"passed","steps":[],"attachments":[],"parameters":[],"stepsCount":0,"shouldDisplayMessage":false,"attachmentsCount":0,"hasContent":false,"attachmentStep":false},{"name":"abort_on_fail::0","time":{"start":1730688132168,"stop":1730688132168,"duration":0},"status":"passed","steps":[],"attachments":[],"parameters":[],"stepsCount":0,"shouldDisplayMessage":false,"attachmentsCount":0,"hasContent":false,"attachmentStep":false},{"name":"ops_test::finalizer","time":{"start":1730688503387,"stop":1730688503827,"duration":440},"status":"passed","steps":[],"attachments":[],"parameters":[],"stepsCount":0,"shouldDisplayMessage":false,"attachmentsCount":0,"hasContent":false,"attachmentStep":false},{"name":"event_loop::2","time":{"start":1730688503829,"stop":1730688503829,"duration":0},"status":"passed","steps":[],"attachments":[],"parameters":[],"stepsCount":0,"shouldDisplayMessage":false,"attachmentsCount":0,"hasContent":false,"attachmentStep":false},{"name":"event_loop::_close_event_loop","time":{"start":1730688503829,"stop":1730688503829,"duration":0},"status":"passed","steps":[],"attachments":[],"parameters":[],"stepsCount":0,"shouldDisplayMessage":false,"attachmentsCount":0,"hasContent":false,"attachmentStep":false},{"name":"event_loop::_provide_clean_event_loop","time":{"start":1730688503829,"stop":1730688503829,"duration":0},"status":"passed","steps":[],"attachments":[],"parameters":[],"stepsCount":0,"shouldDisplayMessage":false,"attachmentsCount":0,"hasContent":false,"attachmentStep":false}],"labels":[{"name":"tag","value":"unstable"},{"name":"tag","value":"group(1)"},{"name":"tag","value":"asyncio"},{"name":"parentSuite","value":"tests.integration.ha_tests"},{"name":"suite","value":"test_self_healing"},{"name":"host","value":"github-runner"},{"name":"thread","value":"19041-MainThread"},{"name":"framework","value":"pytest"},{"name":"language","value":"cpython3"},{"name":"package","value":"tests.integration.ha_tests.test_self_healing"},{"name":"resultFormat","value":"allure2"}],"parameters":[{"name":"process","value":"'postgres'"},{"name":"signal","value":"'SIGKILL'"}],"links":[],"hidden":false,"retry":false,"extra":{"severity":"normal","retries":[{"uid":"89b5f3162edc0f4a","status":"unknown","time":{}}],"categories":[{"name":"Test defects","matchedStatuses":[],"flaky":false}],"history":{"statistic":{"failed":0,"broken":68,"skipped":5,"passed":31,"unknown":44,"total":148},"items":[{"uid":"316de578eddbc0c1","reportUrl":"../227//#testresult/316de578eddbc0c1","status":"broken","statusDetails":"TypeError: change_patroni_setting() missing 1 required positional argument: 'password'","time":{"start":1730599600349,"stop":1730599647749,"duration":47400}},{"uid":"b5cc84573da08a38","reportUrl":"../226//#testresult/b5cc84573da08a38","status":"skipped","statusDetails":"XFAIL reason: aborted\n\n_pytest.outcomes.XFailed: aborted","time":{"start":1730512855747,"stop":1730512855747,"duration":0}},{"uid":"37feb3b21a2d4d7b","reportUrl":"../225//#testresult/37feb3b21a2d4d7b","status":"broken","statusDetails":"TypeError: change_patroni_setting() missing 1 required positional argument: 'password'","time":{"start":1730431241242,"stop":1730431276586,"duration":35344}},{"uid":"e94823ce3557f567","reportUrl":"../224//#testresult/e94823ce3557f567","status":"skipped","statusDetails":"XFAIL reason: aborted\n\n_pytest.outcomes.XFailed: aborted","time":{"start":1730342901114,"stop":1730342901114,"duration":0}},{"uid":"7beb55102aabc6dc","reportUrl":"../223//#testresult/7beb55102aabc6dc","status":"broken","statusDetails":"TypeError: change_patroni_setting() missing 1 required positional argument: 'password'","time":{"start":1730253840995,"stop":1730253881803,"duration":40808}},{"uid":"f4f910ff694b0b78","reportUrl":"../222//#testresult/f4f910ff694b0b78","status":"broken","statusDetails":"TypeError: change_patroni_setting() missing 1 required positional argument: 'password'","time":{"start":1730170528497,"stop":1730170564362,"duration":35865}},{"uid":"27236721e5b989d3","reportUrl":"../221//#testresult/27236721e5b989d3","status":"broken","statusDetails":"TypeError: change_patroni_setting() missing 1 required positional argument: 'password'","time":{"start":1730083995790,"stop":1730084040828,"duration":45038}},{"uid":"caed5007af6fd1e2","reportUrl":"../220//#testresult/caed5007af6fd1e2","status":"broken","statusDetails":"TypeError: change_patroni_setting() missing 1 required positional argument: 'password'","time":{"start":1729994908976,"stop":1729994953864,"duration":44888}},{"uid":"9377b367242902a0","reportUrl":"../219//#testresult/9377b367242902a0","status":"broken","statusDetails":"asyncio.exceptions.TimeoutError: Timed out waiting for model:\npostgresql-k8s/0 [idle] active: Primary\n  postgresql-k8s/1 [idle] active: \n  postgresql-k8s/2 [idle] maintenance: Database service inactive, restarting","time":{"start":1729910177113,"stop":1729910177113,"duration":0}},{"uid":"ad368a69f4d47973","reportUrl":"../218//#testresult/ad368a69f4d47973","status":"broken","statusDetails":"TypeError: change_patroni_setting() missing 1 required positional argument: 'password'","time":{"start":1729822084235,"stop":1729822119806,"duration":35571}},{"uid":"d78477f4fa2d7814","reportUrl":"../217//#testresult/d78477f4fa2d7814","status":"skipped","statusDetails":"XFAIL reason: aborted\n\n_pytest.outcomes.XFailed: aborted","time":{"start":1729735532612,"stop":1729735532612,"duration":0}},{"uid":"e2d1d7a3540f31f7","reportUrl":"../216//#testresult/e2d1d7a3540f31f7","status":"broken","statusDetails":"TypeError: change_patroni_setting() missing 1 required positional argument: 'password'","time":{"start":1729648658786,"stop":1729648703553,"duration":44767}},{"uid":"d3d912e6436655c","reportUrl":"../215//#testresult/d3d912e6436655c","status":"broken","statusDetails":"TypeError: change_patroni_setting() missing 1 required positional argument: 'password'","time":{"start":1729564613851,"stop":1729564642668,"duration":28817}},{"uid":"d4a66db2917187f4","reportUrl":"../214//#testresult/d4a66db2917187f4","status":"broken","statusDetails":"TypeError: change_patroni_setting() missing 1 required positional argument: 'password'","time":{"start":1729479090358,"stop":1729479130587,"duration":40229}},{"uid":"e9afb8e9d760335d","reportUrl":"../213//#testresult/e9afb8e9d760335d","status":"broken","statusDetails":"TypeError: change_patroni_setting() missing 1 required positional argument: 'password'","time":{"start":1729389802089,"stop":1729389846699,"duration":44610}},{"uid":"456c3074d5930d39","reportUrl":"../212//#testresult/456c3074d5930d39","status":"broken","statusDetails":"TypeError: change_patroni_setting() missing 1 required positional argument: 'password'","time":{"start":1729306775819,"stop":1729306816012,"duration":40193}},{"uid":"fb79fc825a0d18eb","reportUrl":"../211//#testresult/fb79fc825a0d18eb","status":"broken","statusDetails":"TypeError: change_patroni_setting() missing 1 required positional argument: 'password'","time":{"start":1729218844642,"stop":1729218884622,"duration":39980}},{"uid":"4cb2026458f89cf5","reportUrl":"../210//#testresult/4cb2026458f89cf5","status":"skipped","statusDetails":"XFAIL reason: aborted\n\n_pytest.outcomes.XFailed: aborted","time":{"start":1729130314580,"stop":1729130314580,"duration":0}},{"uid":"d50749f1ac6c3104","reportUrl":"../209//#testresult/d50749f1ac6c3104","status":"broken","statusDetails":"TypeError: change_patroni_setting() missing 1 required positional argument: 'password'","time":{"start":1729046879803,"stop":1729046920583,"duration":40780}},{"uid":"74972abbed66ddaa","reportUrl":"../208//#testresult/74972abbed66ddaa","status":"broken","statusDetails":"TypeError: change_patroni_setting() missing 1 required positional argument: 'password'","time":{"start":1728959348470,"stop":1728959389109,"duration":40639}}]},"tags":["unstable","asyncio","group(1)"]},"source":"b70e0e31e0cdd732.json","parameterValues":["'postgres'","'SIGKILL'"]}