{"uid":"f26b35199eec758d","name":"test_full_cluster_restart[SIGKILL-/usr/bin/patroni]","fullName":"tests.integration.ha_tests.test_self_healing#test_full_cluster_restart","historyId":"0c79c6053e2784c71355773b211b5102","time":{"start":1730952358760,"stop":1730952435412,"duration":76652},"description":"This tests checks that a cluster recovers from a full cluster restart.\n\n    The test can be called a full cluster crash when the signal sent to the OS process\n    is SIGKILL.\n    ","descriptionHtml":"<p>This tests checks that a cluster recovers from a full cluster restart.</p>\n<pre><code>The test can be called a full cluster crash when the signal sent to the OS process\nis SIGKILL.\n</code></pre>\n","status":"failed","statusMessage":"AssertionError: Not all units down at the same time.\nassert False","statusTrace":"Traceback (most recent call last):\n  File \"/home/ubuntu/actions-runner/_work/test-runners-2-is-x64-postgresql-k8s-operator/test-runners-2-is-x64-postgresql-k8s-operator/.tox/integration/lib/python3.10/site-packages/_pytest/runner.py\", line 341, in from_call\n    result: TResult | None = func()\n  File \"/home/ubuntu/actions-runner/_work/test-runners-2-is-x64-postgresql-k8s-operator/test-runners-2-is-x64-postgresql-k8s-operator/.tox/integration/lib/python3.10/site-packages/_pytest/runner.py\", line 242, in <lambda>\n    lambda: runtest_hook(item=item, **kwds), when=when, reraise=reraise\n  File \"/home/ubuntu/actions-runner/_work/test-runners-2-is-x64-postgresql-k8s-operator/test-runners-2-is-x64-postgresql-k8s-operator/.tox/integration/lib/python3.10/site-packages/pluggy/_hooks.py\", line 513, in __call__\n    return self._hookexec(self.name, self._hookimpls.copy(), kwargs, firstresult)\n  File \"/home/ubuntu/actions-runner/_work/test-runners-2-is-x64-postgresql-k8s-operator/test-runners-2-is-x64-postgresql-k8s-operator/.tox/integration/lib/python3.10/site-packages/pluggy/_manager.py\", line 120, in _hookexec\n    return self._inner_hookexec(hook_name, methods, kwargs, firstresult)\n  File \"/home/ubuntu/actions-runner/_work/test-runners-2-is-x64-postgresql-k8s-operator/test-runners-2-is-x64-postgresql-k8s-operator/.tox/integration/lib/python3.10/site-packages/pluggy/_callers.py\", line 182, in _multicall\n    return outcome.get_result()\n  File \"/home/ubuntu/actions-runner/_work/test-runners-2-is-x64-postgresql-k8s-operator/test-runners-2-is-x64-postgresql-k8s-operator/.tox/integration/lib/python3.10/site-packages/pluggy/_result.py\", line 100, in get_result\n    raise exc.with_traceback(exc.__traceback__)\n  File \"/home/ubuntu/actions-runner/_work/test-runners-2-is-x64-postgresql-k8s-operator/test-runners-2-is-x64-postgresql-k8s-operator/.tox/integration/lib/python3.10/site-packages/pluggy/_callers.py\", line 167, in _multicall\n    teardown.throw(outcome._exception)\n  File \"/home/ubuntu/actions-runner/_work/test-runners-2-is-x64-postgresql-k8s-operator/test-runners-2-is-x64-postgresql-k8s-operator/.tox/integration/lib/python3.10/site-packages/_pytest/threadexception.py\", line 92, in pytest_runtest_call\n    yield from thread_exception_runtest_hook()\n  File \"/home/ubuntu/actions-runner/_work/test-runners-2-is-x64-postgresql-k8s-operator/test-runners-2-is-x64-postgresql-k8s-operator/.tox/integration/lib/python3.10/site-packages/_pytest/threadexception.py\", line 68, in thread_exception_runtest_hook\n    yield\n  File \"/home/ubuntu/actions-runner/_work/test-runners-2-is-x64-postgresql-k8s-operator/test-runners-2-is-x64-postgresql-k8s-operator/.tox/integration/lib/python3.10/site-packages/pluggy/_callers.py\", line 167, in _multicall\n    teardown.throw(outcome._exception)\n  File \"/home/ubuntu/actions-runner/_work/test-runners-2-is-x64-postgresql-k8s-operator/test-runners-2-is-x64-postgresql-k8s-operator/.tox/integration/lib/python3.10/site-packages/_pytest/unraisableexception.py\", line 95, in pytest_runtest_call\n    yield from unraisable_exception_runtest_hook()\n  File \"/home/ubuntu/actions-runner/_work/test-runners-2-is-x64-postgresql-k8s-operator/test-runners-2-is-x64-postgresql-k8s-operator/.tox/integration/lib/python3.10/site-packages/_pytest/unraisableexception.py\", line 70, in unraisable_exception_runtest_hook\n    yield\n  File \"/home/ubuntu/actions-runner/_work/test-runners-2-is-x64-postgresql-k8s-operator/test-runners-2-is-x64-postgresql-k8s-operator/.tox/integration/lib/python3.10/site-packages/pluggy/_callers.py\", line 167, in _multicall\n    teardown.throw(outcome._exception)\n  File \"/home/ubuntu/actions-runner/_work/test-runners-2-is-x64-postgresql-k8s-operator/test-runners-2-is-x64-postgresql-k8s-operator/.tox/integration/lib/python3.10/site-packages/_pytest/logging.py\", line 846, in pytest_runtest_call\n    yield from self._runtest_for(item, \"call\")\n  File \"/home/ubuntu/actions-runner/_work/test-runners-2-is-x64-postgresql-k8s-operator/test-runners-2-is-x64-postgresql-k8s-operator/.tox/integration/lib/python3.10/site-packages/_pytest/logging.py\", line 829, in _runtest_for\n    yield\n  File \"/home/ubuntu/actions-runner/_work/test-runners-2-is-x64-postgresql-k8s-operator/test-runners-2-is-x64-postgresql-k8s-operator/.tox/integration/lib/python3.10/site-packages/pluggy/_callers.py\", line 167, in _multicall\n    teardown.throw(outcome._exception)\n  File \"/home/ubuntu/actions-runner/_work/test-runners-2-is-x64-postgresql-k8s-operator/test-runners-2-is-x64-postgresql-k8s-operator/.tox/integration/lib/python3.10/site-packages/_pytest/capture.py\", line 880, in pytest_runtest_call\n    return (yield)\n  File \"/home/ubuntu/actions-runner/_work/test-runners-2-is-x64-postgresql-k8s-operator/test-runners-2-is-x64-postgresql-k8s-operator/.tox/integration/lib/python3.10/site-packages/pluggy/_callers.py\", line 167, in _multicall\n    teardown.throw(outcome._exception)\n  File \"/home/ubuntu/actions-runner/_work/test-runners-2-is-x64-postgresql-k8s-operator/test-runners-2-is-x64-postgresql-k8s-operator/.tox/integration/lib/python3.10/site-packages/_pytest/skipping.py\", line 257, in pytest_runtest_call\n    return (yield)\n  File \"/home/ubuntu/actions-runner/_work/test-runners-2-is-x64-postgresql-k8s-operator/test-runners-2-is-x64-postgresql-k8s-operator/.tox/integration/lib/python3.10/site-packages/pluggy/_callers.py\", line 103, in _multicall\n    res = hook_impl.function(*args)\n  File \"/home/ubuntu/actions-runner/_work/test-runners-2-is-x64-postgresql-k8s-operator/test-runners-2-is-x64-postgresql-k8s-operator/.tox/integration/lib/python3.10/site-packages/_pytest/runner.py\", line 174, in pytest_runtest_call\n    item.runtest()\n  File \"/home/ubuntu/actions-runner/_work/test-runners-2-is-x64-postgresql-k8s-operator/test-runners-2-is-x64-postgresql-k8s-operator/.tox/integration/lib/python3.10/site-packages/_pytest/python.py\", line 1627, in runtest\n    self.ihook.pytest_pyfunc_call(pyfuncitem=self)\n  File \"/home/ubuntu/actions-runner/_work/test-runners-2-is-x64-postgresql-k8s-operator/test-runners-2-is-x64-postgresql-k8s-operator/.tox/integration/lib/python3.10/site-packages/pluggy/_hooks.py\", line 513, in __call__\n    return self._hookexec(self.name, self._hookimpls.copy(), kwargs, firstresult)\n  File \"/home/ubuntu/actions-runner/_work/test-runners-2-is-x64-postgresql-k8s-operator/test-runners-2-is-x64-postgresql-k8s-operator/.tox/integration/lib/python3.10/site-packages/pluggy/_manager.py\", line 120, in _hookexec\n    return self._inner_hookexec(hook_name, methods, kwargs, firstresult)\n  File \"/home/ubuntu/actions-runner/_work/test-runners-2-is-x64-postgresql-k8s-operator/test-runners-2-is-x64-postgresql-k8s-operator/.tox/integration/lib/python3.10/site-packages/pluggy/_callers.py\", line 182, in _multicall\n    return outcome.get_result()\n  File \"/home/ubuntu/actions-runner/_work/test-runners-2-is-x64-postgresql-k8s-operator/test-runners-2-is-x64-postgresql-k8s-operator/.tox/integration/lib/python3.10/site-packages/pluggy/_result.py\", line 100, in get_result\n    raise exc.with_traceback(exc.__traceback__)\n  File \"/home/ubuntu/actions-runner/_work/test-runners-2-is-x64-postgresql-k8s-operator/test-runners-2-is-x64-postgresql-k8s-operator/.tox/integration/lib/python3.10/site-packages/pluggy/_callers.py\", line 103, in _multicall\n    res = hook_impl.function(*args)\n  File \"/home/ubuntu/actions-runner/_work/test-runners-2-is-x64-postgresql-k8s-operator/test-runners-2-is-x64-postgresql-k8s-operator/.tox/integration/lib/python3.10/site-packages/_pytest/python.py\", line 159, in pytest_pyfunc_call\n    result = testfunction(**testargs)\n  File \"/home/ubuntu/actions-runner/_work/test-runners-2-is-x64-postgresql-k8s-operator/test-runners-2-is-x64-postgresql-k8s-operator/.tox/integration/lib/python3.10/site-packages/pytest_asyncio/plugin.py\", line 529, in inner\n    _loop.run_until_complete(task)\n  File \"/usr/lib/python3.10/asyncio/base_events.py\", line 649, in run_until_complete\n    return future.result()\n  File \"/home/ubuntu/actions-runner/_work/test-runners-2-is-x64-postgresql-k8s-operator/test-runners-2-is-x64-postgresql-k8s-operator/tests/integration/ha_tests/test_self_healing.py\", line 192, in test_full_cluster_restart\n    assert await are_all_db_processes_down(\nAssertionError: Not all units down at the same time.\nassert False","flaky":false,"newFailed":false,"newBroken":false,"newPassed":false,"retriesCount":1,"retriesStatusChange":true,"beforeStages":[{"name":"event_loop","time":{"start":1730951080652,"stop":1730951080653,"duration":1},"status":"passed","steps":[],"attachments":[],"parameters":[],"stepsCount":0,"shouldDisplayMessage":false,"attachmentsCount":0,"hasContent":false,"attachmentStep":false},{"name":"tmp_path_factory","time":{"start":1730951080653,"stop":1730951080653,"duration":0},"status":"passed","steps":[],"attachments":[],"parameters":[],"stepsCount":0,"shouldDisplayMessage":false,"attachmentsCount":0,"hasContent":false,"attachmentStep":false},{"name":"ops_test","time":{"start":1730951080653,"stop":1730951080968,"duration":315},"status":"passed","steps":[],"attachments":[],"parameters":[],"stepsCount":0,"shouldDisplayMessage":false,"attachmentsCount":0,"hasContent":false,"attachmentStep":false},{"name":"abort_on_fail","time":{"start":1730952257338,"stop":1730952257338,"duration":0},"status":"passed","steps":[],"attachments":[],"parameters":[],"stepsCount":0,"shouldDisplayMessage":false,"attachmentsCount":0,"hasContent":false,"attachmentStep":false},{"name":"restart_policy","time":{"start":1730952257338,"stop":1730952356673,"duration":99335},"status":"passed","steps":[],"attachments":[],"parameters":[],"stepsCount":0,"shouldDisplayMessage":false,"attachmentsCount":0,"hasContent":false,"attachmentStep":false},{"name":"continuous_writes","time":{"start":1730952257338,"stop":1730952257338,"duration":0},"status":"passed","steps":[],"attachments":[],"parameters":[],"stepsCount":0,"shouldDisplayMessage":false,"attachmentsCount":0,"hasContent":false,"attachmentStep":false},{"name":"loop_wait","time":{"start":1730952356673,"stop":1730952358760,"duration":2087},"status":"passed","steps":[],"attachments":[],"parameters":[],"stepsCount":0,"shouldDisplayMessage":false,"attachmentsCount":0,"hasContent":false,"attachmentStep":false}],"testStage":{"description":"This tests checks that a cluster recovers from a full cluster restart.\n\n    The test can be called a full cluster crash when the signal sent to the OS process\n    is SIGKILL.\n    ","status":"failed","statusMessage":"AssertionError: Not all units down at the same time.\nassert False","statusTrace":"Traceback (most recent call last):\n  File \"/home/ubuntu/actions-runner/_work/test-runners-2-is-x64-postgresql-k8s-operator/test-runners-2-is-x64-postgresql-k8s-operator/.tox/integration/lib/python3.10/site-packages/_pytest/runner.py\", line 341, in from_call\n    result: TResult | None = func()\n  File \"/home/ubuntu/actions-runner/_work/test-runners-2-is-x64-postgresql-k8s-operator/test-runners-2-is-x64-postgresql-k8s-operator/.tox/integration/lib/python3.10/site-packages/_pytest/runner.py\", line 242, in <lambda>\n    lambda: runtest_hook(item=item, **kwds), when=when, reraise=reraise\n  File \"/home/ubuntu/actions-runner/_work/test-runners-2-is-x64-postgresql-k8s-operator/test-runners-2-is-x64-postgresql-k8s-operator/.tox/integration/lib/python3.10/site-packages/pluggy/_hooks.py\", line 513, in __call__\n    return self._hookexec(self.name, self._hookimpls.copy(), kwargs, firstresult)\n  File \"/home/ubuntu/actions-runner/_work/test-runners-2-is-x64-postgresql-k8s-operator/test-runners-2-is-x64-postgresql-k8s-operator/.tox/integration/lib/python3.10/site-packages/pluggy/_manager.py\", line 120, in _hookexec\n    return self._inner_hookexec(hook_name, methods, kwargs, firstresult)\n  File \"/home/ubuntu/actions-runner/_work/test-runners-2-is-x64-postgresql-k8s-operator/test-runners-2-is-x64-postgresql-k8s-operator/.tox/integration/lib/python3.10/site-packages/pluggy/_callers.py\", line 182, in _multicall\n    return outcome.get_result()\n  File \"/home/ubuntu/actions-runner/_work/test-runners-2-is-x64-postgresql-k8s-operator/test-runners-2-is-x64-postgresql-k8s-operator/.tox/integration/lib/python3.10/site-packages/pluggy/_result.py\", line 100, in get_result\n    raise exc.with_traceback(exc.__traceback__)\n  File \"/home/ubuntu/actions-runner/_work/test-runners-2-is-x64-postgresql-k8s-operator/test-runners-2-is-x64-postgresql-k8s-operator/.tox/integration/lib/python3.10/site-packages/pluggy/_callers.py\", line 167, in _multicall\n    teardown.throw(outcome._exception)\n  File \"/home/ubuntu/actions-runner/_work/test-runners-2-is-x64-postgresql-k8s-operator/test-runners-2-is-x64-postgresql-k8s-operator/.tox/integration/lib/python3.10/site-packages/_pytest/threadexception.py\", line 92, in pytest_runtest_call\n    yield from thread_exception_runtest_hook()\n  File \"/home/ubuntu/actions-runner/_work/test-runners-2-is-x64-postgresql-k8s-operator/test-runners-2-is-x64-postgresql-k8s-operator/.tox/integration/lib/python3.10/site-packages/_pytest/threadexception.py\", line 68, in thread_exception_runtest_hook\n    yield\n  File \"/home/ubuntu/actions-runner/_work/test-runners-2-is-x64-postgresql-k8s-operator/test-runners-2-is-x64-postgresql-k8s-operator/.tox/integration/lib/python3.10/site-packages/pluggy/_callers.py\", line 167, in _multicall\n    teardown.throw(outcome._exception)\n  File \"/home/ubuntu/actions-runner/_work/test-runners-2-is-x64-postgresql-k8s-operator/test-runners-2-is-x64-postgresql-k8s-operator/.tox/integration/lib/python3.10/site-packages/_pytest/unraisableexception.py\", line 95, in pytest_runtest_call\n    yield from unraisable_exception_runtest_hook()\n  File \"/home/ubuntu/actions-runner/_work/test-runners-2-is-x64-postgresql-k8s-operator/test-runners-2-is-x64-postgresql-k8s-operator/.tox/integration/lib/python3.10/site-packages/_pytest/unraisableexception.py\", line 70, in unraisable_exception_runtest_hook\n    yield\n  File \"/home/ubuntu/actions-runner/_work/test-runners-2-is-x64-postgresql-k8s-operator/test-runners-2-is-x64-postgresql-k8s-operator/.tox/integration/lib/python3.10/site-packages/pluggy/_callers.py\", line 167, in _multicall\n    teardown.throw(outcome._exception)\n  File \"/home/ubuntu/actions-runner/_work/test-runners-2-is-x64-postgresql-k8s-operator/test-runners-2-is-x64-postgresql-k8s-operator/.tox/integration/lib/python3.10/site-packages/_pytest/logging.py\", line 846, in pytest_runtest_call\n    yield from self._runtest_for(item, \"call\")\n  File \"/home/ubuntu/actions-runner/_work/test-runners-2-is-x64-postgresql-k8s-operator/test-runners-2-is-x64-postgresql-k8s-operator/.tox/integration/lib/python3.10/site-packages/_pytest/logging.py\", line 829, in _runtest_for\n    yield\n  File \"/home/ubuntu/actions-runner/_work/test-runners-2-is-x64-postgresql-k8s-operator/test-runners-2-is-x64-postgresql-k8s-operator/.tox/integration/lib/python3.10/site-packages/pluggy/_callers.py\", line 167, in _multicall\n    teardown.throw(outcome._exception)\n  File \"/home/ubuntu/actions-runner/_work/test-runners-2-is-x64-postgresql-k8s-operator/test-runners-2-is-x64-postgresql-k8s-operator/.tox/integration/lib/python3.10/site-packages/_pytest/capture.py\", line 880, in pytest_runtest_call\n    return (yield)\n  File \"/home/ubuntu/actions-runner/_work/test-runners-2-is-x64-postgresql-k8s-operator/test-runners-2-is-x64-postgresql-k8s-operator/.tox/integration/lib/python3.10/site-packages/pluggy/_callers.py\", line 167, in _multicall\n    teardown.throw(outcome._exception)\n  File \"/home/ubuntu/actions-runner/_work/test-runners-2-is-x64-postgresql-k8s-operator/test-runners-2-is-x64-postgresql-k8s-operator/.tox/integration/lib/python3.10/site-packages/_pytest/skipping.py\", line 257, in pytest_runtest_call\n    return (yield)\n  File \"/home/ubuntu/actions-runner/_work/test-runners-2-is-x64-postgresql-k8s-operator/test-runners-2-is-x64-postgresql-k8s-operator/.tox/integration/lib/python3.10/site-packages/pluggy/_callers.py\", line 103, in _multicall\n    res = hook_impl.function(*args)\n  File \"/home/ubuntu/actions-runner/_work/test-runners-2-is-x64-postgresql-k8s-operator/test-runners-2-is-x64-postgresql-k8s-operator/.tox/integration/lib/python3.10/site-packages/_pytest/runner.py\", line 174, in pytest_runtest_call\n    item.runtest()\n  File \"/home/ubuntu/actions-runner/_work/test-runners-2-is-x64-postgresql-k8s-operator/test-runners-2-is-x64-postgresql-k8s-operator/.tox/integration/lib/python3.10/site-packages/_pytest/python.py\", line 1627, in runtest\n    self.ihook.pytest_pyfunc_call(pyfuncitem=self)\n  File \"/home/ubuntu/actions-runner/_work/test-runners-2-is-x64-postgresql-k8s-operator/test-runners-2-is-x64-postgresql-k8s-operator/.tox/integration/lib/python3.10/site-packages/pluggy/_hooks.py\", line 513, in __call__\n    return self._hookexec(self.name, self._hookimpls.copy(), kwargs, firstresult)\n  File \"/home/ubuntu/actions-runner/_work/test-runners-2-is-x64-postgresql-k8s-operator/test-runners-2-is-x64-postgresql-k8s-operator/.tox/integration/lib/python3.10/site-packages/pluggy/_manager.py\", line 120, in _hookexec\n    return self._inner_hookexec(hook_name, methods, kwargs, firstresult)\n  File \"/home/ubuntu/actions-runner/_work/test-runners-2-is-x64-postgresql-k8s-operator/test-runners-2-is-x64-postgresql-k8s-operator/.tox/integration/lib/python3.10/site-packages/pluggy/_callers.py\", line 182, in _multicall\n    return outcome.get_result()\n  File \"/home/ubuntu/actions-runner/_work/test-runners-2-is-x64-postgresql-k8s-operator/test-runners-2-is-x64-postgresql-k8s-operator/.tox/integration/lib/python3.10/site-packages/pluggy/_result.py\", line 100, in get_result\n    raise exc.with_traceback(exc.__traceback__)\n  File \"/home/ubuntu/actions-runner/_work/test-runners-2-is-x64-postgresql-k8s-operator/test-runners-2-is-x64-postgresql-k8s-operator/.tox/integration/lib/python3.10/site-packages/pluggy/_callers.py\", line 103, in _multicall\n    res = hook_impl.function(*args)\n  File \"/home/ubuntu/actions-runner/_work/test-runners-2-is-x64-postgresql-k8s-operator/test-runners-2-is-x64-postgresql-k8s-operator/.tox/integration/lib/python3.10/site-packages/_pytest/python.py\", line 159, in pytest_pyfunc_call\n    result = testfunction(**testargs)\n  File \"/home/ubuntu/actions-runner/_work/test-runners-2-is-x64-postgresql-k8s-operator/test-runners-2-is-x64-postgresql-k8s-operator/.tox/integration/lib/python3.10/site-packages/pytest_asyncio/plugin.py\", line 529, in inner\n    _loop.run_until_complete(task)\n  File \"/usr/lib/python3.10/asyncio/base_events.py\", line 649, in run_until_complete\n    return future.result()\n  File \"/home/ubuntu/actions-runner/_work/test-runners-2-is-x64-postgresql-k8s-operator/test-runners-2-is-x64-postgresql-k8s-operator/tests/integration/ha_tests/test_self_healing.py\", line 192, in test_full_cluster_restart\n    assert await are_all_db_processes_down(\nAssertionError: Not all units down at the same time.\nassert False","steps":[],"attachments":[{"uid":"6f4e49331ed70ae1","name":"log","source":"6f4e49331ed70ae1.txt","type":"text/plain","size":521}],"parameters":[],"stepsCount":0,"shouldDisplayMessage":true,"attachmentsCount":1,"hasContent":true,"attachmentStep":false},"afterStages":[{"name":"loop_wait::finalizer","time":{"start":1730952435413,"stop":1730952435413,"duration":0},"status":"broken","statusMessage":"TypeError: change_patroni_setting() missing 1 required positional argument: 'password'\n","statusTrace":"  File \"/home/ubuntu/actions-runner/_work/test-runners-2-is-x64-postgresql-k8s-operator/test-runners-2-is-x64-postgresql-k8s-operator/.tox/integration/lib/python3.10/site-packages/allure_commons/_allure.py\", line 221, in __call__\n    return self._fixture_function(*args, **kwargs)\n  File \"/home/ubuntu/actions-runner/_work/test-runners-2-is-x64-postgresql-k8s-operator/test-runners-2-is-x64-postgresql-k8s-operator/.tox/integration/lib/python3.10/site-packages/pytest_asyncio/plugin.py\", line 300, in finalizer\n    event_loop.run_until_complete(async_finalizer())\n  File \"/usr/lib/python3.10/asyncio/base_events.py\", line 649, in run_until_complete\n    return future.result()\n  File \"/home/ubuntu/actions-runner/_work/test-runners-2-is-x64-postgresql-k8s-operator/test-runners-2-is-x64-postgresql-k8s-operator/.tox/integration/lib/python3.10/site-packages/pytest_asyncio/plugin.py\", line 292, in async_finalizer\n    await gen_obj.__anext__()\n  File \"/home/ubuntu/actions-runner/_work/test-runners-2-is-x64-postgresql-k8s-operator/test-runners-2-is-x64-postgresql-k8s-operator/tests/integration/ha_tests/conftest.py\", line 57, in loop_wait\n    await change_patroni_setting(ops_test, \"loop_wait\", initial_loop_wait)\n","steps":[],"attachments":[],"parameters":[],"stepsCount":0,"shouldDisplayMessage":true,"attachmentsCount":0,"hasContent":true,"attachmentStep":false},{"name":"restart_policy::finalizer","time":{"start":1730952435413,"stop":1730952435413,"duration":0},"status":"passed","steps":[],"attachments":[],"parameters":[],"stepsCount":0,"shouldDisplayMessage":false,"attachmentsCount":0,"hasContent":false,"attachmentStep":false},{"name":"continuous_writes::finalizer","time":{"start":1730952435414,"stop":1730952441465,"duration":6051},"status":"passed","steps":[],"attachments":[],"parameters":[],"stepsCount":0,"shouldDisplayMessage":false,"attachmentsCount":0,"hasContent":false,"attachmentStep":false},{"name":"abort_on_fail::0","time":{"start":1730952441466,"stop":1730952441466,"duration":0},"status":"passed","steps":[],"attachments":[],"parameters":[],"stepsCount":0,"shouldDisplayMessage":false,"attachmentsCount":0,"hasContent":false,"attachmentStep":false},{"name":"ops_test::finalizer","time":{"start":1730952619194,"stop":1730952619655,"duration":461},"status":"passed","steps":[],"attachments":[],"parameters":[],"stepsCount":0,"shouldDisplayMessage":false,"attachmentsCount":0,"hasContent":false,"attachmentStep":false},{"name":"event_loop::2","time":{"start":1730952619656,"stop":1730952619656,"duration":0},"status":"passed","steps":[],"attachments":[],"parameters":[],"stepsCount":0,"shouldDisplayMessage":false,"attachmentsCount":0,"hasContent":false,"attachmentStep":false},{"name":"event_loop::_close_event_loop","time":{"start":1730952619656,"stop":1730952619656,"duration":0},"status":"passed","steps":[],"attachments":[],"parameters":[],"stepsCount":0,"shouldDisplayMessage":false,"attachmentsCount":0,"hasContent":false,"attachmentStep":false},{"name":"event_loop::_provide_clean_event_loop","time":{"start":1730952619656,"stop":1730952619656,"duration":0},"status":"passed","steps":[],"attachments":[],"parameters":[],"stepsCount":0,"shouldDisplayMessage":false,"attachmentsCount":0,"hasContent":false,"attachmentStep":false}],"labels":[{"name":"tag","value":"unstable"},{"name":"tag","value":"group(1)"},{"name":"tag","value":"asyncio"},{"name":"parentSuite","value":"tests.integration.ha_tests"},{"name":"suite","value":"test_self_healing"},{"name":"host","value":"github-runner"},{"name":"thread","value":"18880-MainThread"},{"name":"framework","value":"pytest"},{"name":"language","value":"cpython3"},{"name":"package","value":"tests.integration.ha_tests.test_self_healing"},{"name":"resultFormat","value":"allure2"}],"parameters":[{"name":"process","value":"'/usr/bin/patroni'"},{"name":"signal","value":"'SIGKILL'"}],"links":[],"hidden":false,"retry":false,"extra":{"severity":"normal","retries":[{"uid":"dfff28ae134f3ace","status":"unknown","time":{}}],"categories":[{"name":"Product defects","matchedStatuses":[],"flaky":false}],"history":{"statistic":{"failed":64,"broken":38,"skipped":5,"passed":0,"unknown":44,"total":151},"items":[{"uid":"36bda3df280baaf8","reportUrl":"../230//#testresult/36bda3df280baaf8","status":"failed","statusDetails":"AssertionError: Not all units down at the same time.\nassert False","time":{"start":1730858342489,"stop":1730858423694,"duration":81205}},{"uid":"c30f1d8c8f5b2bc8","reportUrl":"../229//#testresult/c30f1d8c8f5b2bc8","status":"failed","statusDetails":"AssertionError: Not all units down at the same time.\nassert False","time":{"start":1730773993266,"stop":1730774071715,"duration":78449}},{"uid":"80a7308bd7114251","reportUrl":"../228//#testresult/80a7308bd7114251","status":"failed","statusDetails":"AssertionError: Not all units down at the same time.\nassert False","time":{"start":1730688241574,"stop":1730688322030,"duration":80456}},{"uid":"9bfef0e9287a1e32","reportUrl":"../227//#testresult/9bfef0e9287a1e32","status":"failed","statusDetails":"AssertionError: Not all units down at the same time.\nassert False","time":{"start":1730599800448,"stop":1730599886829,"duration":86381}},{"uid":"c6ad8978865ef4c0","reportUrl":"../226//#testresult/c6ad8978865ef4c0","status":"skipped","statusDetails":"XFAIL reason: aborted\n\n_pytest.outcomes.XFailed: aborted","time":{"start":1730512855749,"stop":1730512855749,"duration":0}},{"uid":"4f9f79660656ed87","reportUrl":"../225//#testresult/4f9f79660656ed87","status":"failed","statusDetails":"AssertionError: Not all units down at the same time.\nassert False","time":{"start":1730431419894,"stop":1730431508263,"duration":88369}},{"uid":"c751d46d22e11b85","reportUrl":"../224//#testresult/c751d46d22e11b85","status":"skipped","statusDetails":"XFAIL reason: aborted\n\n_pytest.outcomes.XFailed: aborted","time":{"start":1730342901117,"stop":1730342901117,"duration":0}},{"uid":"50f389ef4c4f3e24","reportUrl":"../223//#testresult/50f389ef4c4f3e24","status":"failed","statusDetails":"AssertionError: Not all units down at the same time.\nassert False","time":{"start":1730253985526,"stop":1730254066810,"duration":81284}},{"uid":"234a738ca6d3180f","reportUrl":"../222//#testresult/234a738ca6d3180f","status":"failed","statusDetails":"AssertionError: Not all units down at the same time.\nassert False","time":{"start":1730170699831,"stop":1730170774939,"duration":75108}},{"uid":"42a70469339bed21","reportUrl":"../221//#testresult/42a70469339bed21","status":"failed","statusDetails":"AssertionError: Not all units down at the same time.\nassert False","time":{"start":1730084142500,"stop":1730084223837,"duration":81337}},{"uid":"cc56d0de8b4f6feb","reportUrl":"../220//#testresult/cc56d0de8b4f6feb","status":"failed","statusDetails":"AssertionError: Not all units down at the same time.\nassert False","time":{"start":1729995057687,"stop":1729995133318,"duration":75631}},{"uid":"a7585ed061c077b7","reportUrl":"../219//#testresult/a7585ed061c077b7","status":"broken","statusDetails":"asyncio.exceptions.TimeoutError: Timed out waiting for model:\npostgresql-k8s/0 [idle] active: Primary\n  postgresql-k8s/1 [idle] active: \n  postgresql-k8s/2 [idle] maintenance: Database service inactive, restarting","time":{"start":1729910478614,"stop":1729910478614,"duration":0}},{"uid":"dfff403ff04c45b8","reportUrl":"../218//#testresult/dfff403ff04c45b8","status":"failed","statusDetails":"AssertionError: Not all units down at the same time.\nassert False","time":{"start":1729822224537,"stop":1729822307894,"duration":83357}},{"uid":"44e41a6ede04870d","reportUrl":"../217//#testresult/44e41a6ede04870d","status":"skipped","statusDetails":"XFAIL reason: aborted\n\n_pytest.outcomes.XFailed: aborted","time":{"start":1729735532615,"stop":1729735532615,"duration":0}},{"uid":"280039d7f7b65a51","reportUrl":"../216//#testresult/280039d7f7b65a51","status":"failed","statusDetails":"AssertionError: Not all units down at the same time.\nassert False","time":{"start":1729648818152,"stop":1729648902353,"duration":84201}},{"uid":"88adf48e4014a430","reportUrl":"../215//#testresult/88adf48e4014a430","status":"failed","statusDetails":"AssertionError: Not all units down at the same time.\nassert False","time":{"start":1729564774278,"stop":1729564856010,"duration":81732}},{"uid":"6de8e03d4d6f7ec9","reportUrl":"../214//#testresult/6de8e03d4d6f7ec9","status":"failed","statusDetails":"AssertionError: Not all units down at the same time.\nassert False","time":{"start":1729479234059,"stop":1729479316941,"duration":82882}},{"uid":"12ba18635c5486e0","reportUrl":"../213//#testresult/12ba18635c5486e0","status":"failed","statusDetails":"AssertionError: Not all units down at the same time.\nassert False","time":{"start":1729389989271,"stop":1729390067410,"duration":78139}},{"uid":"b0901660040938aa","reportUrl":"../212//#testresult/b0901660040938aa","status":"failed","statusDetails":"AssertionError: Not all units down at the same time.\nassert False","time":{"start":1729306918874,"stop":1729306999061,"duration":80187}},{"uid":"b3bd8ea4ee4df21c","reportUrl":"../211//#testresult/b3bd8ea4ee4df21c","status":"failed","statusDetails":"AssertionError: Not all units down at the same time.\nassert False","time":{"start":1729218988008,"stop":1729219068476,"duration":80468}}]},"tags":["unstable","asyncio","group(1)"]},"source":"f26b35199eec758d.json","parameterValues":["'/usr/bin/patroni'","'SIGKILL'"]}