[32mINFO    [0m pytest_operator.plugin:plugin.py:766 Connecting to existing model microk8s-localhost:test on unspecified cloud
[32mINFO    [0m juju.model:model.py:2098 Deploying ch:amd64/jammy/s3-integrator-77
[32mINFO    [0m juju.model:model.py:2098 Deploying ch:amd64/jammy/self-signed-certificates-155
[32mINFO    [0m juju.model:model.py:2098 Deploying local:jammy/postgresql-k8s-0
[33mWARNING [0m juju.model:model.py:1564 relate is deprecated and will be removed. Use integrate instead.
[32mINFO    [0m juju.model:model.py:2972 Waiting for model:
  postgresql-k8s-aws/0 [allocating] waiting: installing agent
  postgresql-k8s-aws/1 [allocating] waiting: installing agent
[32mINFO    [0m juju.model:model.py:2972 Waiting for model:
  postgresql-k8s-aws/0 [allocating] waiting: agent initialising
  postgresql-k8s-aws/1 [allocating] waiting: agent initialising
[32mINFO    [0m juju.model:model.py:2972 Waiting for model:
  postgresql-k8s-aws/0 [executing] unknown: 
  postgresql-k8s-aws/1 [executing] waiting: awaiting for primary endpoint to be ready
[32mINFO    [0m juju.model:model.py:2972 Waiting for model:
  postgresql-k8s-aws/0 [executing] unknown: 
  postgresql-k8s-aws/1 [executing] waiting: awaiting for primary endpoint to be ready
[32mINFO    [0m juju.model:model.py:2972 Waiting for model:
  postgresql-k8s-aws/0 [executing] unknown: 
  postgresql-k8s-aws/1 [executing] waiting: awaiting for primary endpoint to be ready
[32mINFO    [0m juju.model:model.py:2972 Waiting for model:
  postgresql-k8s-aws/0 [executing] unknown: 
  postgresql-k8s-aws/1 [executing] waiting: awaiting for primary endpoint to be ready
[32mINFO    [0m juju.model:model.py:2972 Waiting for model:
  postgresql-k8s-aws/0 [executing] unknown: 
  postgresql-k8s-aws/1 [executing] waiting: awaiting for primary endpoint to be ready
[32mINFO    [0m juju.model:model.py:2972 Waiting for model:
  postgresql-k8s-aws/0 [executing] unknown: 
  postgresql-k8s-aws/1 [executing] waiting: awaiting for primary endpoint to be ready
[32mINFO    [0m juju.model:model.py:2972 Waiting for model:
  postgresql-k8s-aws/0 [executing] unknown: 
  postgresql-k8s-aws/1 [idle] active: Primary
[32mINFO    [0m juju.model:model.py:2972 Waiting for model:
  postgresql-k8s-aws/0 [executing] unknown: 
  postgresql-k8s-aws/1 [idle] active: Primary
[32mINFO    [0m juju.model:model.py:2972 Waiting for model:
  postgresql-k8s-aws/0 [executing] waiting: awaiting for member to start
  postgresql-k8s-aws/1 [executing] active: Primary
[32mINFO    [0m juju.model:model.py:2972 Waiting for model:
  postgresql-k8s-aws/0 [executing] waiting: awaiting for member to start
  postgresql-k8s-aws/1 [executing] active: Primary
[32mINFO    [0m juju.model:model.py:2972 Waiting for model:
  postgresql-k8s-aws/0 [executing] waiting: awaiting for member to start
  postgresql-k8s-aws/1 [executing] active: Primary
[32mINFO    [0m juju.model:model.py:2972 Waiting for model:
  postgresql-k8s-aws/0 [executing] waiting: awaiting for member to start
  postgresql-k8s-aws/1 [idle] active: Primary
[32mINFO    [0m juju.model:model.py:2972 Waiting for model:
  postgresql-k8s-aws/0 [executing] waiting: awaiting for member to start
  postgresql-k8s-aws/1 [idle] active: Primary
[32mINFO    [0m juju.model:model.py:2972 Waiting for model:
  postgresql-k8s-aws/0 [executing] waiting: awaiting for member to start
  postgresql-k8s-aws/1 [idle] active: Primary
[32mINFO    [0m juju.model:model.py:2972 Waiting for model:
  postgresql-k8s-aws/0 [executing] waiting: awaiting for member to start
  postgresql-k8s-aws/1 [idle] active: Primary
[32mINFO    [0m juju.model:model.py:2972 Waiting for model:
  postgresql-k8s-aws/0 [executing] waiting: awaiting for member to start
  postgresql-k8s-aws/1 [idle] active: Primary
[32mINFO    [0m juju.model:model.py:2972 Waiting for model:
  postgresql-k8s-aws/0 [idle] waiting: awaiting for member to start
  postgresql-k8s-aws/1 [idle] active: Primary
[32mINFO    [0m juju.model:model.py:2972 Waiting for model:
  postgresql-k8s-aws/0 [idle] waiting: awaiting for member to start
  postgresql-k8s-aws/1 [idle] active: Primary
[32mINFO    [0m juju.model:model.py:2972 Waiting for model:
  postgresql-k8s-aws/0 [idle] waiting: awaiting for member to start
  postgresql-k8s-aws/1 [idle] active: Primary
[32mINFO    [0m juju.model:model.py:2972 Waiting for model:
  postgresql-k8s-aws/0 [idle] waiting: awaiting for member to start
  postgresql-k8s-aws/1 [idle] active: Primary
[32mINFO    [0m juju.model:model.py:2972 Waiting for model:
  postgresql-k8s-aws/0 [idle] waiting: awaiting for member to start
  postgresql-k8s-aws/1 [idle] active: Primary
[32mINFO    [0m juju.model:model.py:2972 Waiting for model:
  postgresql-k8s-aws/0 [idle] waiting: awaiting for member to start
  postgresql-k8s-aws/1 [idle] active: Primary
[32mINFO    [0m juju.model:model.py:2972 Waiting for model:
  postgresql-k8s-aws/0 [idle] waiting: awaiting for member to start
  postgresql-k8s-aws/1 [idle] active: Primary
[32mINFO    [0m juju.model:model.py:2972 Waiting for model:
  postgresql-k8s-aws/0 [idle] waiting: awaiting for member to start
  postgresql-k8s-aws/1 [idle] active: Primary
[32mINFO    [0m juju.model:model.py:2972 Waiting for model:
  postgresql-k8s-aws/0 [idle] waiting: awaiting for member to start
  postgresql-k8s-aws/1 [idle] active: Primary
[32mINFO    [0m juju.model:model.py:2972 Waiting for model:
  postgresql-k8s-aws/0 [idle] waiting: awaiting for member to start
  postgresql-k8s-aws/1 [idle] active: Primary
[32mINFO    [0m juju.model:model.py:2972 Waiting for model:
  postgresql-k8s-aws/0 [idle] waiting: awaiting for member to start
  postgresql-k8s-aws/1 [idle] active: Primary
[32mINFO    [0m juju.model:model.py:2972 Waiting for model:
  postgresql-k8s-aws/0 [idle] waiting: awaiting for member to start
  postgresql-k8s-aws/1 [idle] active: Primary
[32mINFO    [0m juju.model:model.py:2972 Waiting for model:
  postgresql-k8s-aws/0 [idle] waiting: awaiting for member to start
  postgresql-k8s-aws/1 [idle] active: Primary
[33mWARNING [0m juju.model:model.py:1564 relate is deprecated and will be removed. Use integrate instead.
[32mINFO    [0m integration.helpers:helpers.py:850 configuring S3 integrator for AWS
[32mINFO    [0m juju.model:model.py:2972 Waiting for model:
  postgresql-k8s-aws/0 [idle] active: 
  postgresql-k8s-aws/1 [executing] active: Primary
  s3-integrator/0 [executing] blocked: Missing parameters: ['access-key', 'secret-key']
[32mINFO    [0m juju.model:model.py:2972 Waiting for model:
  postgresql-k8s-aws/0 [idle] active: 
  postgresql-k8s-aws/1 [executing] maintenance: initialising stanza
[32mINFO    [0m juju.model:model.py:2972 Waiting for model:
  postgresql-k8s-aws/0 [idle] active: 
  postgresql-k8s-aws/1 [executing] maintenance: initialising stanza
[32mINFO    [0m juju.model:model.py:2972 Waiting for model:
  postgresql-k8s-aws/0 [idle] active: 
  postgresql-k8s-aws/1 [executing] maintenance: checking stanza
[32mINFO    [0m juju.model:model.py:2972 Waiting for model:
  postgresql-k8s-aws/0 [idle] active: 
  postgresql-k8s-aws/1 [executing] maintenance: checking stanza
[32mINFO    [0m juju.model:model.py:2972 Waiting for model:
  postgresql-k8s-aws/0 [idle] active: 
  postgresql-k8s-aws/1 [executing] maintenance: checking stanza
[32mINFO    [0m juju.model:model.py:2972 Waiting for model:
  postgresql-k8s-aws/0 [idle] active: 
  postgresql-k8s-aws/1 [executing] maintenance: checking stanza
[32mINFO    [0m juju.model:model.py:2972 Waiting for model:
  postgresql-k8s-aws/0 [idle] active: 
  postgresql-k8s-aws/1 [executing] maintenance: checking stanza
[32mINFO    [0m juju.model:model.py:2972 Waiting for model:
  postgresql-k8s-aws/0 [idle] active: 
  postgresql-k8s-aws/1 [executing] maintenance: checking stanza
[32mINFO    [0m juju.model:model.py:2972 Waiting for model:
  postgresql-k8s-aws/0 [idle] active: 
  postgresql-k8s-aws/1 [idle] maintenance: checking stanza
[32mINFO    [0m juju.model:model.py:2972 Waiting for model:
  postgresql-k8s-aws/0 [idle] active: 
  postgresql-k8s-aws/1 [idle] maintenance: checking stanza
[32mINFO    [0m juju.model:model.py:2972 Waiting for model:
  postgresql-k8s-aws/0 [idle] active: 
  postgresql-k8s-aws/1 [idle] maintenance: checking stanza
[32mINFO    [0m juju.model:model.py:2972 Waiting for model:
  postgresql-k8s-aws/0 [idle] active: 
  postgresql-k8s-aws/1 [idle] maintenance: checking stanza
[32mINFO    [0m juju.model:model.py:2972 Waiting for model:
  postgresql-k8s-aws/0 [idle] active: 
  postgresql-k8s-aws/1 [idle] maintenance: checking stanza
[32mINFO    [0m juju.model:model.py:2972 Waiting for model:
  postgresql-k8s-aws/0 [idle] active: 
  postgresql-k8s-aws/1 [idle] maintenance: checking stanza
[32mINFO    [0m juju.model:model.py:2972 Waiting for model:
  postgresql-k8s-aws/0 [idle] active: 
  postgresql-k8s-aws/1 [idle] maintenance: checking stanza
[32mINFO    [0m juju.model:model.py:2972 Waiting for model:
  postgresql-k8s-aws/0 [idle] active: 
  postgresql-k8s-aws/1 [idle] maintenance: checking stanza
[32mINFO    [0m juju.model:model.py:2972 Waiting for model:
  postgresql-k8s-aws/0 [idle] active: 
  postgresql-k8s-aws/1 [idle] maintenance: checking stanza
[32mINFO    [0m juju.model:model.py:2972 Waiting for model:
  postgresql-k8s-aws/0 [idle] active: 
  postgresql-k8s-aws/1 [idle] maintenance: checking stanza
[32mINFO    [0m juju.model:model.py:2972 Waiting for model:
  postgresql-k8s-aws/0 [idle] active: 
  postgresql-k8s-aws/1 [idle] maintenance: checking stanza
[32mINFO    [0m juju.model:model.py:2972 Waiting for model:
  postgresql-k8s-aws/0 [idle] active: 
  postgresql-k8s-aws/1 [idle] maintenance: checking stanza
[32mINFO    [0m juju.model:model.py:2972 Waiting for model:
  postgresql-k8s-aws/0 [idle] active: 
  postgresql-k8s-aws/1 [idle] maintenance: checking stanza
[32mINFO    [0m juju.model:model.py:2972 Waiting for model:
  postgresql-k8s-aws/0 [idle] active: 
  postgresql-k8s-aws/1 [idle] maintenance: checking stanza
[32mINFO    [0m juju.model:model.py:2972 Waiting for model:
  postgresql-k8s-aws/0 [idle] active: 
  postgresql-k8s-aws/1 [idle] maintenance: checking stanza
[32mINFO    [0m juju.model:model.py:2972 Waiting for model:
  postgresql-k8s-aws/0 [idle] active: 
  postgresql-k8s-aws/1 [idle] blocked: failed to initialize stanza, check your S3 settings
[32mINFO    [0m juju.model:model.py:2972 Waiting for model:
  postgresql-k8s-aws/0 [idle] active: 
  postgresql-k8s-aws/1 [executing] maintenance: initialising stanza
[32mINFO    [0m juju.model:model.py:2972 Waiting for model:
  postgresql-k8s-aws/0 [executing] active: 
  postgresql-k8s-aws/1 [executing] maintenance: initialising stanza
[32mINFO    [0m juju.model:model.py:2972 Waiting for model:
  postgresql-k8s-aws/0 [executing] active: 
  postgresql-k8s-aws/1 [executing] maintenance: initialising stanza
[32mINFO    [0m juju.model:model.py:2972 Waiting for model:
  postgresql-k8s-aws/0 [idle] active: 
  postgresql-k8s-aws/1 [executing] maintenance: initialising stanza
[32mINFO    [0m juju.model:model.py:2972 Waiting for model:
  postgresql-k8s-aws/0 [executing] active: 
  postgresql-k8s-aws/1 [idle] maintenance: initialising stanza
[32mINFO    [0m integration.helpers:helpers.py:871 creating a table in the database
[32mINFO    [0m juju.model:model.py:2972 Waiting for model:
  s3-integrator/0 [idle] active: 
  self-signed-certificates/0 [idle] active: 
  postgresql-k8s-aws/0 [idle] active: 
  postgresql-k8s-aws/1 [idle] active: Primary
[32mINFO    [0m integration.helpers:helpers.py:882 creating a backup
[32mINFO    [0m juju.model:model.py:2972 Waiting for model:
  s3-integrator/0 [idle] active: 
  self-signed-certificates/0 [idle] active: 
  postgresql-k8s-aws/0 [idle] active: 
  postgresql-k8s-aws/1 [executing] active: Primary
[32mINFO    [0m juju.model:model.py:2972 Waiting for model:
  postgresql-k8s-aws/1 [idle] active: Primary
[32mINFO    [0m integration.helpers:helpers.py:891 listing the available backups
[32mINFO    [0m juju.model:model.py:2972 Waiting for model:
  s3-integrator/0 [idle] active: 
  self-signed-certificates/0 [idle] active: 
  postgresql-k8s-aws/0 [idle] active: 
  postgresql-k8s-aws/1 [idle] active: Primary
[32mINFO    [0m integration.helpers:helpers.py:900 creating a second table in the database
[32mINFO    [0m integration.helpers:helpers.py:907 creating a backup
[32mINFO    [0m juju.model:model.py:2972 Waiting for model:
  s3-integrator/0 [idle] active: 
  self-signed-certificates/0 [idle] active: 
  postgresql-k8s-aws/0 [idle] active: 
  postgresql-k8s-aws/1 [idle] active: Primary
[32mINFO    [0m integration.helpers:helpers.py:918 listing the available backups
[32mINFO    [0m juju.model:model.py:2972 Waiting for model:
  s3-integrator/0 [idle] active: 
  self-signed-certificates/0 [idle] active: 
  postgresql-k8s-aws/0 [idle] active: 
  postgresql-k8s-aws/1 [idle] active: Primary
[32mINFO    [0m integration.helpers:helpers.py:927 creating a second table in the database
[32mINFO    [0m juju.model:model.py:2972 Waiting for model:
  postgresql-k8s-aws (waiting for exactly 1 units, current : 2)
[32mINFO    [0m juju.model:model.py:2972 Waiting for model:
  postgresql-k8s-aws (waiting for exactly 1 units, current : 2)
[32mINFO    [0m integration.helpers:helpers.py:943 restoring the backup
[32mINFO    [0m integration.helpers:helpers.py:960 checking that the backup was correctly restored
[32mINFO    [0m integration.helpers:helpers.py:992 restoring the backup
[32mINFO    [0m integration.helpers:helpers.py:1009 checking that the backup was correctly restored
[32mINFO    [0m integration.test_backups:test_backups.py:124 removing the TLS relation
[32mINFO    [0m integration.test_backups:test_backups.py:141 ensuring that the replication is working correctly
[32mINFO    [0m integration.test_backups:test_backups.py:171 performing a switchover from postgresql-k8s-aws/0 to postgresql-k8s-aws/1
[32mINFO    [0m integration.test_backups:test_backups.py:174 checking that the primary unit has changed
[32mINFO    [0m integration.test_backups:test_backups.py:183 listing the available backups to ensure that the stanza is working correctly
[32mINFO    [0m juju.model:model.py:2972 Waiting for model:
  s3-integrator/0 [idle] active: 
  self-signed-certificates/0 [idle] active: 
  postgresql-k8s-aws/0 [executing] blocked: Move restored cluster to another S3 bucket
  postgresql-k8s-aws/1 [executing] blocked: Move restored cluster to another S3 bucket
[32mINFO    [0m juju.model:model.py:2972 Waiting for model:
  postgresql-k8s-aws/0 [idle] active: 
  postgresql-k8s-aws/1 [idle] active: Primary
[32mINFO    [0m integration.test_backups:test_backups.py:88 deleting the previously created backups
[32mINFO    [0m pytest_operator.plugin:plugin.py:903 Model status:

Model  Controller          Cloud/Region        Version  SLA          Timestamp
test   microk8s-localhost  microk8s/localhost  3.4.5    unsupported  02:59:49Z

App            Version  Status  Scale  Charm          Channel        Rev  Address         Exposed  Message
s3-integrator           active      1  s3-integrator  latest/stable   77  10.152.183.123  no       

Unit              Workload  Agent  Address    Ports  Message
s3-integrator/0*  active    idle   10.1.53.8         

[32mINFO    [0m pytest_operator.plugin:plugin.py:909 Juju error logs:

unit-postgresql-k8s-aws-0: 02:17:29 ERROR unit.postgresql-k8s-aws/0.juju-log certificates:4: Cannot push TLS certificates: <ops.pebble.ConnectionError ("Could not connect to Pebble: socket not found at '/charm/containers/postgresql/pebble.socket' (container restarted?)",)>
unit-postgresql-k8s-aws-0: 02:17:31 ERROR unit.postgresql-k8s-aws/0.juju-log Cannot push TLS certificates: <ops.pebble.ConnectionError ("Could not connect to Pebble: socket not found at '/charm/containers/postgresql/pebble.socket' (container restarted?)",)>
unit-postgresql-k8s-aws-0: 02:17:32 ERROR unit.postgresql-k8s-aws/0.juju-log Cannot push TLS certificates: <ops.pebble.ConnectionError ("Could not connect to Pebble: socket not found at '/charm/containers/postgresql/pebble.socket' (container restarted?)",)>
unit-postgresql-k8s-aws-0: 02:17:34 ERROR unit.postgresql-k8s-aws/0.juju-log Cannot push TLS certificates: <ops.pebble.ConnectionError ("Could not connect to Pebble: socket not found at '/charm/containers/postgresql/pebble.socket' (container restarted?)",)>
unit-postgresql-k8s-aws-0: 02:17:35 ERROR unit.postgresql-k8s-aws/0.juju-log Cannot push TLS certificates: <ops.pebble.ConnectionError ("Could not connect to Pebble: socket not found at '/charm/containers/postgresql/pebble.socket' (container restarted?)",)>
unit-postgresql-k8s-aws-0: 02:17:37 ERROR unit.postgresql-k8s-aws/0.juju-log Cannot push TLS certificates: <ops.pebble.ConnectionError ("Could not connect to Pebble: socket not found at '/charm/containers/postgresql/pebble.socket' (container restarted?)",)>
unit-postgresql-k8s-aws-0: 02:17:39 ERROR unit.postgresql-k8s-aws/0.juju-log Cannot push TLS certificates: <ops.pebble.ConnectionError ("Could not connect to Pebble: socket not found at '/charm/containers/postgresql/pebble.socket' (container restarted?)",)>
unit-postgresql-k8s-aws-0: 02:17:40 ERROR unit.postgresql-k8s-aws/0.juju-log Cannot push TLS certificates: <ops.pebble.ConnectionError ("Could not connect to Pebble: socket not found at '/charm/containers/postgresql/pebble.socket' (container restarted?)",)>
unit-postgresql-k8s-aws-0: 02:17:42 ERROR unit.postgresql-k8s-aws/0.juju-log Cannot push TLS certificates: <ops.pebble.ConnectionError ("Could not connect to Pebble: socket not found at '/charm/containers/postgresql/pebble.socket' (container restarted?)",)>
unit-postgresql-k8s-aws-0: 02:17:44 ERROR unit.postgresql-k8s-aws/0.juju-log Cannot push TLS certificates: <ops.pebble.ConnectionError ("Could not connect to Pebble: socket not found at '/charm/containers/postgresql/pebble.socket' (container restarted?)",)>
unit-postgresql-k8s-aws-0: 02:17:45 ERROR unit.postgresql-k8s-aws/0.juju-log Cannot push TLS certificates: <ops.pebble.ConnectionError ("Could not connect to Pebble: socket not found at '/charm/containers/postgresql/pebble.socket' (container restarted?)",)>
unit-postgresql-k8s-aws-0: 02:17:47 ERROR unit.postgresql-k8s-aws/0.juju-log Cannot push TLS certificates: <ops.pebble.ConnectionError ("Could not connect to Pebble: socket not found at '/charm/containers/postgresql/pebble.socket' (container restarted?)",)>
unit-postgresql-k8s-aws-0: 02:17:48 ERROR unit.postgresql-k8s-aws/0.juju-log Cannot push TLS certificates: <ops.pebble.ConnectionError ("Could not connect to Pebble: socket not found at '/charm/containers/postgresql/pebble.socket' (container restarted?)",)>
unit-postgresql-k8s-aws-0: 02:17:50 ERROR unit.postgresql-k8s-aws/0.juju-log Cannot push TLS certificates: <ops.pebble.ConnectionError ("Could not connect to Pebble: socket not found at '/charm/containers/postgresql/pebble.socket' (container restarted?)",)>
unit-postgresql-k8s-aws-0: 02:17:52 ERROR unit.postgresql-k8s-aws/0.juju-log Cannot push TLS certificates: <ops.pebble.ConnectionError ("Could not connect to Pebble: socket not found at '/charm/containers/postgresql/pebble.socket' (container restarted?)",)>
unit-postgresql-k8s-aws-0: 02:17:53 ERROR unit.postgresql-k8s-aws/0.juju-log Cannot push TLS certificates: <ops.pebble.ConnectionError ("Could not connect to Pebble: socket not found at '/charm/containers/postgresql/pebble.socket' (container restarted?)",)>
unit-postgresql-k8s-aws-0: 02:17:55 ERROR unit.postgresql-k8s-aws/0.juju-log Cannot push TLS certificates: <ops.pebble.ConnectionError ("Could not connect to Pebble: socket not found at '/charm/containers/postgresql/pebble.socket' (container restarted?)",)>
unit-postgresql-k8s-aws-0: 02:17:57 ERROR unit.postgresql-k8s-aws/0.juju-log Cannot push TLS certificates: <ops.pebble.ConnectionError ("Could not connect to Pebble: socket not found at '/charm/containers/postgresql/pebble.socket' (container restarted?)",)>
unit-postgresql-k8s-aws-0: 02:17:58 ERROR unit.postgresql-k8s-aws/0.juju-log Cannot push TLS certificates: <ops.pebble.ConnectionError ("Could not connect to Pebble: socket not found at '/charm/containers/postgresql/pebble.socket' (container restarted?)",)>
unit-postgresql-k8s-aws-0: 02:18:00 ERROR unit.postgresql-k8s-aws/0.juju-log Cannot push TLS certificates: <ops.pebble.ConnectionError ("Could not connect to Pebble: socket not found at '/charm/containers/postgresql/pebble.socket' (container restarted?)",)>
unit-postgresql-k8s-aws-0: 02:18:02 ERROR unit.postgresql-k8s-aws/0.juju-log Cannot push TLS certificates: <ops.pebble.ConnectionError ("Could not connect to Pebble: socket not found at '/charm/containers/postgresql/pebble.socket' (container restarted?)",)>
unit-postgresql-k8s-aws-0: 02:18:04 ERROR unit.postgresql-k8s-aws/0.juju-log Cannot push TLS certificates: <ops.pebble.ConnectionError ("Could not connect to Pebble: socket not found at '/charm/containers/postgresql/pebble.socket' (container restarted?)",)>
unit-postgresql-k8s-aws-0: 02:18:05 ERROR unit.postgresql-k8s-aws/0.juju-log Cannot push TLS certificates: <ops.pebble.ConnectionError ("Could not connect to Pebble: socket not found at '/charm/containers/postgresql/pebble.socket' (container restarted?)",)>
unit-postgresql-k8s-aws-0: 02:18:07 ERROR unit.postgresql-k8s-aws/0.juju-log Cannot push TLS certificates: <ops.pebble.ConnectionError ("Could not connect to Pebble: socket not found at '/charm/containers/postgresql/pebble.socket' (container restarted?)",)>
unit-postgresql-k8s-aws-0: 02:18:09 ERROR unit.postgresql-k8s-aws/0.juju-log Cannot push TLS certificates: <ops.pebble.ConnectionError ("Could not connect to Pebble: socket not found at '/charm/containers/postgresql/pebble.socket' (container restarted?)",)>
unit-postgresql-k8s-aws-0: 02:18:11 ERROR unit.postgresql-k8s-aws/0.juju-log Cannot push TLS certificates: <ops.pebble.ConnectionError ("Could not connect to Pebble: socket not found at '/charm/containers/postgresql/pebble.socket' (container restarted?)",)>
unit-postgresql-k8s-aws-0: 02:18:12 ERROR unit.postgresql-k8s-aws/0.juju-log Cannot push TLS certificates: <ops.pebble.ConnectionError ("Could not connect to Pebble: socket not found at '/charm/containers/postgresql/pebble.socket' (container restarted?)",)>
unit-postgresql-k8s-aws-0: 02:18:14 ERROR unit.postgresql-k8s-aws/0.juju-log Cannot push TLS certificates: <ops.pebble.ConnectionError ("Could not connect to Pebble: socket not found at '/charm/containers/postgresql/pebble.socket' (container restarted?)",)>
unit-postgresql-k8s-aws-0: 02:18:16 ERROR unit.postgresql-k8s-aws/0.juju-log Cannot push TLS certificates: <ops.pebble.ConnectionError ("Could not connect to Pebble: socket not found at '/charm/containers/postgresql/pebble.socket' (container restarted?)",)>
unit-postgresql-k8s-aws-0: 02:18:18 ERROR unit.postgresql-k8s-aws/0.juju-log Cannot push TLS certificates: <ops.pebble.ConnectionError ("Could not connect to Pebble: socket not found at '/charm/containers/postgresql/pebble.socket' (container restarted?)",)>
unit-postgresql-k8s-aws-0: 02:18:20 ERROR unit.postgresql-k8s-aws/0.juju-log Cannot push TLS certificates: <ops.pebble.ConnectionError ("Could not connect to Pebble: socket not found at '/charm/containers/postgresql/pebble.socket' (container restarted?)",)>
unit-postgresql-k8s-aws-0: 02:18:22 ERROR unit.postgresql-k8s-aws/0.juju-log Cannot push TLS certificates: <ops.pebble.ConnectionError ("Could not connect to Pebble: socket not found at '/charm/containers/postgresql/pebble.socket' (container restarted?)",)>
unit-postgresql-k8s-aws-0: 02:18:24 ERROR unit.postgresql-k8s-aws/0.juju-log Cannot push TLS certificates: <ops.pebble.ConnectionError ("Could not connect to Pebble: socket not found at '/charm/containers/postgresql/pebble.socket' (container restarted?)",)>
unit-postgresql-k8s-aws-0: 02:18:26 ERROR unit.postgresql-k8s-aws/0.juju-log Cannot push TLS certificates: <ops.pebble.ConnectionError ("Could not connect to Pebble: socket not found at '/charm/containers/postgresql/pebble.socket' (container restarted?)",)>
unit-postgresql-k8s-aws-0: 02:18:28 ERROR unit.postgresql-k8s-aws/0.juju-log Cannot push TLS certificates: <ops.pebble.ConnectionError ("Could not connect to Pebble: socket not found at '/charm/containers/postgresql/pebble.socket' (container restarted?)",)>
unit-postgresql-k8s-aws-0: 02:18:30 ERROR unit.postgresql-k8s-aws/0.juju-log Cannot push TLS certificates: <ops.pebble.ConnectionError ("Could not connect to Pebble: socket not found at '/charm/containers/postgresql/pebble.socket' (container restarted?)",)>
unit-postgresql-k8s-aws-0: 02:18:32 ERROR unit.postgresql-k8s-aws/0.juju-log Cannot push TLS certificates: <ops.pebble.ConnectionError ("Could not connect to Pebble: socket not found at '/charm/containers/postgresql/pebble.socket' (container restarted?)",)>
unit-postgresql-k8s-aws-0: 02:18:34 ERROR unit.postgresql-k8s-aws/0.juju-log Cannot push TLS certificates: <ops.pebble.ConnectionError ("Could not connect to Pebble: socket not found at '/charm/containers/postgresql/pebble.socket' (container restarted?)",)>
unit-postgresql-k8s-aws-0: 02:18:36 ERROR unit.postgresql-k8s-aws/0.juju-log Cannot push TLS certificates: <ops.pebble.ConnectionError ("Could not connect to Pebble: socket not found at '/charm/containers/postgresql/pebble.socket' (container restarted?)",)>
unit-postgresql-k8s-aws-0: 02:18:39 ERROR unit.postgresql-k8s-aws/0.juju-log Cannot push TLS certificates: <ops.pebble.ConnectionError ("Could not connect to Pebble: socket not found at '/charm/containers/postgresql/pebble.socket' (container restarted?)",)>
unit-postgresql-k8s-aws-0: 02:18:41 ERROR unit.postgresql-k8s-aws/0.juju-log Cannot push TLS certificates: <ops.pebble.ConnectionError ("Could not connect to Pebble: socket not found at '/charm/containers/postgresql/pebble.socket' (container restarted?)",)>
unit-postgresql-k8s-aws-0: 02:18:43 ERROR unit.postgresql-k8s-aws/0.juju-log Cannot push TLS certificates: <ops.pebble.ConnectionError ("Could not connect to Pebble: socket not found at '/charm/containers/postgresql/pebble.socket' (container restarted?)",)>
unit-postgresql-k8s-aws-0: 02:18:45 ERROR unit.postgresql-k8s-aws/0.juju-log Cannot push TLS certificates: <ops.pebble.ConnectionError ("Could not connect to Pebble: socket not found at '/charm/containers/postgresql/pebble.socket' (container restarted?)",)>
unit-postgresql-k8s-aws-0: 02:18:47 ERROR unit.postgresql-k8s-aws/0.juju-log Cannot push TLS certificates: <ops.pebble.ConnectionError ("Could not connect to Pebble: socket not found at '/charm/containers/postgresql/pebble.socket' (container restarted?)",)>
unit-postgresql-k8s-aws-0: 02:18:50 ERROR unit.postgresql-k8s-aws/0.juju-log Cannot push TLS certificates: <ops.pebble.ConnectionError ("Could not connect to Pebble: socket not found at '/charm/containers/postgresql/pebble.socket' (container restarted?)",)>
unit-postgresql-k8s-aws-0: 02:18:52 ERROR unit.postgresql-k8s-aws/0.juju-log Cannot push TLS certificates: <ops.pebble.ConnectionError ("Could not connect to Pebble: socket not found at '/charm/containers/postgresql/pebble.socket' (container restarted?)",)>
unit-postgresql-k8s-aws-0: 02:18:54 ERROR unit.postgresql-k8s-aws/0.juju-log Cannot push TLS certificates: <ops.pebble.ConnectionError ("Could not connect to Pebble: socket not found at '/charm/containers/postgresql/pebble.socket' (container restarted?)",)>
unit-postgresql-k8s-aws-0: 02:18:57 ERROR unit.postgresql-k8s-aws/0.juju-log Cannot push TLS certificates: <ops.pebble.ConnectionError ("Could not connect to Pebble: socket not found at '/charm/containers/postgresql/pebble.socket' (container restarted?)",)>
unit-postgresql-k8s-aws-0: 02:18:59 ERROR unit.postgresql-k8s-aws/0.juju-log Cannot push TLS certificates: <ops.pebble.ConnectionError ("Could not connect to Pebble: socket not found at '/charm/containers/postgresql/pebble.socket' (container restarted?)",)>
unit-postgresql-k8s-aws-0: 02:19:02 ERROR unit.postgresql-k8s-aws/0.juju-log Cannot push TLS certificates: <ops.pebble.ConnectionError ("Could not connect to Pebble: socket not found at '/charm/containers/postgresql/pebble.socket' (container restarted?)",)>
unit-postgresql-k8s-aws-0: 02:19:04 ERROR unit.postgresql-k8s-aws/0.juju-log Cannot push TLS certificates: <ops.pebble.ConnectionError ("Could not connect to Pebble: socket not found at '/charm/containers/postgresql/pebble.socket' (container restarted?)",)>
unit-postgresql-k8s-aws-0: 02:19:07 ERROR unit.postgresql-k8s-aws/0.juju-log Cannot push TLS certificates: <ops.pebble.ConnectionError ("Could not connect to Pebble: socket not found at '/charm/containers/postgresql/pebble.socket' (container restarted?)",)>
unit-postgresql-k8s-aws-0: 02:19:09 ERROR unit.postgresql-k8s-aws/0.juju-log Cannot push TLS certificates: <ops.pebble.ConnectionError ("Could not connect to Pebble: socket not found at '/charm/containers/postgresql/pebble.socket' (container restarted?)",)>
unit-postgresql-k8s-aws-0: 02:19:12 ERROR unit.postgresql-k8s-aws/0.juju-log Cannot push TLS certificates: <ops.pebble.ConnectionError ("Could not connect to Pebble: socket not found at '/charm/containers/postgresql/pebble.socket' (container restarted?)",)>
unit-postgresql-k8s-aws-0: 02:19:14 ERROR unit.postgresql-k8s-aws/0.juju-log Cannot push TLS certificates: <ops.pebble.ConnectionError ("Could not connect to Pebble: socket not found at '/charm/containers/postgresql/pebble.socket' (container restarted?)",)>
unit-postgresql-k8s-aws-0: 02:19:17 ERROR unit.postgresql-k8s-aws/0.juju-log Cannot push TLS certificates: <ops.pebble.ConnectionError ("Could not connect to Pebble: socket not found at '/charm/containers/postgresql/pebble.socket' (container restarted?)",)>
unit-postgresql-k8s-aws-0: 02:19:19 ERROR unit.postgresql-k8s-aws/0.juju-log Cannot push TLS certificates: <ops.pebble.ConnectionError ("Could not connect to Pebble: socket not found at '/charm/containers/postgresql/pebble.socket' (container restarted?)",)>
unit-postgresql-k8s-aws-0: 02:19:22 ERROR unit.postgresql-k8s-aws/0.juju-log Cannot push TLS certificates: <ops.pebble.ConnectionError ("Could not connect to Pebble: socket not found at '/charm/containers/postgresql/pebble.socket' (container restarted?)",)>
unit-postgresql-k8s-aws-1: 02:43:41 ERROR unit.postgresql-k8s-aws/1.juju-log database-peers:3: RetryError[<Future at 0x799e3bee8eb0 state=finished raised ExecError>]
Traceback (most recent call last):
  File "/var/lib/juju/agents/unit-postgresql-k8s-aws-1/charm/src/backups.py", line 493, in check_stanza
    self._execute_command(["pgbackrest", f"--stanza={self.stanza_name}", "check"])
  File "/var/lib/juju/agents/unit-postgresql-k8s-aws-1/charm/lib/charms/tempo_k8s/v1/charm_tracing.py", line 735, in wrapped_function
    return callable(*args, **kwargs)  # type: ignore
  File "/var/lib/juju/agents/unit-postgresql-k8s-aws-1/charm/src/backups.py", line 291, in _execute_command
    return process.wait_output()
  File "/var/lib/juju/agents/unit-postgresql-k8s-aws-1/charm/venv/ops/pebble.py", line 1773, in wait_output
    raise ExecError[AnyStr](self._command, exit_code, out_value, err_value)
ops.pebble.ExecError: non-zero exit code 49 executing ['pgbackrest', '--stanza=test.patroni-postgresql-k8s-aws', 'check'], stdout='', stderr="WARN: unable to check pg2: [HostConnectError] unable to connect to 'postgresql-k8s-aws-0.postgresql-k8s-aws-endpoints:8432 (10.1.53.12)': [111] Connection refused\n          [HostConnectError] on 12 retries from 101-60000ms: unable to connect to 'postgresql-k8s-aws-0.postgresql-k8s-aws-endpoints:8432 (10.1.53.12)': [111] Connection refused\nERROR: [049]: unable to connect to 'postgresql-k8s-aws-0.postgresql-k8s-aws-endpoints:8432 (10.1.53.12)': [111] Connection refused\n           [HostConnectError] on 12 retries from 101-60001ms: unable to connect to 'postgresql-k8s-aws-0.postgresql-k8s-aws-endpoints:8432 (10.1.53.12)': [111] Connection refused\n"

The above exception was the direct cause of the following exception:

Traceback (most recent call last):
  File "/var/lib/juju/agents/unit-postgresql-k8s-aws-1/charm/src/backups.py", line 489, in check_stanza
    for attempt in Retrying(stop=stop_after_attempt(5), wait=wait_fixed(3)):
  File "/var/lib/juju/agents/unit-postgresql-k8s-aws-1/charm/venv/tenacity/__init__.py", line 443, in __iter__
    do = self.iter(retry_state=retry_state)
  File "/var/lib/juju/agents/unit-postgresql-k8s-aws-1/charm/venv/tenacity/__init__.py", line 376, in iter
    result = action(retry_state)
  File "/var/lib/juju/agents/unit-postgresql-k8s-aws-1/charm/venv/tenacity/__init__.py", line 419, in exc_check
    raise retry_exc from fut.exception()
tenacity.RetryError: RetryError[<Future at 0x799e3bee8eb0 state=finished raised ExecError>]
unit-postgresql-k8s-aws-0: 02:52:06 ERROR unit.postgresql-k8s-aws/0.juju-log Kubernetes service get failed: services "postgresql-k8s-aws" not found
unit-postgresql-k8s-aws-0: 02:52:06 ERROR unit.postgresql-k8s-aws/0.juju-log Kubernetes service patch failed: services "postgresql-k8s-aws" not found
unit-postgresql-k8s-aws-0: 02:52:15 ERROR unit.postgresql-k8s-aws/0.juju-log Kubernetes service get failed: services "postgresql-k8s-aws" not found
unit-postgresql-k8s-aws-0: 02:52:15 ERROR unit.postgresql-k8s-aws/0.juju-log Kubernetes service patch failed: services "postgresql-k8s-aws" not found
unit-postgresql-k8s-aws-0: 02:52:24 ERROR unit.postgresql-k8s-aws/0.juju-log Kubernetes service get failed: services "postgresql-k8s-aws" not found
unit-postgresql-k8s-aws-0: 02:52:24 ERROR unit.postgresql-k8s-aws/0.juju-log Kubernetes service patch failed: services "postgresql-k8s-aws" not found
unit-postgresql-k8s-aws-0: 02:52:33 ERROR unit.postgresql-k8s-aws/0.juju-log Kubernetes service get failed: services "postgresql-k8s-aws" not found
unit-postgresql-k8s-aws-0: 02:52:33 ERROR unit.postgresql-k8s-aws/0.juju-log Kubernetes service patch failed: services "postgresql-k8s-aws" not found
unit-postgresql-k8s-aws-0: 02:52:43 ERROR unit.postgresql-k8s-aws/0.juju-log Kubernetes service get failed: services "postgresql-k8s-aws" not found
unit-postgresql-k8s-aws-0: 02:52:43 ERROR unit.postgresql-k8s-aws/0.juju-log Kubernetes service patch failed: services "postgresql-k8s-aws" not found
unit-postgresql-k8s-aws-0: 02:52:52 ERROR unit.postgresql-k8s-aws/0.juju-log Kubernetes service get failed: services "postgresql-k8s-aws" not found
unit-postgresql-k8s-aws-0: 02:52:52 ERROR unit.postgresql-k8s-aws/0.juju-log Kubernetes service patch failed: services "postgresql-k8s-aws" not found
unit-postgresql-k8s-aws-0: 02:53:06 ERROR unit.postgresql-k8s-aws/0.juju-log Failed to get PostgreSQL last archived WAL: connection to server at "postgresql-k8s-aws-primary.test.svc.cluster.local" (10.152.183.142), port 5432 failed: Connection refused
	Is the server running on that host and accepting TCP/IP connections?

unit-postgresql-k8s-aws-0: 02:53:06 ERROR unit.postgresql-k8s-aws/0.juju-log Uncaught exception while in charm code:
Traceback (most recent call last):
  File "/var/lib/juju/agents/unit-postgresql-k8s-aws-0/charm/lib/charms/postgresql_k8s/v0/postgresql.py", line 415, in get_last_archived_wal
    with self._connect_to_database() as connection, connection.cursor() as cursor:
  File "/var/lib/juju/agents/unit-postgresql-k8s-aws-0/charm/lib/charms/tempo_k8s/v1/charm_tracing.py", line 735, in wrapped_function
    return callable(*args, **kwargs)  # type: ignore
  File "/var/lib/juju/agents/unit-postgresql-k8s-aws-0/charm/lib/charms/postgresql_k8s/v0/postgresql.py", line 150, in _connect_to_database
    connection = psycopg2.connect(
  File "/var/lib/juju/agents/unit-postgresql-k8s-aws-0/charm/venv/psycopg2/__init__.py", line 122, in connect
    conn = _connect(dsn, connection_factory=connection_factory, **kwasync)
psycopg2.OperationalError: connection to server at "postgresql-k8s-aws-primary.test.svc.cluster.local" (10.152.183.142), port 5432 failed: Connection refused
	Is the server running on that host and accepting TCP/IP connections?


During handling of the above exception, another exception occurred:

Traceback (most recent call last):
  File "/var/lib/juju/agents/unit-postgresql-k8s-aws-0/charm/./src/charm.py", line 2202, in <module>
    main(PostgresqlOperatorCharm, use_juju_for_storage=True)
  File "/var/lib/juju/agents/unit-postgresql-k8s-aws-0/charm/venv/ops/main.py", line 553, in main
    manager.run()
  File "/var/lib/juju/agents/unit-postgresql-k8s-aws-0/charm/venv/ops/main.py", line 529, in run
    self._emit()
  File "/var/lib/juju/agents/unit-postgresql-k8s-aws-0/charm/venv/ops/main.py", line 518, in _emit
    _emit_charm_event(self.charm, self.dispatcher.event_name, self._juju_context)
  File "/var/lib/juju/agents/unit-postgresql-k8s-aws-0/charm/venv/ops/main.py", line 139, in _emit_charm_event
    event_to_emit.emit(*args, **kwargs)
  File "/var/lib/juju/agents/unit-postgresql-k8s-aws-0/charm/venv/ops/framework.py", line 347, in emit
    framework._emit(event)
  File "/var/lib/juju/agents/unit-postgresql-k8s-aws-0/charm/venv/ops/framework.py", line 853, in _emit
    self._reemit(event_path)
  File "/var/lib/juju/agents/unit-postgresql-k8s-aws-0/charm/venv/ops/framework.py", line 943, in _reemit
    custom_handler(event)
  File "/var/lib/juju/agents/unit-postgresql-k8s-aws-0/charm/lib/charms/tempo_k8s/v1/charm_tracing.py", line 735, in wrapped_function
    return callable(*args, **kwargs)  # type: ignore
  File "/var/lib/juju/agents/unit-postgresql-k8s-aws-0/charm/./src/charm.py", line 1428, in _on_update_status
    ) and not self._was_restore_successful(container, services[0]):
  File "/var/lib/juju/agents/unit-postgresql-k8s-aws-0/charm/lib/charms/tempo_k8s/v1/charm_tracing.py", line 735, in wrapped_function
    return callable(*args, **kwargs)  # type: ignore
  File "/var/lib/juju/agents/unit-postgresql-k8s-aws-0/charm/./src/charm.py", line 1472, in _was_restore_successful
    can_use_s3_repository, validation_message = self.backup.can_use_s3_repository()
  File "/var/lib/juju/agents/unit-postgresql-k8s-aws-0/charm/lib/charms/tempo_k8s/v1/charm_tracing.py", line 735, in wrapped_function
    return callable(*args, **kwargs)  # type: ignore
  File "/var/lib/juju/agents/unit-postgresql-k8s-aws-0/charm/src/backups.py", line 174, in can_use_s3_repository
    return self._is_s3_wal_compatible(stanza)
  File "/var/lib/juju/agents/unit-postgresql-k8s-aws-0/charm/lib/charms/tempo_k8s/v1/charm_tracing.py", line 735, in wrapped_function
    return callable(*args, **kwargs)  # type: ignore
  File "/var/lib/juju/agents/unit-postgresql-k8s-aws-0/charm/src/backups.py", line 180, in _is_s3_wal_compatible
    charm_last_archived_wal = self.charm.postgresql.get_last_archived_wal()
  File "/var/lib/juju/agents/unit-postgresql-k8s-aws-0/charm/lib/charms/tempo_k8s/v1/charm_tracing.py", line 735, in wrapped_function
    return callable(*args, **kwargs)  # type: ignore
  File "/var/lib/juju/agents/unit-postgresql-k8s-aws-0/charm/lib/charms/postgresql_k8s/v0/postgresql.py", line 420, in get_last_archived_wal
    raise PostgreSQLGetLastArchivedWALError()
charms.postgresql_k8s.v0.postgresql.PostgreSQLGetLastArchivedWALError
unit-postgresql-k8s-aws-0: 02:53:06 ERROR juju.worker.uniter.operation hook "update-status" (via hook dispatching script: dispatch) failed: exit status 1
unit-postgresql-k8s-aws-0: 02:53:25 ERROR unit.postgresql-k8s-aws/0.juju-log Kubernetes service get failed: services "postgresql-k8s-aws" not found
unit-postgresql-k8s-aws-0: 02:53:25 ERROR unit.postgresql-k8s-aws/0.juju-log Kubernetes service patch failed: services "postgresql-k8s-aws" not found
unit-postgresql-k8s-aws-0: 02:53:58 ERROR unit.postgresql-k8s-aws/0.juju-log Kubernetes service get failed: services "postgresql-k8s-aws" not found
unit-postgresql-k8s-aws-0: 02:53:58 ERROR unit.postgresql-k8s-aws/0.juju-log Kubernetes service patch failed: services "postgresql-k8s-aws" not found
unit-postgresql-k8s-aws-0: 02:54:08 ERROR unit.postgresql-k8s-aws/0.juju-log Kubernetes service get failed: services "postgresql-k8s-aws" not found
unit-postgresql-k8s-aws-0: 02:54:08 ERROR unit.postgresql-k8s-aws/0.juju-log Kubernetes service patch failed: services "postgresql-k8s-aws" not found
unit-postgresql-k8s-aws-0: 02:54:19 ERROR unit.postgresql-k8s-aws/0.juju-log Kubernetes service get failed: services "postgresql-k8s-aws" not found
unit-postgresql-k8s-aws-0: 02:54:19 ERROR unit.postgresql-k8s-aws/0.juju-log Kubernetes service patch failed: services "postgresql-k8s-aws" not found
unit-postgresql-k8s-aws-0: 02:54:31 ERROR unit.postgresql-k8s-aws/0.juju-log Kubernetes service get failed: services "postgresql-k8s-aws" not found
unit-postgresql-k8s-aws-0: 02:54:31 ERROR unit.postgresql-k8s-aws/0.juju-log Kubernetes service patch failed: services "postgresql-k8s-aws" not found
unit-postgresql-k8s-aws-0: 02:54:43 ERROR unit.postgresql-k8s-aws/0.juju-log Kubernetes service get failed: services "postgresql-k8s-aws" not found
unit-postgresql-k8s-aws-0: 02:54:43 ERROR unit.postgresql-k8s-aws/0.juju-log Kubernetes service patch failed: services "postgresql-k8s-aws" not found
unit-postgresql-k8s-aws-0: 02:54:54 ERROR unit.postgresql-k8s-aws/0.juju-log Kubernetes service get failed: services "postgresql-k8s-aws" not found
unit-postgresql-k8s-aws-0: 02:54:54 ERROR unit.postgresql-k8s-aws/0.juju-log Kubernetes service patch failed: services "postgresql-k8s-aws" not found
unit-postgresql-k8s-aws-0: 02:55:06 ERROR unit.postgresql-k8s-aws/0.juju-log Kubernetes service get failed: services "postgresql-k8s-aws" not found
unit-postgresql-k8s-aws-0: 02:55:06 ERROR unit.postgresql-k8s-aws/0.juju-log Kubernetes service patch failed: services "postgresql-k8s-aws" not found
unit-postgresql-k8s-aws-0: 02:55:15 ERROR unit.postgresql-k8s-aws/0.juju-log Kubernetes service get failed: services "postgresql-k8s-aws" not found
unit-postgresql-k8s-aws-0: 02:55:15 ERROR unit.postgresql-k8s-aws/0.juju-log Kubernetes service patch failed: services "postgresql-k8s-aws" not found
unit-postgresql-k8s-aws-0: 02:55:26 ERROR unit.postgresql-k8s-aws/0.juju-log Kubernetes service get failed: services "postgresql-k8s-aws" not found
unit-postgresql-k8s-aws-0: 02:55:26 ERROR unit.postgresql-k8s-aws/0.juju-log Kubernetes service patch failed: services "postgresql-k8s-aws" not found
unit-postgresql-k8s-aws-0: 02:55:37 ERROR unit.postgresql-k8s-aws/0.juju-log Kubernetes service get failed: services "postgresql-k8s-aws" not found
unit-postgresql-k8s-aws-0: 02:55:37 ERROR unit.postgresql-k8s-aws/0.juju-log Kubernetes service patch failed: services "postgresql-k8s-aws" not found
unit-postgresql-k8s-aws-0: 02:55:45 ERROR unit.postgresql-k8s-aws/0.juju-log Kubernetes service get failed: services "postgresql-k8s-aws" not found
unit-postgresql-k8s-aws-0: 02:55:45 ERROR unit.postgresql-k8s-aws/0.juju-log Kubernetes service patch failed: services "postgresql-k8s-aws" not found
unit-postgresql-k8s-aws-0: 02:55:56 ERROR unit.postgresql-k8s-aws/0.juju-log Kubernetes service get failed: services "postgresql-k8s-aws" not found
unit-postgresql-k8s-aws-0: 02:55:56 ERROR unit.postgresql-k8s-aws/0.juju-log Kubernetes service patch failed: services "postgresql-k8s-aws" not found
unit-postgresql-k8s-aws-0: 02:56:05 ERROR unit.postgresql-k8s-aws/0.juju-log Kubernetes service get failed: services "postgresql-k8s-aws" not found
unit-postgresql-k8s-aws-0: 02:56:05 ERROR unit.postgresql-k8s-aws/0.juju-log Kubernetes service patch failed: services "postgresql-k8s-aws" not found
unit-postgresql-k8s-aws-0: 02:56:31 ERROR unit.postgresql-k8s-aws/0.juju-log Kubernetes service get failed: services "postgresql-k8s-aws" not found
unit-postgresql-k8s-aws-0: 02:56:31 ERROR unit.postgresql-k8s-aws/0.juju-log Kubernetes service patch failed: services "postgresql-k8s-aws" not found

[32mINFO    [0m pytest_operator.plugin:plugin.py:991 Forgetting model main...